[2024-12-03 10:40:11.132] [info] Preparing to run InverseKinematicsTool.
[2024-12-03 10:40:11.157] [info] Loaded model Pose2Sim_scaled from file Model_Pose2Sim_Halpe26_scaled.osim
[2024-12-03 10:40:11.158] [warning] Couldn't find file 'r_pelvis.vtp'.
[2024-12-03 10:40:11.158] [warning] Couldn't find file 'l_pelvis.vtp'.
[2024-12-03 10:40:11.158] [warning] Couldn't find file 'sacrum.vtp'.
[2024-12-03 10:40:11.158] [warning] Couldn't find file 'femur_r.vtp'.
[2024-12-03 10:40:11.158] [warning] Couldn't find file 'r_patella.vtp'.
[2024-12-03 10:40:11.158] [warning] Couldn't find file 'tibia_r.vtp'.
[2024-12-03 10:40:11.158] [warning] Couldn't find file 'fibula_r.vtp'.
[2024-12-03 10:40:11.159] [warning] Couldn't find file 'talus_rv.vtp'.
[2024-12-03 10:40:11.159] [warning] Couldn't find file 'foot.vtp'.
[2024-12-03 10:40:11.159] [warning] Couldn't find file 'bofoot.vtp'.
[2024-12-03 10:40:11.159] [warning] Couldn't find file 'femur_l.vtp'.
[2024-12-03 10:40:11.159] [warning] Couldn't find file 'l_patella.vtp'.
[2024-12-03 10:40:11.159] [warning] Couldn't find file 'tibia_l.vtp'.
[2024-12-03 10:40:11.159] [warning] Couldn't find file 'fibula_l.vtp'.
[2024-12-03 10:40:11.159] [warning] Couldn't find file 'talus_lv.vtp'.
[2024-12-03 10:40:11.160] [warning] Couldn't find file 'l_foot.vtp'.
[2024-12-03 10:40:11.160] [warning] Couldn't find file 'l_bofoot.vtp'.
[2024-12-03 10:40:11.160] [warning] Couldn't find file 'lumbar5.vtp'.
[2024-12-03 10:40:11.160] [warning] Couldn't find file 'lumbar4.vtp'.
[2024-12-03 10:40:11.160] [warning] Couldn't find file 'lumbar3.vtp'.
[2024-12-03 10:40:11.160] [warning] Couldn't find file 'lumbar2.vtp'.
[2024-12-03 10:40:11.160] [warning] Couldn't find file 'lumbar1.vtp'.
[2024-12-03 10:40:11.160] [warning] Couldn't find file 'cerv1sm.vtp'.
[2024-12-03 10:40:11.160] [warning] Couldn't find file 'cerv2sm.vtp'.
[2024-12-03 10:40:11.161] [warning] Couldn't find file 'cerv3sm.vtp'.
[2024-12-03 10:40:11.161] [warning] Couldn't find file 'cerv4sm.vtp'.
[2024-12-03 10:40:11.161] [warning] Couldn't find file 'cerv5sm.vtp'.
[2024-12-03 10:40:11.161] [warning] Couldn't find file 'cerv6sm.vtp'.
[2024-12-03 10:40:11.161] [warning] Couldn't find file 'cerv7.vtp'.
[2024-12-03 10:40:11.161] [warning] Couldn't find file 'thoracic12_s.vtp'.
[2024-12-03 10:40:11.161] [warning] Couldn't find file 'thoracic11_s.vtp'.
[2024-12-03 10:40:11.161] [warning] Couldn't find file 'thoracic10_s.vtp'.
[2024-12-03 10:40:11.162] [warning] Couldn't find file 'thoracic9_s.vtp'.
[2024-12-03 10:40:11.162] [warning] Couldn't find file 'thoracic8_s.vtp'.
[2024-12-03 10:40:11.162] [warning] Couldn't find file 'thoracic7_s.vtp'.
[2024-12-03 10:40:11.162] [warning] Couldn't find file 'thoracic6_s.vtp'.
[2024-12-03 10:40:11.162] [warning] Couldn't find file 'thoracic5_s.vtp'.
[2024-12-03 10:40:11.162] [warning] Couldn't find file 'thoracic4_s.vtp'.
[2024-12-03 10:40:11.162] [warning] Couldn't find file 'thoracic3_s.vtp'.
[2024-12-03 10:40:11.162] [warning] Couldn't find file 'thoracic2_s.vtp'.
[2024-12-03 10:40:11.162] [warning] Couldn't find file 'thoracic1_s.vtp'.
[2024-12-03 10:40:11.163] [warning] Couldn't find file 'hat_ribs_scap.vtp'.
[2024-12-03 10:40:11.163] [warning] Couldn't find file 'hat_jaw.vtp'.
[2024-12-03 10:40:11.163] [warning] Couldn't find file 'hat_skull.vtp'.
[2024-12-03 10:40:11.163] [warning] Couldn't find file 'humerus_rv.vtp'.
[2024-12-03 10:40:11.163] [warning] Couldn't find file 'ulna_rv.vtp'.
[2024-12-03 10:40:11.163] [warning] Couldn't find file 'radius_rv.vtp'.
[2024-12-03 10:40:11.163] [warning] Couldn't find file 'pisiform_rvs.vtp'.
[2024-12-03 10:40:11.163] [warning] Couldn't find file 'lunate_rvs.vtp'.
[2024-12-03 10:40:11.164] [warning] Couldn't find file 'scaphoid_rvs.vtp'.
[2024-12-03 10:40:11.164] [warning] Couldn't find file 'triquetrum_rvs.vtp'.
[2024-12-03 10:40:11.164] [warning] Couldn't find file 'hamate_rvs.vtp'.
[2024-12-03 10:40:11.164] [warning] Couldn't find file 'capitate_rvs.vtp'.
[2024-12-03 10:40:11.164] [warning] Couldn't find file 'trapezoid_rvs.vtp'.
[2024-12-03 10:40:11.164] [warning] Couldn't find file 'trapezium_rvs.vtp'.
[2024-12-03 10:40:11.164] [warning] Couldn't find file 'metacarpal2_rvs.vtp'.
[2024-12-03 10:40:11.164] [warning] Couldn't find file 'index_proximal_rvs.vtp'.
[2024-12-03 10:40:11.164] [warning] Couldn't find file 'index_medial_rvs.vtp'.
[2024-12-03 10:40:11.165] [warning] Couldn't find file 'index_distal_rvs.vtp'.
[2024-12-03 10:40:11.165] [warning] Couldn't find file 'metacarpal3_rvs.vtp'.
[2024-12-03 10:40:11.165] [warning] Couldn't find file 'middle_proximal_rvs.vtp'.
[2024-12-03 10:40:11.165] [warning] Couldn't find file 'middle_medial_rvs.vtp'.
[2024-12-03 10:40:11.165] [warning] Couldn't find file 'middle_distal_rvs.vtp'.
[2024-12-03 10:40:11.165] [warning] Couldn't find file 'metacarpal4_rvs.vtp'.
[2024-12-03 10:40:11.165] [warning] Couldn't find file 'ring_proximal_rvs.vtp'.
[2024-12-03 10:40:11.165] [warning] Couldn't find file 'ring_medial_rvs.vtp'.
[2024-12-03 10:40:11.165] [warning] Couldn't find file 'ring_distal_rvs.vtp'.
[2024-12-03 10:40:11.166] [warning] Couldn't find file 'metacarpal5_rvs.vtp'.
[2024-12-03 10:40:11.166] [warning] Couldn't find file 'little_proximal_rvs.vtp'.
[2024-12-03 10:40:11.166] [warning] Couldn't find file 'little_medial_rvs.vtp'.
[2024-12-03 10:40:11.166] [warning] Couldn't find file 'little_distal_rvs.vtp'.
[2024-12-03 10:40:11.166] [warning] Couldn't find file 'metacarpal1_rvs.vtp'.
[2024-12-03 10:40:11.166] [warning] Couldn't find file 'thumb_proximal_rvs.vtp'.
[2024-12-03 10:40:11.166] [warning] Couldn't find file 'thumb_distal_rvs.vtp'.
[2024-12-03 10:40:11.166] [warning] Couldn't find file 'humerus_lv.vtp'.
[2024-12-03 10:40:11.166] [warning] Couldn't find file 'ulna_lv.vtp'.
[2024-12-03 10:40:11.167] [warning] Couldn't find file 'radius_lv.vtp'.
[2024-12-03 10:40:11.167] [warning] Couldn't find file 'pisiform_lvs.vtp'.
[2024-12-03 10:40:11.167] [warning] Couldn't find file 'lunate_lvs.vtp'.
[2024-12-03 10:40:11.167] [warning] Couldn't find file 'scaphoid_lvs.vtp'.
[2024-12-03 10:40:11.167] [warning] Couldn't find file 'triquetrum_lvs.vtp'.
[2024-12-03 10:40:11.167] [warning] Couldn't find file 'hamate_lvs.vtp'.
[2024-12-03 10:40:11.167] [warning] Couldn't find file 'capitate_lvs.vtp'.
[2024-12-03 10:40:11.167] [warning] Couldn't find file 'trapezoid_lvs.vtp'.
[2024-12-03 10:40:11.167] [warning] Couldn't find file 'trapezium_lvs.vtp'.
[2024-12-03 10:40:11.168] [warning] Couldn't find file 'metacarpal2_lvs.vtp'.
[2024-12-03 10:40:11.168] [warning] Couldn't find file 'index_proximal_lvs.vtp'.
[2024-12-03 10:40:11.168] [warning] Couldn't find file 'index_medial_lvs.vtp'.
[2024-12-03 10:40:11.168] [warning] Couldn't find file 'index_distal_lvs.vtp'.
[2024-12-03 10:40:11.168] [warning] Couldn't find file 'metacarpal3_lvs.vtp'.
[2024-12-03 10:40:11.168] [warning] Couldn't find file 'middle_proximal_lvs.vtp'.
[2024-12-03 10:40:11.168] [warning] Couldn't find file 'middle_medial_lvs.vtp'.
[2024-12-03 10:40:11.168] [warning] Couldn't find file 'middle_distal_lvs.vtp'.
[2024-12-03 10:40:11.168] [warning] Couldn't find file 'metacarpal4_lvs.vtp'.
[2024-12-03 10:40:11.169] [warning] Couldn't find file 'ring_proximal_lvs.vtp'.
[2024-12-03 10:40:11.169] [warning] Couldn't find file 'ring_medial_lvs.vtp'.
[2024-12-03 10:40:11.169] [warning] Couldn't find file 'ring_distal_lvs.vtp'.
[2024-12-03 10:40:11.169] [warning] Couldn't find file 'metacarpal5_lvs.vtp'.
[2024-12-03 10:40:11.169] [warning] Couldn't find file 'little_proximal_lvs.vtp'.
[2024-12-03 10:40:11.169] [warning] Couldn't find file 'little_medial_lvs.vtp'.
[2024-12-03 10:40:11.169] [warning] Couldn't find file 'little_distal_lvs.vtp'.
[2024-12-03 10:40:11.169] [warning] Couldn't find file 'metacarpal1_lvs.vtp'.
[2024-12-03 10:40:11.169] [warning] Couldn't find file 'thumb_proximal_lvs.vtp'.
[2024-12-03 10:40:11.170] [warning] Couldn't find file 'thumb_distal_lvs.vtp'.
[2024-12-03 10:40:11.171] [cout] [info] 
               MODEL: Pose2Sim_scaled
         coordinates: 62
              forces: 0
           actuators: 0
             muscles: 0
            analyses: 0
              probes: 0
              bodies: 30
              joints: 30
         constraints: 20
             markers: 22
         controllers: 0
  contact geometries: 0
misc modelcomponents: 0
[2024-12-03 10:40:11.173] [info] Running tool .
[2024-12-03 10:40:11.386] [info] Frame 0 (t = 0.0333333):	 total squared error = 0.0151103, marker error: RMS = 0.0282007, max = 0.0558584 (Neck)
[2024-12-03 10:40:11.423] [info] Frame 1 (t = 0.0666667):	 total squared error = 0.0125043, marker error: RMS = 0.0256538, max = 0.0364831 (RShoulder)
[2024-12-03 10:40:11.474] [info] Frame 2 (t = 0.1):	 total squared error = 0.0115181, marker error: RMS = 0.0246214, max = 0.0402857 (RAnkle)
[2024-12-03 10:40:11.508] [info] Frame 3 (t = 0.133333):	 total squared error = 0.0114403, marker error: RMS = 0.0245381, max = 0.0450769 (RAnkle)
[2024-12-03 10:40:11.541] [info] Frame 4 (t = 0.166667):	 total squared error = 0.0116713, marker error: RMS = 0.0247847, max = 0.0480549 (RAnkle)
[2024-12-03 10:40:11.576] [info] Frame 5 (t = 0.2):	 total squared error = 0.0120135, marker error: RMS = 0.0251453, max = 0.0496951 (RAnkle)
[2024-12-03 10:40:11.636] [info] Frame 6 (t = 0.233333):	 total squared error = 0.0124662, marker error: RMS = 0.0256147, max = 0.0499115 (RAnkle)
[2024-12-03 10:40:11.701] [info] Frame 7 (t = 0.266667):	 total squared error = 0.0129948, marker error: RMS = 0.0261522, max = 0.0527279 (RShoulder)
[2024-12-03 10:40:11.756] [info] Frame 8 (t = 0.3):	 total squared error = 0.0133697, marker error: RMS = 0.0265267, max = 0.0571749 (RShoulder)
[2024-12-03 10:40:11.816] [info] Frame 9 (t = 0.333333):	 total squared error = 0.0133385, marker error: RMS = 0.0264957, max = 0.0603454 (RShoulder)
[2024-12-03 10:40:11.843] [info] Frame 10 (t = 0.366667):	 total squared error = 0.0129071, marker error: RMS = 0.0260638, max = 0.0620563 (RShoulder)
[2024-12-03 10:40:11.889] [info] Frame 11 (t = 0.4):	 total squared error = 0.0123517, marker error: RMS = 0.0254969, max = 0.0624445 (RShoulder)
[2024-12-03 10:40:11.972] [info] Frame 12 (t = 0.433333):	 total squared error = 0.0119593, marker error: RMS = 0.0250885, max = 0.0615399 (RShoulder)
[2024-12-03 10:40:12.060] [info] Frame 13 (t = 0.466667):	 total squared error = 0.0116469, marker error: RMS = 0.0247587, max = 0.0594415 (RShoulder)
[2024-12-03 10:40:12.170] [info] Frame 14 (t = 0.5):	 total squared error = 0.0110554, marker error: RMS = 0.0241219, max = 0.0564535 (RShoulder)
[2024-12-03 10:40:12.225] [info] Frame 15 (t = 0.533333):	 total squared error = 0.0101413, marker error: RMS = 0.0231031, max = 0.0519175 (RShoulder)
[2024-12-03 10:40:12.336] [info] Frame 16 (t = 0.566667):	 total squared error = 0.00923411, marker error: RMS = 0.0220455, max = 0.0476057 (RShoulder)
[2024-12-03 10:40:12.469] [info] Frame 17 (t = 0.6):	 total squared error = 0.00875274, marker error: RMS = 0.0214632, max = 0.0433528 (RShoulder)
[2024-12-03 10:40:12.530] [info] Frame 18 (t = 0.633333):	 total squared error = 0.00864691, marker error: RMS = 0.0213331, max = 0.0396178 (RShoulder)
[2024-12-03 10:40:12.604] [info] Frame 19 (t = 0.666667):	 total squared error = 0.00863691, marker error: RMS = 0.0213207, max = 0.036351 (RShoulder)
[2024-12-03 10:40:12.680] [info] Frame 20 (t = 0.7):	 total squared error = 0.00842719, marker error: RMS = 0.0210603, max = 0.0337179 (RShoulder)
[2024-12-03 10:40:12.769] [info] Frame 21 (t = 0.733333):	 total squared error = 0.00787844, marker error: RMS = 0.0203631, max = 0.0340900 (Neck)
[2024-12-03 10:40:12.849] [info] Frame 22 (t = 0.766667):	 total squared error = 0.00711216, marker error: RMS = 0.0193475, max = 0.0349574 (Neck)
[2024-12-03 10:40:12.897] [info] Frame 23 (t = 0.8):	 total squared error = 0.00639344, marker error: RMS = 0.0183439, max = 0.0350316 (Neck)
[2024-12-03 10:40:13.001] [info] Frame 24 (t = 0.833333):	 total squared error = 0.00584528, marker error: RMS = 0.0175399, max = 0.0361094 (Neck)
[2024-12-03 10:40:13.070] [info] Frame 25 (t = 0.866667):	 total squared error = 0.00550271, marker error: RMS = 0.0170181, max = 0.0366689 (Neck)
[2024-12-03 10:40:13.156] [info] Frame 26 (t = 0.9):	 total squared error = 0.00544409, marker error: RMS = 0.0169272, max = 0.037217 (Neck)
[2024-12-03 10:40:13.204] [info] Frame 27 (t = 0.933333):	 total squared error = 0.00572203, marker error: RMS = 0.017354, max = 0.0374601 (Neck)
[2024-12-03 10:40:13.275] [info] Frame 28 (t = 0.966667):	 total squared error = 0.00620382, marker error: RMS = 0.0180698, max = 0.0370324 (Neck)
[2024-12-03 10:40:13.324] [info] Frame 29 (t = 1.0):	 total squared error = 0.00657522, marker error: RMS = 0.0186028, max = 0.0361576 (Neck)
[2024-12-03 10:40:13.379] [info] Frame 30 (t = 1.03333):	 total squared error = 0.00656843, marker error: RMS = 0.0185932, max = 0.0348357 (Neck)
[2024-12-03 10:40:13.463] [info] Frame 31 (t = 1.06667):	 total squared error = 0.00625548, marker error: RMS = 0.0181449, max = 0.0331305 (Neck)
[2024-12-03 10:40:13.698] [info] Frame 32 (t = 1.1):	 total squared error = 0.00596989, marker error: RMS = 0.0177258, max = 0.0316269 (Neck)
[2024-12-03 10:40:13.783] [info] Frame 33 (t = 1.13333):	 total squared error = 0.00598860, marker error: RMS = 0.0177536, max = 0.0300117 (Neck)
[2024-12-03 10:40:13.865] [info] Frame 34 (t = 1.16667):	 total squared error = 0.00642745, marker error: RMS = 0.0183926, max = 0.0291444 (Neck)
[2024-12-03 10:40:13.914] [info] Frame 35 (t = 1.2):	 total squared error = 0.00708751, marker error: RMS = 0.0193139, max = 0.032363 (LKnee)
[2024-12-03 10:40:14.016] [info] Frame 36 (t = 1.23333):	 total squared error = 0.00757467, marker error: RMS = 0.0199666, max = 0.0344518 (LKnee)
[2024-12-03 10:40:14.078] [info] Frame 37 (t = 1.26667):	 total squared error = 0.00772888, marker error: RMS = 0.0201689, max = 0.0359615 (LKnee)
[2024-12-03 10:40:14.163] [info] Frame 38 (t = 1.3):	 total squared error = 0.00781238, marker error: RMS = 0.0202775, max = 0.0382563 (LKnee)
[2024-12-03 10:40:14.253] [info] Frame 39 (t = 1.33333):	 total squared error = 0.00811237, marker error: RMS = 0.0206632, max = 0.0414074 (LKnee)
[2024-12-03 10:40:14.411] [info] Frame 40 (t = 1.36667):	 total squared error = 0.00840158, marker error: RMS = 0.0210283, max = 0.0438279 (LKnee)
[2024-12-03 10:40:14.490] [info] Frame 41 (t = 1.4):	 total squared error = 0.00836096, marker error: RMS = 0.0209774, max = 0.0439896 (LKnee)
[2024-12-03 10:40:14.582] [info] Frame 42 (t = 1.43333):	 total squared error = 0.00793956, marker error: RMS = 0.0204419, max = 0.0415334 (LKnee)
[2024-12-03 10:40:14.665] [info] Frame 43 (t = 1.46667):	 total squared error = 0.00720219, marker error: RMS = 0.0194695, max = 0.0365090 (LKnee)
[2024-12-03 10:40:14.743] [info] Frame 44 (t = 1.5):	 total squared error = 0.00632386, marker error: RMS = 0.0182438, max = 0.0342772 (Neck)
[2024-12-03 10:40:14.792] [info] Frame 45 (t = 1.53333):	 total squared error = 0.00574142, marker error: RMS = 0.0173833, max = 0.0347418 (Neck)
[2024-12-03 10:40:14.872] [info] Frame 46 (t = 1.56667):	 total squared error = 0.00572214, marker error: RMS = 0.0173541, max = 0.0347766 (Neck)
[2024-12-03 10:40:14.937] [info] Frame 47 (t = 1.6):	 total squared error = 0.00612722, marker error: RMS = 0.0179579, max = 0.0351659 (Neck)
[2024-12-03 10:40:15.036] [info] Frame 48 (t = 1.63333):	 total squared error = 0.00656683, marker error: RMS = 0.0185909, max = 0.035844 (Neck)
[2024-12-03 10:40:15.104] [info] Frame 49 (t = 1.66667):	 total squared error = 0.00687122, marker error: RMS = 0.0190169, max = 0.0365466 (Neck)
[2024-12-03 10:40:15.162] [info] Frame 50 (t = 1.7):	 total squared error = 0.00705732, marker error: RMS = 0.0192727, max = 0.0368191 (Neck)
[2024-12-03 10:40:15.231] [info] Frame 51 (t = 1.73333):	 total squared error = 0.00728228, marker error: RMS = 0.0195775, max = 0.0364666 (Neck)
[2024-12-03 10:40:15.280] [info] Frame 52 (t = 1.76667):	 total squared error = 0.00767497, marker error: RMS = 0.0200984, max = 0.0356961 (Neck)
[2024-12-03 10:40:15.332] [info] Frame 53 (t = 1.8):	 total squared error = 0.00806683, marker error: RMS = 0.0206051, max = 0.0359947 (RShoulder)
[2024-12-03 10:40:15.381] [info] Frame 54 (t = 1.83333):	 total squared error = 0.00820830, marker error: RMS = 0.0207850, max = 0.0358156 (RHeel)
[2024-12-03 10:40:15.452] [info] Frame 55 (t = 1.86667):	 total squared error = 0.00804490, marker error: RMS = 0.0205771, max = 0.035127 (RShoulder)
[2024-12-03 10:40:15.504] [info] Frame 56 (t = 1.9):	 total squared error = 0.00773826, marker error: RMS = 0.0201811, max = 0.0349297 (RKnee)
[2024-12-03 10:40:15.549] [info] Frame 57 (t = 1.93333):	 total squared error = 0.00756270, marker error: RMS = 0.0199509, max = 0.0392673 (RKnee)
[2024-12-03 10:40:15.594] [info] Frame 58 (t = 1.96667):	 total squared error = 0.00742851, marker error: RMS = 0.0197731, max = 0.0425354 (RKnee)
[2024-12-03 10:40:15.740] [info] Frame 59 (t = 2.0):	 total squared error = 0.00690172, marker error: RMS = 0.0190591, max = 0.0433972 (RKnee)
[2024-12-03 10:40:15.781] [info] Frame 60 (t = 2.03333):	 total squared error = 0.00612069, marker error: RMS = 0.0179483, max = 0.0406719 (RKnee)
[2024-12-03 10:40:15.905] [info] Frame 61 (t = 2.06667):	 total squared error = 0.00524182, marker error: RMS = 0.0166098, max = 0.0363083 (Neck)
[2024-12-03 10:40:15.973] [info] Frame 62 (t = 2.1):	 total squared error = 0.00454998, marker error: RMS = 0.0154749, max = 0.0376019 (Neck)
[2024-12-03 10:40:16.160] [info] Frame 63 (t = 2.13333):	 total squared error = 0.00407078, marker error: RMS = 0.0146373, max = 0.0382117 (Neck)
[2024-12-03 10:40:16.231] [info] Frame 64 (t = 2.16667):	 total squared error = 0.00402321, marker error: RMS = 0.0145516, max = 0.0387258 (Neck)
[2024-12-03 10:40:16.304] [info] Frame 65 (t = 2.2):	 total squared error = 0.00442041, marker error: RMS = 0.015253, max = 0.0389933 (Neck)
[2024-12-03 10:40:16.374] [info] Frame 66 (t = 2.23333):	 total squared error = 0.00533006, marker error: RMS = 0.016749, max = 0.0394765 (Neck)
[2024-12-03 10:40:16.439] [info] Frame 67 (t = 2.26667):	 total squared error = 0.00654127, marker error: RMS = 0.0185547, max = 0.0401138 (Neck)
[2024-12-03 10:40:16.539] [info] Frame 68 (t = 2.3):	 total squared error = 0.00739724, marker error: RMS = 0.0197314, max = 0.0404998 (Neck)
[2024-12-03 10:40:16.584] [info] Frame 69 (t = 2.33333):	 total squared error = 0.00747725, marker error: RMS = 0.0198378, max = 0.0403420 (Neck)
[2024-12-03 10:40:16.620] [info] Frame 70 (t = 2.36667):	 total squared error = 0.00698819, marker error: RMS = 0.0191781, max = 0.0393816 (Neck)
[2024-12-03 10:40:16.672] [info] Frame 71 (t = 2.4):	 total squared error = 0.00643486, marker error: RMS = 0.0184032, max = 0.0379864 (Neck)
[2024-12-03 10:40:16.732] [info] Frame 72 (t = 2.43333):	 total squared error = 0.00600297, marker error: RMS = 0.0177749, max = 0.0362555 (Neck)
[2024-12-03 10:40:16.793] [info] Frame 73 (t = 2.46667):	 total squared error = 0.00551467, marker error: RMS = 0.0170366, max = 0.0346865 (Neck)
[2024-12-03 10:40:16.834] [info] Frame 74 (t = 2.5):	 total squared error = 0.00496811, marker error: RMS = 0.0161703, max = 0.0333478 (Neck)
[2024-12-03 10:40:16.912] [info] Frame 75 (t = 2.53333):	 total squared error = 0.00460826, marker error: RMS = 0.0155737, max = 0.0328179 (RShoulder)
[2024-12-03 10:40:16.971] [info] Frame 76 (t = 2.56667):	 total squared error = 0.00452987, marker error: RMS = 0.0154407, max = 0.034278 (RShoulder)
[2024-12-03 10:40:17.028] [info] Frame 77 (t = 2.6):	 total squared error = 0.00460887, marker error: RMS = 0.0155747, max = 0.0357782 (RShoulder)
[2024-12-03 10:40:17.093] [info] Frame 78 (t = 2.63333):	 total squared error = 0.00481076, marker error: RMS = 0.0159122, max = 0.0370150 (RShoulder)
[2024-12-03 10:40:17.163] [info] Frame 79 (t = 2.66667):	 total squared error = 0.00514364, marker error: RMS = 0.0164535, max = 0.0378271 (RShoulder)
[2024-12-03 10:40:17.213] [info] Frame 80 (t = 2.7):	 total squared error = 0.00563783, marker error: RMS = 0.0172258, max = 0.0388446 (RShoulder)
[2024-12-03 10:40:17.314] [info] Frame 81 (t = 2.73333):	 total squared error = 0.00621467, marker error: RMS = 0.0180856, max = 0.0392642 (RShoulder)
[2024-12-03 10:40:17.356] [info] Frame 82 (t = 2.76667):	 total squared error = 0.00685315, marker error: RMS = 0.0189919, max = 0.0404554 (RShoulder)
[2024-12-03 10:40:17.511] [info] Frame 83 (t = 2.8):	 total squared error = 0.00740706, marker error: RMS = 0.0197445, max = 0.0406210 (RShoulder)
[2024-12-03 10:40:17.564] [info] Frame 84 (t = 2.83333):	 total squared error = 0.00803864, marker error: RMS = 0.0205691, max = 0.0412725 (RShoulder)
[2024-12-03 10:40:17.655] [info] Frame 85 (t = 2.86667):	 total squared error = 0.00864333, marker error: RMS = 0.0213287, max = 0.0415172 (RShoulder)
[2024-12-03 10:40:17.748] [info] Frame 86 (t = 2.9):	 total squared error = 0.00890334, marker error: RMS = 0.0216471, max = 0.0426564 (RShoulder)
[2024-12-03 10:40:17.787] [info] Frame 87 (t = 2.93333):	 total squared error = 0.00864964, marker error: RMS = 0.0213365, max = 0.0443563 (RShoulder)
[2024-12-03 10:40:17.861] [info] Frame 88 (t = 2.96667):	 total squared error = 0.00822439, marker error: RMS = 0.0208053, max = 0.0456352 (RShoulder)
[2024-12-03 10:40:17.908] [info] Frame 89 (t = 3.0):	 total squared error = 0.00797749, marker error: RMS = 0.0204907, max = 0.0479273 (LShoulder)
[2024-12-03 10:40:17.949] [info] Frame 90 (t = 3.03333):	 total squared error = 0.00769950, marker error: RMS = 0.0201305, max = 0.0493225 (LShoulder)
[2024-12-03 10:40:18.050] [info] Frame 91 (t = 3.06667):	 total squared error = 0.00738476, marker error: RMS = 0.0197148, max = 0.0492339 (LShoulder)
[2024-12-03 10:40:18.187] [info] Frame 92 (t = 3.1):	 total squared error = 0.00786304, marker error: RMS = 0.0203432, max = 0.0486746 (LShoulder)
[2024-12-03 10:40:18.261] [info] Frame 93 (t = 3.13333):	 total squared error = 0.00903371, marker error: RMS = 0.0218050, max = 0.0479345 (LShoulder)
[2024-12-03 10:40:18.308] [info] Frame 94 (t = 3.16667):	 total squared error = 0.00988435, marker error: RMS = 0.0228085, max = 0.0476521 (LShoulder)
[2024-12-03 10:40:18.467] [info] Frame 95 (t = 3.2):	 total squared error = 0.00981625, marker error: RMS = 0.0227298, max = 0.0467734 (LShoulder)
[2024-12-03 10:40:18.530] [info] Frame 96 (t = 3.23333):	 total squared error = 0.00919842, marker error: RMS = 0.0220029, max = 0.0464971 (LShoulder)
[2024-12-03 10:40:18.615] [info] Frame 97 (t = 3.26667):	 total squared error = 0.00863667, marker error: RMS = 0.0213205, max = 0.0463653 (LShoulder)
[2024-12-03 10:40:18.665] [info] Frame 98 (t = 3.3):	 total squared error = 0.00844719, marker error: RMS = 0.0210853, max = 0.0464717 (LShoulder)
[2024-12-03 10:40:18.754] [info] Frame 99 (t = 3.33333):	 total squared error = 0.00870265, marker error: RMS = 0.0214017, max = 0.04662 (LShoulder)
[2024-12-03 10:40:18.813] [info] Frame 100 (t = 3.36667):	 total squared error = 0.00923879, marker error: RMS = 0.0220511, max = 0.0468249 (LShoulder)
[2024-12-03 10:40:18.913] [info] Frame 101 (t = 3.4):	 total squared error = 0.00984666, marker error: RMS = 0.022765, max = 0.0464325 (LShoulder)
[2024-12-03 10:40:19.086] [info] Frame 102 (t = 3.43333):	 total squared error = 0.0105596, marker error: RMS = 0.0235748, max = 0.0459878 (RShoulder)
[2024-12-03 10:40:19.146] [info] Frame 103 (t = 3.46667):	 total squared error = 0.0113127, marker error: RMS = 0.0244010, max = 0.0474463 (RShoulder)
[2024-12-03 10:40:19.250] [info] Frame 104 (t = 3.5):	 total squared error = 0.0115234, marker error: RMS = 0.0246271, max = 0.0484010 (RShoulder)
[2024-12-03 10:40:19.305] [info] Frame 105 (t = 3.53333):	 total squared error = 0.0112338, marker error: RMS = 0.0243157, max = 0.0489119 (RShoulder)
[2024-12-03 10:40:19.369] [info] Frame 106 (t = 3.56667):	 total squared error = 0.0109184, marker error: RMS = 0.0239719, max = 0.0495594 (RShoulder)
[2024-12-03 10:40:19.439] [info] Frame 107 (t = 3.6):	 total squared error = 0.0108277, marker error: RMS = 0.0238722, max = 0.0505821 (RShoulder)
[2024-12-03 10:40:19.556] [info] Frame 108 (t = 3.63333):	 total squared error = 0.0108154, marker error: RMS = 0.0238586, max = 0.0534383 (Neck)
[2024-12-03 10:40:19.614] [info] Frame 109 (t = 3.66667):	 total squared error = 0.0110179, marker error: RMS = 0.0240809, max = 0.0558459 (Neck)
[2024-12-03 10:40:19.775] [info] Frame 110 (t = 3.7):	 total squared error = 0.0114569, marker error: RMS = 0.024556, max = 0.0572457 (Neck)
[2024-12-03 10:40:19.880] [info] Frame 111 (t = 3.73333):	 total squared error = 0.0116061, marker error: RMS = 0.0247153, max = 0.0575452 (Neck)
[2024-12-03 10:40:19.947] [info] Frame 112 (t = 3.76667):	 total squared error = 0.0110994, marker error: RMS = 0.0241698, max = 0.0565904 (Neck)
[2024-12-03 10:40:20.179] [info] Frame 113 (t = 3.8):	 total squared error = 0.0105594, marker error: RMS = 0.0235745, max = 0.0554541 (RShoulder)
[2024-12-03 10:40:20.257] [info] Frame 114 (t = 3.83333):	 total squared error = 0.0106465, marker error: RMS = 0.0236716, max = 0.0542759 (RShoulder)
[2024-12-03 10:40:20.521] [info] Frame 115 (t = 3.86667):	 total squared error = 0.0108193, marker error: RMS = 0.0238628, max = 0.052184 (RShoulder)
[2024-12-03 10:40:20.613] [info] Frame 116 (t = 3.9):	 total squared error = 0.0104358, marker error: RMS = 0.0234362, max = 0.0493261 (RShoulder)
[2024-12-03 10:40:20.766] [info] Frame 117 (t = 3.93333):	 total squared error = 0.00960689, marker error: RMS = 0.0224861, max = 0.0466038 (RShoulder)
[2024-12-03 10:40:20.896] [info] Frame 118 (t = 3.96667):	 total squared error = 0.00873118, marker error: RMS = 0.0214368, max = 0.0443023 (RShoulder)
[2024-12-03 10:40:21.044] [info] Frame 119 (t = 4.0):	 total squared error = 0.00823525, marker error: RMS = 0.0208191, max = 0.0431307 (Neck)
[2024-12-03 10:40:21.175] [info] Frame 120 (t = 4.03333):	 total squared error = 0.00843025, marker error: RMS = 0.0210641, max = 0.044112 (Neck)
[2024-12-03 10:40:21.267] [info] Frame 121 (t = 4.06667):	 total squared error = 0.00897945, marker error: RMS = 0.0217394, max = 0.0445877 (Neck)
[2024-12-03 10:40:21.360] [info] Frame 122 (t = 4.1):	 total squared error = 0.00934235, marker error: RMS = 0.0221744, max = 0.0444484 (RShoulder)
[2024-12-03 10:40:21.458] [info] Frame 123 (t = 4.13333):	 total squared error = 0.00959307, marker error: RMS = 0.0224699, max = 0.0472363 (RShoulder)
[2024-12-03 10:40:21.581] [info] Frame 124 (t = 4.16667):	 total squared error = 0.00993225, marker error: RMS = 0.0228637, max = 0.0503419 (RShoulder)
[2024-12-03 10:40:21.695] [info] Frame 125 (t = 4.2):	 total squared error = 0.0103918, marker error: RMS = 0.0233867, max = 0.0532153 (RShoulder)
[2024-12-03 10:40:21.827] [info] Frame 126 (t = 4.23333):	 total squared error = 0.0111434, marker error: RMS = 0.0242176, max = 0.0551438 (RShoulder)
[2024-12-03 10:40:21.911] [info] Frame 127 (t = 4.26667):	 total squared error = 0.0120006, marker error: RMS = 0.0251318, max = 0.0555029 (RShoulder)
[2024-12-03 10:40:21.994] [info] Frame 128 (t = 4.3):	 total squared error = 0.0123061, marker error: RMS = 0.0254497, max = 0.0554598 (LShoulder)
[2024-12-03 10:40:22.199] [info] Frame 129 (t = 4.33333):	 total squared error = 0.0118693, marker error: RMS = 0.024994, max = 0.0549446 (LShoulder)
[2024-12-03 10:40:22.274] [info] Frame 130 (t = 4.36667):	 total squared error = 0.0112625, marker error: RMS = 0.0243467, max = 0.0538177 (LShoulder)
[2024-12-03 10:40:22.390] [info] Frame 131 (t = 4.4):	 total squared error = 0.0110927, marker error: RMS = 0.0241625, max = 0.0529315 (LShoulder)
[2024-12-03 10:40:22.487] [info] Frame 132 (t = 4.43333):	 total squared error = 0.011219, marker error: RMS = 0.0242997, max = 0.0521186 (LShoulder)
[2024-12-03 10:40:22.591] [info] Frame 133 (t = 4.46667):	 total squared error = 0.0111761, marker error: RMS = 0.0242532, max = 0.0521383 (LShoulder)
[2024-12-03 10:40:22.906] [info] Frame 134 (t = 4.5):	 total squared error = 0.0111697, marker error: RMS = 0.0242462, max = 0.0524628 (LShoulder)
[2024-12-03 10:40:23.078] [info] Frame 135 (t = 4.53333):	 total squared error = 0.0116048, marker error: RMS = 0.0247139, max = 0.0533789 (LShoulder)
[2024-12-03 10:40:23.199] [info] Frame 136 (t = 4.56667):	 total squared error = 0.012562, marker error: RMS = 0.025713, max = 0.0541985 (LShoulder)
[2024-12-03 10:40:23.449] [info] Frame 137 (t = 4.6):	 total squared error = 0.0138452, marker error: RMS = 0.0269943, max = 0.0545315 (LShoulder)
[2024-12-03 10:40:23.546] [info] Frame 138 (t = 4.63333):	 total squared error = 0.0149074, marker error: RMS = 0.0280107, max = 0.054971 (LShoulder)
[2024-12-03 10:40:23.611] [info] Frame 139 (t = 4.66667):	 total squared error = 0.0151118, marker error: RMS = 0.0282021, max = 0.0549453 (LShoulder)
[2024-12-03 10:40:23.679] [info] Frame 140 (t = 4.7):	 total squared error = 0.0143113, marker error: RMS = 0.027445, max = 0.0550682 (RShoulder)
[2024-12-03 10:40:23.835] [info] Frame 141 (t = 4.73333):	 total squared error = 0.0131402, marker error: RMS = 0.0262981, max = 0.0555926 (RShoulder)
[2024-12-03 10:40:23.921] [info] Frame 142 (t = 4.76667):	 total squared error = 0.0121555, marker error: RMS = 0.0252935, max = 0.0549785 (RShoulder)
[2024-12-03 10:40:24.129] [info] Frame 143 (t = 4.8):	 total squared error = 0.0114679, marker error: RMS = 0.0245678, max = 0.0533168 (RShoulder)
[2024-12-03 10:40:24.308] [info] Frame 144 (t = 4.83333):	 total squared error = 0.0113020, marker error: RMS = 0.0243894, max = 0.0511194 (RShoulder)
[2024-12-03 10:40:24.480] [info] Frame 145 (t = 4.86667):	 total squared error = 0.0118947, marker error: RMS = 0.0250207, max = 0.0487205 (RShoulder)
[2024-12-03 10:40:24.604] [info] Frame 146 (t = 4.9):	 total squared error = 0.0129714, marker error: RMS = 0.0261286, max = 0.0484962 (Neck)
[2024-12-03 10:40:24.789] [info] Frame 147 (t = 4.93333):	 total squared error = 0.0134964, marker error: RMS = 0.0266521, max = 0.0499752 (Neck)
[2024-12-03 10:40:24.857] [info] Frame 148 (t = 4.96667):	 total squared error = 0.0126199, marker error: RMS = 0.0257722, max = 0.0500712 (Neck)
[2024-12-03 10:40:24.927] [info] Frame 149 (t = 5.0):	 total squared error = 0.0107695, marker error: RMS = 0.0238079, max = 0.049365 (Neck)
[2024-12-03 10:40:24.991] [info] Frame 150 (t = 5.03333):	 total squared error = 0.00902839, marker error: RMS = 0.0217986, max = 0.0474809 (Neck)
[2024-12-03 10:40:25.148] [info] Frame 151 (t = 5.06667):	 total squared error = 0.00794728, marker error: RMS = 0.0204518, max = 0.0437683 (Neck)
[2024-12-03 10:40:25.292] [info] Frame 152 (t = 5.1):	 total squared error = 0.00763098, marker error: RMS = 0.0200407, max = 0.0440111 (RShoulder)
[2024-12-03 10:40:25.435] [info] Frame 153 (t = 5.13333):	 total squared error = 0.00845149, marker error: RMS = 0.0210906, max = 0.0464698 (RShoulder)
[2024-12-03 10:40:25.587] [info] Frame 154 (t = 5.16667):	 total squared error = 0.0112804, marker error: RMS = 0.0243661, max = 0.0501253 (LShoulder)
[2024-12-03 10:40:25.593] [info] InverseKinematicsTool completed 155 frames in 14 second(s).
