[2024-12-03 10:39:59.075] [info] Preparing to run ScaleTool.
[2024-12-03 10:39:59.075] [info] Processing subject Pose2Sim_scaled...
[2024-12-03 10:39:59.076] [info] Step 1: Loading generic model
[2024-12-03 10:39:59.097] [info] Loaded model Pose2Sim_AlphaPose from file c:\Users\MyUser\Desktop\NTKCAP\Patient_data\Patient_ID\2024_05_07\2024_12_03_10_39_calculated\Apose\opensim\Model_Pose2Sim_Halpe26.osim
[2024-12-03 10:39:59.097] [warning] Couldn't find file 'r_pelvis.vtp'.
[2024-12-03 10:39:59.097] [warning] Couldn't find file 'l_pelvis.vtp'.
[2024-12-03 10:39:59.097] [warning] Couldn't find file 'sacrum.vtp'.
[2024-12-03 10:39:59.097] [warning] Couldn't find file 'femur_r.vtp'.
[2024-12-03 10:39:59.097] [warning] Couldn't find file 'r_patella.vtp'.
[2024-12-03 10:39:59.098] [warning] Couldn't find file 'tibia_r.vtp'.
[2024-12-03 10:39:59.098] [warning] Couldn't find file 'fibula_r.vtp'.
[2024-12-03 10:39:59.098] [warning] Couldn't find file 'talus_rv.vtp'.
[2024-12-03 10:39:59.098] [warning] Couldn't find file 'foot.vtp'.
[2024-12-03 10:39:59.098] [warning] Couldn't find file 'bofoot.vtp'.
[2024-12-03 10:39:59.098] [warning] Couldn't find file 'femur_l.vtp'.
[2024-12-03 10:39:59.098] [warning] Couldn't find file 'l_patella.vtp'.
[2024-12-03 10:39:59.098] [warning] Couldn't find file 'tibia_l.vtp'.
[2024-12-03 10:39:59.098] [warning] Couldn't find file 'fibula_l.vtp'.
[2024-12-03 10:39:59.098] [warning] Couldn't find file 'talus_lv.vtp'.
[2024-12-03 10:39:59.098] [warning] Couldn't find file 'l_foot.vtp'.
[2024-12-03 10:39:59.098] [warning] Couldn't find file 'l_bofoot.vtp'.
[2024-12-03 10:39:59.098] [warning] Couldn't find file 'lumbar5.vtp'.
[2024-12-03 10:39:59.098] [warning] Couldn't find file 'lumbar4.vtp'.
[2024-12-03 10:39:59.099] [warning] Couldn't find file 'lumbar3.vtp'.
[2024-12-03 10:39:59.099] [warning] Couldn't find file 'lumbar2.vtp'.
[2024-12-03 10:39:59.099] [warning] Couldn't find file 'lumbar1.vtp'.
[2024-12-03 10:39:59.099] [warning] Couldn't find file 'cerv1sm.vtp'.
[2024-12-03 10:39:59.099] [warning] Couldn't find file 'cerv2sm.vtp'.
[2024-12-03 10:39:59.099] [warning] Couldn't find file 'cerv3sm.vtp'.
[2024-12-03 10:39:59.099] [warning] Couldn't find file 'cerv4sm.vtp'.
[2024-12-03 10:39:59.099] [warning] Couldn't find file 'cerv5sm.vtp'.
[2024-12-03 10:39:59.099] [warning] Couldn't find file 'cerv6sm.vtp'.
[2024-12-03 10:39:59.099] [warning] Couldn't find file 'cerv7.vtp'.
[2024-12-03 10:39:59.099] [warning] Couldn't find file 'thoracic12_s.vtp'.
[2024-12-03 10:39:59.099] [warning] Couldn't find file 'thoracic11_s.vtp'.
[2024-12-03 10:39:59.099] [warning] Couldn't find file 'thoracic10_s.vtp'.
[2024-12-03 10:39:59.099] [warning] Couldn't find file 'thoracic9_s.vtp'.
[2024-12-03 10:39:59.099] [warning] Couldn't find file 'thoracic8_s.vtp'.
[2024-12-03 10:39:59.100] [warning] Couldn't find file 'thoracic7_s.vtp'.
[2024-12-03 10:39:59.100] [warning] Couldn't find file 'thoracic6_s.vtp'.
[2024-12-03 10:39:59.100] [warning] Couldn't find file 'thoracic5_s.vtp'.
[2024-12-03 10:39:59.100] [warning] Couldn't find file 'thoracic4_s.vtp'.
[2024-12-03 10:39:59.100] [warning] Couldn't find file 'thoracic3_s.vtp'.
[2024-12-03 10:39:59.100] [warning] Couldn't find file 'thoracic2_s.vtp'.
[2024-12-03 10:39:59.100] [warning] Couldn't find file 'thoracic1_s.vtp'.
[2024-12-03 10:39:59.100] [warning] Couldn't find file 'hat_ribs_scap.vtp'.
[2024-12-03 10:39:59.100] [warning] Couldn't find file 'hat_jaw.vtp'.
[2024-12-03 10:39:59.100] [warning] Couldn't find file 'hat_skull.vtp'.
[2024-12-03 10:39:59.100] [warning] Couldn't find file 'humerus_rv.vtp'.
[2024-12-03 10:39:59.100] [warning] Couldn't find file 'ulna_rv.vtp'.
[2024-12-03 10:39:59.100] [warning] Couldn't find file 'radius_rv.vtp'.
[2024-12-03 10:39:59.100] [warning] Couldn't find file 'pisiform_rvs.vtp'.
[2024-12-03 10:39:59.100] [warning] Couldn't find file 'lunate_rvs.vtp'.
[2024-12-03 10:39:59.101] [warning] Couldn't find file 'scaphoid_rvs.vtp'.
[2024-12-03 10:39:59.101] [warning] Couldn't find file 'triquetrum_rvs.vtp'.
[2024-12-03 10:39:59.101] [warning] Couldn't find file 'hamate_rvs.vtp'.
[2024-12-03 10:39:59.101] [warning] Couldn't find file 'capitate_rvs.vtp'.
[2024-12-03 10:39:59.101] [warning] Couldn't find file 'trapezoid_rvs.vtp'.
[2024-12-03 10:39:59.101] [warning] Couldn't find file 'trapezium_rvs.vtp'.
[2024-12-03 10:39:59.101] [warning] Couldn't find file 'metacarpal2_rvs.vtp'.
[2024-12-03 10:39:59.101] [warning] Couldn't find file 'index_proximal_rvs.vtp'.
[2024-12-03 10:39:59.101] [warning] Couldn't find file 'index_medial_rvs.vtp'.
[2024-12-03 10:39:59.101] [warning] Couldn't find file 'index_distal_rvs.vtp'.
[2024-12-03 10:39:59.101] [warning] Couldn't find file 'metacarpal3_rvs.vtp'.
[2024-12-03 10:39:59.101] [warning] Couldn't find file 'middle_proximal_rvs.vtp'.
[2024-12-03 10:39:59.101] [warning] Couldn't find file 'middle_medial_rvs.vtp'.
[2024-12-03 10:39:59.101] [warning] Couldn't find file 'middle_distal_rvs.vtp'.
[2024-12-03 10:39:59.101] [warning] Couldn't find file 'metacarpal4_rvs.vtp'.
[2024-12-03 10:39:59.102] [warning] Couldn't find file 'ring_proximal_rvs.vtp'.
[2024-12-03 10:39:59.102] [warning] Couldn't find file 'ring_medial_rvs.vtp'.
[2024-12-03 10:39:59.102] [warning] Couldn't find file 'ring_distal_rvs.vtp'.
[2024-12-03 10:39:59.102] [warning] Couldn't find file 'metacarpal5_rvs.vtp'.
[2024-12-03 10:39:59.102] [warning] Couldn't find file 'little_proximal_rvs.vtp'.
[2024-12-03 10:39:59.102] [warning] Couldn't find file 'little_medial_rvs.vtp'.
[2024-12-03 10:39:59.102] [warning] Couldn't find file 'little_distal_rvs.vtp'.
[2024-12-03 10:39:59.102] [warning] Couldn't find file 'metacarpal1_rvs.vtp'.
[2024-12-03 10:39:59.102] [warning] Couldn't find file 'thumb_proximal_rvs.vtp'.
[2024-12-03 10:39:59.102] [warning] Couldn't find file 'thumb_distal_rvs.vtp'.
[2024-12-03 10:39:59.102] [warning] Couldn't find file 'humerus_lv.vtp'.
[2024-12-03 10:39:59.102] [warning] Couldn't find file 'ulna_lv.vtp'.
[2024-12-03 10:39:59.102] [warning] Couldn't find file 'radius_lv.vtp'.
[2024-12-03 10:39:59.102] [warning] Couldn't find file 'pisiform_lvs.vtp'.
[2024-12-03 10:39:59.103] [warning] Couldn't find file 'lunate_lvs.vtp'.
[2024-12-03 10:39:59.103] [warning] Couldn't find file 'scaphoid_lvs.vtp'.
[2024-12-03 10:39:59.103] [warning] Couldn't find file 'triquetrum_lvs.vtp'.
[2024-12-03 10:39:59.103] [warning] Couldn't find file 'hamate_lvs.vtp'.
[2024-12-03 10:39:59.103] [warning] Couldn't find file 'capitate_lvs.vtp'.
[2024-12-03 10:39:59.103] [warning] Couldn't find file 'trapezoid_lvs.vtp'.
[2024-12-03 10:39:59.103] [warning] Couldn't find file 'trapezium_lvs.vtp'.
[2024-12-03 10:39:59.103] [warning] Couldn't find file 'metacarpal2_lvs.vtp'.
[2024-12-03 10:39:59.103] [warning] Couldn't find file 'index_proximal_lvs.vtp'.
[2024-12-03 10:39:59.103] [warning] Couldn't find file 'index_medial_lvs.vtp'.
[2024-12-03 10:39:59.103] [warning] Couldn't find file 'index_distal_lvs.vtp'.
[2024-12-03 10:39:59.103] [warning] Couldn't find file 'metacarpal3_lvs.vtp'.
[2024-12-03 10:39:59.103] [warning] Couldn't find file 'middle_proximal_lvs.vtp'.
[2024-12-03 10:39:59.103] [warning] Couldn't find file 'middle_medial_lvs.vtp'.
[2024-12-03 10:39:59.103] [warning] Couldn't find file 'middle_distal_lvs.vtp'.
[2024-12-03 10:39:59.104] [warning] Couldn't find file 'metacarpal4_lvs.vtp'.
[2024-12-03 10:39:59.104] [warning] Couldn't find file 'ring_proximal_lvs.vtp'.
[2024-12-03 10:39:59.104] [warning] Couldn't find file 'ring_medial_lvs.vtp'.
[2024-12-03 10:39:59.104] [warning] Couldn't find file 'ring_distal_lvs.vtp'.
[2024-12-03 10:39:59.104] [warning] Couldn't find file 'metacarpal5_lvs.vtp'.
[2024-12-03 10:39:59.104] [warning] Couldn't find file 'little_proximal_lvs.vtp'.
[2024-12-03 10:39:59.104] [warning] Couldn't find file 'little_medial_lvs.vtp'.
[2024-12-03 10:39:59.104] [warning] Couldn't find file 'little_distal_lvs.vtp'.
[2024-12-03 10:39:59.104] [warning] Couldn't find file 'metacarpal1_lvs.vtp'.
[2024-12-03 10:39:59.104] [warning] Couldn't find file 'thumb_proximal_lvs.vtp'.
[2024-12-03 10:39:59.104] [warning] Couldn't find file 'thumb_distal_lvs.vtp'.
[2024-12-03 10:39:59.110] [info] Step 2: Scaling generic model
[2024-12-03 10:39:59.122] [info] Loaded marker file Empty_project_filt_0-30.trc (22 markers, 50 frames)
[2024-12-03 10:39:59.122] [info] Measurement 'torso'
[2024-12-03 10:39:59.122] [info] 	pair 0 (LShoulder, LHip): model = 0.553062, experimental = 0.604133
[2024-12-03 10:39:59.122] [info] 	pair 1 (RShoulder, RHip): model = 0.553062, experimental = 0.611694
[2024-12-03 10:39:59.122] [info] 	overall scale factor = 1.09918
[2024-12-03 10:39:59.122] [info] Measurement 'arm'
[2024-12-03 10:39:59.122] [info] 	pair 0 (LShoulder, LElbow): model = 0.269526, experimental = 0.294216
[2024-12-03 10:39:59.122] [info] 	pair 1 (RShoulder, RElbow): model = 0.269526, experimental = 0.321786
[2024-12-03 10:39:59.122] [info] 	overall scale factor = 1.14275
[2024-12-03 10:39:59.122] [info] Measurement 'forearm'
[2024-12-03 10:39:59.122] [info] 	pair 0 (LElbow, LWrist): model = 0.237488, experimental = 0.261737
[2024-12-03 10:39:59.122] [info] 	pair 1 (RElbow, RWrist): model = 0.237488, experimental = 0.261414
[2024-12-03 10:39:59.122] [info] 	overall scale factor = 1.10142
[2024-12-03 10:39:59.122] [info] Measurement 'thigh'
[2024-12-03 10:39:59.122] [info] 	pair 0 (LHip, LKnee): model = 0.371469, experimental = 0.375336
[2024-12-03 10:39:59.122] [info] 	pair 1 (RHip, RKnee): model = 0.371469, experimental = 0.377597
[2024-12-03 10:39:59.122] [info] 	overall scale factor = 1.01345
[2024-12-03 10:39:59.122] [info] Measurement 'shank'
[2024-12-03 10:39:59.123] [info] 	pair 0 (LKnee, LAnkle): model = 0.388261, experimental = 0.389023
[2024-12-03 10:39:59.123] [info] 	pair 1 (RKnee, RAnkle): model = 0.388261, experimental = 0.395775
[2024-12-03 10:39:59.123] [info] 	overall scale factor = 1.01066
[2024-12-03 10:39:59.123] [info] Measurement 'foot'
[2024-12-03 10:39:59.123] [info] 	pair 0 (LHeel, LBigToe): model = 0.230688, experimental = 0.265828
[2024-12-03 10:39:59.123] [info] 	pair 1 (RHeel, RBigToe): model = 0.230688, experimental = 0.244344
[2024-12-03 10:39:59.123] [info] 	overall scale factor = 1.10576
[2024-12-03 10:39:59.123] [info] Measurement 'pelvis'
[2024-12-03 10:39:59.123] [info] 	pair 0 (RHip, LHip): model = 0.210813, experimental = 0.218123
[2024-12-03 10:39:59.123] [info] 	overall scale factor = 1.03468
[2024-12-03 10:39:59.149] [info] Wrote model file 'Model_Pose2Sim_Halpe26_scaled.osim' from model.
