[2024-09-19 17:44:11.068] [info] Preparing to run ScaleTool.
[2024-09-19 17:44:11.072] [info] Processing subject Pose2Sim_scaled...
[2024-09-19 17:44:11.072] [info] Step 1: Loading generic model
[2024-09-19 17:44:11.105] [info] Loaded model Pose2Sim_AlphaPose from file c:\Users\mauricetemp\Desktop\NTKCAP\Patient_data\Patient_ID\2024_05_07\2024_09_19_17_43_calculated\Apose\opensim\Model_Pose2Sim_Halpe26.osim
[2024-09-19 17:44:11.106] [warning] Couldn't find file 'r_pelvis.vtp'.
[2024-09-19 17:44:11.107] [warning] Couldn't find file 'l_pelvis.vtp'.
[2024-09-19 17:44:11.108] [warning] Couldn't find file 'sacrum.vtp'.
[2024-09-19 17:44:11.108] [warning] Couldn't find file 'femur_r.vtp'.
[2024-09-19 17:44:11.109] [warning] Couldn't find file 'r_patella.vtp'.
[2024-09-19 17:44:11.110] [warning] Couldn't find file 'tibia_r.vtp'.
[2024-09-19 17:44:11.111] [warning] Couldn't find file 'fibula_r.vtp'.
[2024-09-19 17:44:11.111] [warning] Couldn't find file 'talus_rv.vtp'.
[2024-09-19 17:44:11.112] [warning] Couldn't find file 'foot.vtp'.
[2024-09-19 17:44:11.112] [warning] Couldn't find file 'bofoot.vtp'.
[2024-09-19 17:44:11.113] [warning] Couldn't find file 'femur_l.vtp'.
[2024-09-19 17:44:11.113] [warning] Couldn't find file 'l_patella.vtp'.
[2024-09-19 17:44:11.114] [warning] Couldn't find file 'tibia_l.vtp'.
[2024-09-19 17:44:11.115] [warning] Couldn't find file 'fibula_l.vtp'.
[2024-09-19 17:44:11.115] [warning] Couldn't find file 'talus_lv.vtp'.
[2024-09-19 17:44:11.115] [warning] Couldn't find file 'l_foot.vtp'.
[2024-09-19 17:44:11.116] [warning] Couldn't find file 'l_bofoot.vtp'.
[2024-09-19 17:44:11.117] [warning] Couldn't find file 'lumbar5.vtp'.
[2024-09-19 17:44:11.117] [warning] Couldn't find file 'lumbar4.vtp'.
[2024-09-19 17:44:11.118] [warning] Couldn't find file 'lumbar3.vtp'.
[2024-09-19 17:44:11.118] [warning] Couldn't find file 'lumbar2.vtp'.
[2024-09-19 17:44:11.119] [warning] Couldn't find file 'lumbar1.vtp'.
[2024-09-19 17:44:11.119] [warning] Couldn't find file 'cerv1sm.vtp'.
[2024-09-19 17:44:11.120] [warning] Couldn't find file 'cerv2sm.vtp'.
[2024-09-19 17:44:11.121] [warning] Couldn't find file 'cerv3sm.vtp'.
[2024-09-19 17:44:11.122] [warning] Couldn't find file 'cerv4sm.vtp'.
[2024-09-19 17:44:11.122] [warning] Couldn't find file 'cerv5sm.vtp'.
[2024-09-19 17:44:11.123] [warning] Couldn't find file 'cerv6sm.vtp'.
[2024-09-19 17:44:11.124] [warning] Couldn't find file 'cerv7.vtp'.
[2024-09-19 17:44:11.124] [warning] Couldn't find file 'thoracic12_s.vtp'.
[2024-09-19 17:44:11.125] [warning] Couldn't find file 'thoracic11_s.vtp'.
[2024-09-19 17:44:11.125] [warning] Couldn't find file 'thoracic10_s.vtp'.
[2024-09-19 17:44:11.126] [warning] Couldn't find file 'thoracic9_s.vtp'.
[2024-09-19 17:44:11.127] [warning] Couldn't find file 'thoracic8_s.vtp'.
[2024-09-19 17:44:11.127] [warning] Couldn't find file 'thoracic7_s.vtp'.
[2024-09-19 17:44:11.128] [warning] Couldn't find file 'thoracic6_s.vtp'.
[2024-09-19 17:44:11.128] [warning] Couldn't find file 'thoracic5_s.vtp'.
[2024-09-19 17:44:11.129] [warning] Couldn't find file 'thoracic4_s.vtp'.
[2024-09-19 17:44:11.130] [warning] Couldn't find file 'thoracic3_s.vtp'.
[2024-09-19 17:44:11.130] [warning] Couldn't find file 'thoracic2_s.vtp'.
[2024-09-19 17:44:11.131] [warning] Couldn't find file 'thoracic1_s.vtp'.
[2024-09-19 17:44:11.132] [warning] Couldn't find file 'hat_ribs_scap.vtp'.
[2024-09-19 17:44:11.133] [warning] Couldn't find file 'hat_jaw.vtp'.
[2024-09-19 17:44:11.133] [warning] Couldn't find file 'hat_skull.vtp'.
[2024-09-19 17:44:11.134] [warning] Couldn't find file 'humerus_rv.vtp'.
[2024-09-19 17:44:11.135] [warning] Couldn't find file 'ulna_rv.vtp'.
[2024-09-19 17:44:11.135] [warning] Couldn't find file 'radius_rv.vtp'.
[2024-09-19 17:44:11.136] [warning] Couldn't find file 'pisiform_rvs.vtp'.
[2024-09-19 17:44:11.136] [warning] Couldn't find file 'lunate_rvs.vtp'.
[2024-09-19 17:44:11.137] [warning] Couldn't find file 'scaphoid_rvs.vtp'.
[2024-09-19 17:44:11.138] [warning] Couldn't find file 'triquetrum_rvs.vtp'.
[2024-09-19 17:44:11.138] [warning] Couldn't find file 'hamate_rvs.vtp'.
[2024-09-19 17:44:11.139] [warning] Couldn't find file 'capitate_rvs.vtp'.
[2024-09-19 17:44:11.140] [warning] Couldn't find file 'trapezoid_rvs.vtp'.
[2024-09-19 17:44:11.141] [warning] Couldn't find file 'trapezium_rvs.vtp'.
[2024-09-19 17:44:11.141] [warning] Couldn't find file 'metacarpal2_rvs.vtp'.
[2024-09-19 17:44:11.142] [warning] Couldn't find file 'index_proximal_rvs.vtp'.
[2024-09-19 17:44:11.143] [warning] Couldn't find file 'index_medial_rvs.vtp'.
[2024-09-19 17:44:11.143] [warning] Couldn't find file 'index_distal_rvs.vtp'.
[2024-09-19 17:44:11.144] [warning] Couldn't find file 'metacarpal3_rvs.vtp'.
[2024-09-19 17:44:11.144] [warning] Couldn't find file 'middle_proximal_rvs.vtp'.
[2024-09-19 17:44:11.145] [warning] Couldn't find file 'middle_medial_rvs.vtp'.
[2024-09-19 17:44:11.146] [warning] Couldn't find file 'middle_distal_rvs.vtp'.
[2024-09-19 17:44:11.146] [warning] Couldn't find file 'metacarpal4_rvs.vtp'.
[2024-09-19 17:44:11.147] [warning] Couldn't find file 'ring_proximal_rvs.vtp'.
[2024-09-19 17:44:11.148] [warning] Couldn't find file 'ring_medial_rvs.vtp'.
[2024-09-19 17:44:11.148] [warning] Couldn't find file 'ring_distal_rvs.vtp'.
[2024-09-19 17:44:11.149] [warning] Couldn't find file 'metacarpal5_rvs.vtp'.
[2024-09-19 17:44:11.150] [warning] Couldn't find file 'little_proximal_rvs.vtp'.
[2024-09-19 17:44:11.150] [warning] Couldn't find file 'little_medial_rvs.vtp'.
[2024-09-19 17:44:11.151] [warning] Couldn't find file 'little_distal_rvs.vtp'.
[2024-09-19 17:44:11.152] [warning] Couldn't find file 'metacarpal1_rvs.vtp'.
[2024-09-19 17:44:11.152] [warning] Couldn't find file 'thumb_proximal_rvs.vtp'.
[2024-09-19 17:44:11.153] [warning] Couldn't find file 'thumb_distal_rvs.vtp'.
[2024-09-19 17:44:11.154] [warning] Couldn't find file 'humerus_lv.vtp'.
[2024-09-19 17:44:11.155] [warning] Couldn't find file 'ulna_lv.vtp'.
[2024-09-19 17:44:11.155] [warning] Couldn't find file 'radius_lv.vtp'.
[2024-09-19 17:44:11.156] [warning] Couldn't find file 'pisiform_lvs.vtp'.
[2024-09-19 17:44:11.157] [warning] Couldn't find file 'lunate_lvs.vtp'.
[2024-09-19 17:44:11.158] [warning] Couldn't find file 'scaphoid_lvs.vtp'.
[2024-09-19 17:44:11.158] [warning] Couldn't find file 'triquetrum_lvs.vtp'.
[2024-09-19 17:44:11.159] [warning] Couldn't find file 'hamate_lvs.vtp'.
[2024-09-19 17:44:11.160] [warning] Couldn't find file 'capitate_lvs.vtp'.
[2024-09-19 17:44:11.160] [warning] Couldn't find file 'trapezoid_lvs.vtp'.
[2024-09-19 17:44:11.161] [warning] Couldn't find file 'trapezium_lvs.vtp'.
[2024-09-19 17:44:11.162] [warning] Couldn't find file 'metacarpal2_lvs.vtp'.
[2024-09-19 17:44:11.163] [warning] Couldn't find file 'index_proximal_lvs.vtp'.
[2024-09-19 17:44:11.163] [warning] Couldn't find file 'index_medial_lvs.vtp'.
[2024-09-19 17:44:11.164] [warning] Couldn't find file 'index_distal_lvs.vtp'.
[2024-09-19 17:44:11.164] [warning] Couldn't find file 'metacarpal3_lvs.vtp'.
[2024-09-19 17:44:11.165] [warning] Couldn't find file 'middle_proximal_lvs.vtp'.
[2024-09-19 17:44:11.165] [warning] Couldn't find file 'middle_medial_lvs.vtp'.
[2024-09-19 17:44:11.166] [warning] Couldn't find file 'middle_distal_lvs.vtp'.
[2024-09-19 17:44:11.167] [warning] Couldn't find file 'metacarpal4_lvs.vtp'.
[2024-09-19 17:44:11.167] [warning] Couldn't find file 'ring_proximal_lvs.vtp'.
[2024-09-19 17:44:11.168] [warning] Couldn't find file 'ring_medial_lvs.vtp'.
[2024-09-19 17:44:11.168] [warning] Couldn't find file 'ring_distal_lvs.vtp'.
[2024-09-19 17:44:11.169] [warning] Couldn't find file 'metacarpal5_lvs.vtp'.
[2024-09-19 17:44:11.170] [warning] Couldn't find file 'little_proximal_lvs.vtp'.
[2024-09-19 17:44:11.170] [warning] Couldn't find file 'little_medial_lvs.vtp'.
[2024-09-19 17:44:11.171] [warning] Couldn't find file 'little_distal_lvs.vtp'.
[2024-09-19 17:44:11.172] [warning] Couldn't find file 'metacarpal1_lvs.vtp'.
[2024-09-19 17:44:11.173] [warning] Couldn't find file 'thumb_proximal_lvs.vtp'.
[2024-09-19 17:44:11.174] [warning] Couldn't find file 'thumb_distal_lvs.vtp'.
[2024-09-19 17:44:11.187] [info] Step 2: Scaling generic model
[2024-09-19 17:44:11.205] [info] Loaded marker file Empty_project_filt_0-30.trc (22 markers, 50 frames)
[2024-09-19 17:44:11.206] [info] Measurement 'torso'
[2024-09-19 17:44:11.206] [info] 	pair 0 (LShoulder, LHip): model = 0.553062, experimental = 0.606714
[2024-09-19 17:44:11.207] [info] 	pair 1 (RShoulder, RHip): model = 0.553062, experimental = 0.615501
[2024-09-19 17:44:11.207] [info] 	overall scale factor = 1.10495
[2024-09-19 17:44:11.208] [info] Measurement 'arm'
[2024-09-19 17:44:11.208] [info] 	pair 0 (LShoulder, LElbow): model = 0.269526, experimental = 0.294905
[2024-09-19 17:44:11.209] [info] 	pair 1 (RShoulder, RElbow): model = 0.269526, experimental = 0.322826
[2024-09-19 17:44:11.209] [info] 	overall scale factor = 1.14596
[2024-09-19 17:44:11.209] [info] Measurement 'forearm'
[2024-09-19 17:44:11.210] [info] 	pair 0 (LElbow, LWrist): model = 0.237488, experimental = 0.264452
[2024-09-19 17:44:11.210] [info] 	pair 1 (RElbow, RWrist): model = 0.237488, experimental = 0.262303
[2024-09-19 17:44:11.210] [info] 	overall scale factor = 1.10901
[2024-09-19 17:44:11.211] [info] Measurement 'thigh'
[2024-09-19 17:44:11.211] [info] 	pair 0 (LHip, LKnee): model = 0.371469, experimental = 0.376258
[2024-09-19 17:44:11.212] [info] 	pair 1 (RHip, RKnee): model = 0.371469, experimental = 0.37877
[2024-09-19 17:44:11.212] [info] 	overall scale factor = 1.01627
[2024-09-19 17:44:11.212] [info] Measurement 'shank'
[2024-09-19 17:44:11.213] [info] 	pair 0 (LKnee, LAnkle): model = 0.388261, experimental = 0.38944
[2024-09-19 17:44:11.214] [info] 	pair 1 (RKnee, RAnkle): model = 0.388261, experimental = 0.396488
[2024-09-19 17:44:11.214] [info] 	overall scale factor = 1.01211
[2024-09-19 17:44:11.214] [info] Measurement 'foot'
[2024-09-19 17:44:11.215] [info] 	pair 0 (LHeel, LBigToe): model = 0.230688, experimental = 0.263984
[2024-09-19 17:44:11.215] [info] 	pair 1 (RHeel, RBigToe): model = 0.230688, experimental = 0.242853
[2024-09-19 17:44:11.216] [info] 	overall scale factor = 1.09853
[2024-09-19 17:44:11.216] [info] Measurement 'pelvis'
[2024-09-19 17:44:11.216] [info] 	pair 0 (RHip, LHip): model = 0.210813, experimental = 0.218064
[2024-09-19 17:44:11.217] [info] 	overall scale factor = 1.0344
[2024-09-19 17:44:11.283] [info] Wrote model file 'Model_Pose2Sim_Halpe26_scaled.osim' from model.
