[2024-11-21 17:15:43.249] [info] Preparing to run InverseKinematicsTool.
[2024-11-21 17:15:43.271] [info] Loaded model Pose2Sim_scaled from file Model_Pose2Sim_Halpe26_scaled.osim
[2024-11-21 17:15:43.272] [warning] Couldn't find file 'r_pelvis.vtp'.
[2024-11-21 17:15:43.272] [warning] Couldn't find file 'l_pelvis.vtp'.
[2024-11-21 17:15:43.272] [warning] Couldn't find file 'sacrum.vtp'.
[2024-11-21 17:15:43.272] [warning] Couldn't find file 'femur_r.vtp'.
[2024-11-21 17:15:43.273] [warning] Couldn't find file 'r_patella.vtp'.
[2024-11-21 17:15:43.273] [warning] Couldn't find file 'tibia_r.vtp'.
[2024-11-21 17:15:43.273] [warning] Couldn't find file 'fibula_r.vtp'.
[2024-11-21 17:15:43.273] [warning] Couldn't find file 'talus_rv.vtp'.
[2024-11-21 17:15:43.274] [warning] Couldn't find file 'foot.vtp'.
[2024-11-21 17:15:43.274] [warning] Couldn't find file 'bofoot.vtp'.
[2024-11-21 17:15:43.274] [warning] Couldn't find file 'femur_l.vtp'.
[2024-11-21 17:15:43.274] [warning] Couldn't find file 'l_patella.vtp'.
[2024-11-21 17:15:43.274] [warning] Couldn't find file 'tibia_l.vtp'.
[2024-11-21 17:15:43.274] [warning] Couldn't find file 'fibula_l.vtp'.
[2024-11-21 17:15:43.275] [warning] Couldn't find file 'talus_lv.vtp'.
[2024-11-21 17:15:43.275] [warning] Couldn't find file 'l_foot.vtp'.
[2024-11-21 17:15:43.275] [warning] Couldn't find file 'l_bofoot.vtp'.
[2024-11-21 17:15:43.275] [warning] Couldn't find file 'lumbar5.vtp'.
[2024-11-21 17:15:43.275] [warning] Couldn't find file 'lumbar4.vtp'.
[2024-11-21 17:15:43.275] [warning] Couldn't find file 'lumbar3.vtp'.
[2024-11-21 17:15:43.275] [warning] Couldn't find file 'lumbar2.vtp'.
[2024-11-21 17:15:43.275] [warning] Couldn't find file 'lumbar1.vtp'.
[2024-11-21 17:15:43.276] [warning] Couldn't find file 'cerv1sm.vtp'.
[2024-11-21 17:15:43.276] [warning] Couldn't find file 'cerv2sm.vtp'.
[2024-11-21 17:15:43.276] [warning] Couldn't find file 'cerv3sm.vtp'.
[2024-11-21 17:15:43.276] [warning] Couldn't find file 'cerv4sm.vtp'.
[2024-11-21 17:15:43.276] [warning] Couldn't find file 'cerv5sm.vtp'.
[2024-11-21 17:15:43.276] [warning] Couldn't find file 'cerv6sm.vtp'.
[2024-11-21 17:15:43.276] [warning] Couldn't find file 'cerv7.vtp'.
[2024-11-21 17:15:43.276] [warning] Couldn't find file 'thoracic12_s.vtp'.
[2024-11-21 17:15:43.277] [warning] Couldn't find file 'thoracic11_s.vtp'.
[2024-11-21 17:15:43.277] [warning] Couldn't find file 'thoracic10_s.vtp'.
[2024-11-21 17:15:43.277] [warning] Couldn't find file 'thoracic9_s.vtp'.
[2024-11-21 17:15:43.277] [warning] Couldn't find file 'thoracic8_s.vtp'.
[2024-11-21 17:15:43.277] [warning] Couldn't find file 'thoracic7_s.vtp'.
[2024-11-21 17:15:43.277] [warning] Couldn't find file 'thoracic6_s.vtp'.
[2024-11-21 17:15:43.277] [warning] Couldn't find file 'thoracic5_s.vtp'.
[2024-11-21 17:15:43.277] [warning] Couldn't find file 'thoracic4_s.vtp'.
[2024-11-21 17:15:43.278] [warning] Couldn't find file 'thoracic3_s.vtp'.
[2024-11-21 17:15:43.278] [warning] Couldn't find file 'thoracic2_s.vtp'.
[2024-11-21 17:15:43.278] [warning] Couldn't find file 'thoracic1_s.vtp'.
[2024-11-21 17:15:43.278] [warning] Couldn't find file 'hat_ribs_scap.vtp'.
[2024-11-21 17:15:43.278] [warning] Couldn't find file 'hat_jaw.vtp'.
[2024-11-21 17:15:43.278] [warning] Couldn't find file 'hat_skull.vtp'.
[2024-11-21 17:15:43.278] [warning] Couldn't find file 'humerus_rv.vtp'.
[2024-11-21 17:15:43.278] [warning] Couldn't find file 'ulna_rv.vtp'.
[2024-11-21 17:15:43.279] [warning] Couldn't find file 'radius_rv.vtp'.
[2024-11-21 17:15:43.279] [warning] Couldn't find file 'pisiform_rvs.vtp'.
[2024-11-21 17:15:43.279] [warning] Couldn't find file 'lunate_rvs.vtp'.
[2024-11-21 17:15:43.279] [warning] Couldn't find file 'scaphoid_rvs.vtp'.
[2024-11-21 17:15:43.279] [warning] Couldn't find file 'triquetrum_rvs.vtp'.
[2024-11-21 17:15:43.279] [warning] Couldn't find file 'hamate_rvs.vtp'.
[2024-11-21 17:15:43.279] [warning] Couldn't find file 'capitate_rvs.vtp'.
[2024-11-21 17:15:43.279] [warning] Couldn't find file 'trapezoid_rvs.vtp'.
[2024-11-21 17:15:43.279] [warning] Couldn't find file 'trapezium_rvs.vtp'.
[2024-11-21 17:15:43.280] [warning] Couldn't find file 'metacarpal2_rvs.vtp'.
[2024-11-21 17:15:43.280] [warning] Couldn't find file 'index_proximal_rvs.vtp'.
[2024-11-21 17:15:43.280] [warning] Couldn't find file 'index_medial_rvs.vtp'.
[2024-11-21 17:15:43.280] [warning] Couldn't find file 'index_distal_rvs.vtp'.
[2024-11-21 17:15:43.280] [warning] Couldn't find file 'metacarpal3_rvs.vtp'.
[2024-11-21 17:15:43.280] [warning] Couldn't find file 'middle_proximal_rvs.vtp'.
[2024-11-21 17:15:43.280] [warning] Couldn't find file 'middle_medial_rvs.vtp'.
[2024-11-21 17:15:43.280] [warning] Couldn't find file 'middle_distal_rvs.vtp'.
[2024-11-21 17:15:43.280] [warning] Couldn't find file 'metacarpal4_rvs.vtp'.
[2024-11-21 17:15:43.280] [warning] Couldn't find file 'ring_proximal_rvs.vtp'.
[2024-11-21 17:15:43.281] [warning] Couldn't find file 'ring_medial_rvs.vtp'.
[2024-11-21 17:15:43.281] [warning] Couldn't find file 'ring_distal_rvs.vtp'.
[2024-11-21 17:15:43.281] [warning] Couldn't find file 'metacarpal5_rvs.vtp'.
[2024-11-21 17:15:43.281] [warning] Couldn't find file 'little_proximal_rvs.vtp'.
[2024-11-21 17:15:43.281] [warning] Couldn't find file 'little_medial_rvs.vtp'.
[2024-11-21 17:15:43.281] [warning] Couldn't find file 'little_distal_rvs.vtp'.
[2024-11-21 17:15:43.281] [warning] Couldn't find file 'metacarpal1_rvs.vtp'.
[2024-11-21 17:15:43.281] [warning] Couldn't find file 'thumb_proximal_rvs.vtp'.
[2024-11-21 17:15:43.282] [warning] Couldn't find file 'thumb_distal_rvs.vtp'.
[2024-11-21 17:15:43.282] [warning] Couldn't find file 'humerus_lv.vtp'.
[2024-11-21 17:15:43.282] [warning] Couldn't find file 'ulna_lv.vtp'.
[2024-11-21 17:15:43.282] [warning] Couldn't find file 'radius_lv.vtp'.
[2024-11-21 17:15:43.282] [warning] Couldn't find file 'pisiform_lvs.vtp'.
[2024-11-21 17:15:43.282] [warning] Couldn't find file 'lunate_lvs.vtp'.
[2024-11-21 17:15:43.282] [warning] Couldn't find file 'scaphoid_lvs.vtp'.
[2024-11-21 17:15:43.282] [warning] Couldn't find file 'triquetrum_lvs.vtp'.
[2024-11-21 17:15:43.283] [warning] Couldn't find file 'hamate_lvs.vtp'.
[2024-11-21 17:15:43.283] [warning] Couldn't find file 'capitate_lvs.vtp'.
[2024-11-21 17:15:43.283] [warning] Couldn't find file 'trapezoid_lvs.vtp'.
[2024-11-21 17:15:43.283] [warning] Couldn't find file 'trapezium_lvs.vtp'.
[2024-11-21 17:15:43.283] [warning] Couldn't find file 'metacarpal2_lvs.vtp'.
[2024-11-21 17:15:43.283] [warning] Couldn't find file 'index_proximal_lvs.vtp'.
[2024-11-21 17:15:43.283] [warning] Couldn't find file 'index_medial_lvs.vtp'.
[2024-11-21 17:15:43.283] [warning] Couldn't find file 'index_distal_lvs.vtp'.
[2024-11-21 17:15:43.283] [warning] Couldn't find file 'metacarpal3_lvs.vtp'.
[2024-11-21 17:15:43.284] [warning] Couldn't find file 'middle_proximal_lvs.vtp'.
[2024-11-21 17:15:43.284] [warning] Couldn't find file 'middle_medial_lvs.vtp'.
[2024-11-21 17:15:43.284] [warning] Couldn't find file 'middle_distal_lvs.vtp'.
[2024-11-21 17:15:43.284] [warning] Couldn't find file 'metacarpal4_lvs.vtp'.
[2024-11-21 17:15:43.284] [warning] Couldn't find file 'ring_proximal_lvs.vtp'.
[2024-11-21 17:15:43.284] [warning] Couldn't find file 'ring_medial_lvs.vtp'.
[2024-11-21 17:15:43.284] [warning] Couldn't find file 'ring_distal_lvs.vtp'.
[2024-11-21 17:15:43.284] [warning] Couldn't find file 'metacarpal5_lvs.vtp'.
[2024-11-21 17:15:43.285] [warning] Couldn't find file 'little_proximal_lvs.vtp'.
[2024-11-21 17:15:43.285] [warning] Couldn't find file 'little_medial_lvs.vtp'.
[2024-11-21 17:15:43.285] [warning] Couldn't find file 'little_distal_lvs.vtp'.
[2024-11-21 17:15:43.285] [warning] Couldn't find file 'metacarpal1_lvs.vtp'.
[2024-11-21 17:15:43.285] [warning] Couldn't find file 'thumb_proximal_lvs.vtp'.
[2024-11-21 17:15:43.285] [warning] Couldn't find file 'thumb_distal_lvs.vtp'.
[2024-11-21 17:15:43.286] [cout] [info] 
               MODEL: Pose2Sim_scaled
         coordinates: 62
              forces: 0
           actuators: 0
             muscles: 0
            analyses: 0
              probes: 0
              bodies: 30
              joints: 30
         constraints: 20
             markers: 22
         controllers: 0
  contact geometries: 0
misc modelcomponents: 0
[2024-11-21 17:15:43.287] [info] Running tool .
[2024-11-21 17:15:43.538] [info] Frame 0 (t = 0.0333333):	 total squared error = 0.0152578, marker error: RMS = 0.028338, max = 0.0559803 (Neck)
[2024-11-21 17:15:43.606] [info] Frame 1 (t = 0.0666667):	 total squared error = 0.0126357, marker error: RMS = 0.0257884, max = 0.0365125 (RShoulder)
[2024-11-21 17:15:43.648] [info] Frame 2 (t = 0.1):	 total squared error = 0.0116694, marker error: RMS = 0.0247826, max = 0.0409562 (RAnkle)
[2024-11-21 17:15:43.703] [info] Frame 3 (t = 0.133333):	 total squared error = 0.0115906, marker error: RMS = 0.0246988, max = 0.0456353 (RAnkle)
[2024-11-21 17:15:43.736] [info] Frame 4 (t = 0.166667):	 total squared error = 0.0118177, marker error: RMS = 0.0249396, max = 0.048733 (RAnkle)
[2024-11-21 17:15:43.791] [info] Frame 5 (t = 0.2):	 total squared error = 0.012135, marker error: RMS = 0.0252722, max = 0.0501749 (RAnkle)
[2024-11-21 17:15:43.849] [info] Frame 6 (t = 0.233333):	 total squared error = 0.0125216, marker error: RMS = 0.0256716, max = 0.0499772 (RAnkle)
[2024-11-21 17:15:43.881] [info] Frame 7 (t = 0.266667):	 total squared error = 0.012927, marker error: RMS = 0.0260838, max = 0.0531947 (RShoulder)
[2024-11-21 17:15:43.943] [info] Frame 8 (t = 0.3):	 total squared error = 0.0130755, marker error: RMS = 0.0262332, max = 0.0573316 (RShoulder)
[2024-11-21 17:15:43.985] [info] Frame 9 (t = 0.333333):	 total squared error = 0.0128628, marker error: RMS = 0.0260191, max = 0.0605023 (RShoulder)
[2024-11-21 17:15:44.036] [info] Frame 10 (t = 0.366667):	 total squared error = 0.0124026, marker error: RMS = 0.0255493, max = 0.0616809 (RShoulder)
[2024-11-21 17:15:44.068] [info] Frame 11 (t = 0.4):	 total squared error = 0.0120251, marker error: RMS = 0.0251575, max = 0.0613389 (RShoulder)
[2024-11-21 17:15:44.103] [info] Frame 12 (t = 0.433333):	 total squared error = 0.01179, marker error: RMS = 0.0249103, max = 0.0592481 (RShoulder)
[2024-11-21 17:15:44.133] [info] Frame 13 (t = 0.466667):	 total squared error = 0.0113953, marker error: RMS = 0.0244899, max = 0.0554337 (RShoulder)
[2024-11-21 17:15:44.210] [info] Frame 14 (t = 0.5):	 total squared error = 0.0105474, marker error: RMS = 0.0235611, max = 0.0515221 (RShoulder)
[2024-11-21 17:15:44.251] [info] Frame 15 (t = 0.533333):	 total squared error = 0.00956539, marker error: RMS = 0.0224375, max = 0.0466605 (RShoulder)
[2024-11-21 17:15:44.326] [info] Frame 16 (t = 0.566667):	 total squared error = 0.00889678, marker error: RMS = 0.0216391, max = 0.0429125 (RShoulder)
[2024-11-21 17:15:44.365] [info] Frame 17 (t = 0.6):	 total squared error = 0.00874604, marker error: RMS = 0.021455, max = 0.0403056 (RShoulder)
[2024-11-21 17:15:44.415] [info] Frame 18 (t = 0.633333):	 total squared error = 0.00887926, marker error: RMS = 0.0216178, max = 0.0381159 (RShoulder)
[2024-11-21 17:15:44.476] [info] Frame 19 (t = 0.666667):	 total squared error = 0.00899474, marker error: RMS = 0.0217579, max = 0.035812 (RShoulder)
[2024-11-21 17:15:44.541] [info] Frame 20 (t = 0.7):	 total squared error = 0.00882003, marker error: RMS = 0.0215456, max = 0.0338938 (RShoulder)
[2024-11-21 17:15:44.608] [info] Frame 21 (t = 0.733333):	 total squared error = 0.00824016, marker error: RMS = 0.0208253, max = 0.034754 (Neck)
[2024-11-21 17:15:44.683] [info] Frame 22 (t = 0.766667):	 total squared error = 0.00737310, marker error: RMS = 0.0196992, max = 0.0354841 (Neck)
[2024-11-21 17:15:44.754] [info] Frame 23 (t = 0.8):	 total squared error = 0.00649508, marker error: RMS = 0.0184891, max = 0.0357456 (Neck)
[2024-11-21 17:15:44.832] [info] Frame 24 (t = 0.833333):	 total squared error = 0.00581670, marker error: RMS = 0.0174969, max = 0.0361463 (Neck)
[2024-11-21 17:15:44.879] [info] Frame 25 (t = 0.866667):	 total squared error = 0.00539333, marker error: RMS = 0.0168481, max = 0.0366264 (Neck)
[2024-11-21 17:15:44.951] [info] Frame 26 (t = 0.9):	 total squared error = 0.00532042, marker error: RMS = 0.0167339, max = 0.0373509 (Neck)
[2024-11-21 17:15:45.002] [info] Frame 27 (t = 0.933333):	 total squared error = 0.00558670, marker error: RMS = 0.0171475, max = 0.0378117 (Neck)
[2024-11-21 17:15:45.053] [info] Frame 28 (t = 0.966667):	 total squared error = 0.00605758, marker error: RMS = 0.0178555, max = 0.0377799 (Neck)
[2024-11-21 17:15:45.093] [info] Frame 29 (t = 1.0):	 total squared error = 0.00645160, marker error: RMS = 0.0184271, max = 0.0370461 (Neck)
[2024-11-21 17:15:45.120] [info] Frame 30 (t = 1.03333):	 total squared error = 0.00654810, marker error: RMS = 0.0185644, max = 0.0356549 (Neck)
[2024-11-21 17:15:45.183] [info] Frame 31 (t = 1.06667):	 total squared error = 0.00635235, marker error: RMS = 0.0182848, max = 0.0337021 (Neck)
[2024-11-21 17:15:45.222] [info] Frame 32 (t = 1.1):	 total squared error = 0.00615830, marker error: RMS = 0.0180034, max = 0.0314471 (Neck)
[2024-11-21 17:15:45.369] [info] Frame 33 (t = 1.13333):	 total squared error = 0.00623621, marker error: RMS = 0.0181169, max = 0.0300574 (Neck)
[2024-11-21 17:15:45.408] [info] Frame 34 (t = 1.16667):	 total squared error = 0.00676535, marker error: RMS = 0.0188698, max = 0.0293815 (LKnee)
[2024-11-21 17:15:45.479] [info] Frame 35 (t = 1.2):	 total squared error = 0.00743785, marker error: RMS = 0.0197855, max = 0.0323693 (LKnee)
[2024-11-21 17:15:45.523] [info] Frame 36 (t = 1.23333):	 total squared error = 0.00788361, marker error: RMS = 0.0203698, max = 0.0342119 (LKnee)
[2024-11-21 17:15:45.572] [info] Frame 37 (t = 1.26667):	 total squared error = 0.00803038, marker error: RMS = 0.0205585, max = 0.0357341 (LKnee)
[2024-11-21 17:15:45.682] [info] Frame 38 (t = 1.3):	 total squared error = 0.00816395, marker error: RMS = 0.0207288, max = 0.0381422 (LKnee)
[2024-11-21 17:15:45.775] [info] Frame 39 (t = 1.33333):	 total squared error = 0.00853828, marker error: RMS = 0.0211987, max = 0.0414212 (LKnee)
[2024-11-21 17:15:45.857] [info] Frame 40 (t = 1.36667):	 total squared error = 0.00881022, marker error: RMS = 0.0215336, max = 0.0438619 (LKnee)
[2024-11-21 17:15:45.946] [info] Frame 41 (t = 1.4):	 total squared error = 0.00860659, marker error: RMS = 0.0212833, max = 0.0440502 (LKnee)
[2024-11-21 17:15:46.055] [info] Frame 42 (t = 1.43333):	 total squared error = 0.00799052, marker error: RMS = 0.0205074, max = 0.0415159 (LKnee)
[2024-11-21 17:15:46.133] [info] Frame 43 (t = 1.46667):	 total squared error = 0.00719322, marker error: RMS = 0.0194574, max = 0.0362421 (LKnee)
[2024-11-21 17:15:46.212] [info] Frame 44 (t = 1.5):	 total squared error = 0.00642726, marker error: RMS = 0.0183923, max = 0.0341611 (Neck)
[2024-11-21 17:15:46.267] [info] Frame 45 (t = 1.53333):	 total squared error = 0.00603984, marker error: RMS = 0.0178294, max = 0.0343791 (Neck)
[2024-11-21 17:15:46.344] [info] Frame 46 (t = 1.56667):	 total squared error = 0.00616594, marker error: RMS = 0.0180145, max = 0.0344178 (Neck)
[2024-11-21 17:15:46.420] [info] Frame 47 (t = 1.6):	 total squared error = 0.00659294, marker error: RMS = 0.0186279, max = 0.0349543 (Neck)
[2024-11-21 17:15:46.485] [info] Frame 48 (t = 1.63333):	 total squared error = 0.00695247, marker error: RMS = 0.019129, max = 0.0358124 (Neck)
[2024-11-21 17:15:46.550] [info] Frame 49 (t = 1.66667):	 total squared error = 0.00716147, marker error: RMS = 0.0194144, max = 0.0368146 (Neck)
[2024-11-21 17:15:46.592] [info] Frame 50 (t = 1.7):	 total squared error = 0.00730612, marker error: RMS = 0.0196095, max = 0.0372112 (Neck)
[2024-11-21 17:15:46.658] [info] Frame 51 (t = 1.73333):	 total squared error = 0.00751949, marker error: RMS = 0.0198938, max = 0.0370927 (Neck)
[2024-11-21 17:15:46.694] [info] Frame 52 (t = 1.76667):	 total squared error = 0.00794346, marker error: RMS = 0.0204469, max = 0.0363728 (Neck)
[2024-11-21 17:15:46.743] [info] Frame 53 (t = 1.8):	 total squared error = 0.00837305, marker error: RMS = 0.0209925, max = 0.0362872 (RHeel)
[2024-11-21 17:15:46.828] [info] Frame 54 (t = 1.83333):	 total squared error = 0.00853906, marker error: RMS = 0.0211996, max = 0.0373483 (RHeel)
[2024-11-21 17:15:46.883] [info] Frame 55 (t = 1.86667):	 total squared error = 0.00831786, marker error: RMS = 0.0209232, max = 0.0368291 (RHeel)
[2024-11-21 17:15:46.960] [info] Frame 56 (t = 1.9):	 total squared error = 0.00790159, marker error: RMS = 0.0203930, max = 0.0348098 (Neck)
[2024-11-21 17:15:47.041] [info] Frame 57 (t = 1.93333):	 total squared error = 0.00757993, marker error: RMS = 0.0199736, max = 0.0386883 (RKnee)
[2024-11-21 17:15:47.146] [info] Frame 58 (t = 1.96667):	 total squared error = 0.00735735, marker error: RMS = 0.0196781, max = 0.0422235 (RKnee)
[2024-11-21 17:15:47.191] [info] Frame 59 (t = 2.0):	 total squared error = 0.00689909, marker error: RMS = 0.0190554, max = 0.0430526 (RKnee)
[2024-11-21 17:15:47.258] [info] Frame 60 (t = 2.03333):	 total squared error = 0.00610749, marker error: RMS = 0.0179289, max = 0.0402545 (RKnee)
[2024-11-21 17:15:47.302] [info] Frame 61 (t = 2.06667):	 total squared error = 0.00526609, marker error: RMS = 0.0166482, max = 0.0370525 (Neck)
[2024-11-21 17:15:47.434] [info] Frame 62 (t = 2.1):	 total squared error = 0.00456013, marker error: RMS = 0.0154922, max = 0.0378998 (Neck)
[2024-11-21 17:15:47.479] [info] Frame 63 (t = 2.13333):	 total squared error = 0.00423400, marker error: RMS = 0.0149279, max = 0.0390693 (Neck)
[2024-11-21 17:15:47.568] [info] Frame 64 (t = 2.16667):	 total squared error = 0.00423106, marker error: RMS = 0.0149227, max = 0.0392284 (Neck)
[2024-11-21 17:15:47.628] [info] Frame 65 (t = 2.2):	 total squared error = 0.00470710, marker error: RMS = 0.0157398, max = 0.0397981 (Neck)
[2024-11-21 17:15:47.775] [info] Frame 66 (t = 2.23333):	 total squared error = 0.00560212, marker error: RMS = 0.0171712, max = 0.0405414 (Neck)
[2024-11-21 17:15:47.836] [info] Frame 67 (t = 2.26667):	 total squared error = 0.00673729, marker error: RMS = 0.0188307, max = 0.0414728 (Neck)
[2024-11-21 17:15:47.897] [info] Frame 68 (t = 2.3):	 total squared error = 0.00752347, marker error: RMS = 0.019899, max = 0.0419988 (Neck)
[2024-11-21 17:15:47.935] [info] Frame 69 (t = 2.33333):	 total squared error = 0.00756587, marker error: RMS = 0.019955, max = 0.0416545 (Neck)
[2024-11-21 17:15:48.130] [info] Frame 70 (t = 2.36667):	 total squared error = 0.00702732, marker error: RMS = 0.0192317, max = 0.0404200 (Neck)
[2024-11-21 17:15:48.183] [info] Frame 71 (t = 2.4):	 total squared error = 0.00643803, marker error: RMS = 0.0184077, max = 0.0386712 (Neck)
[2024-11-21 17:15:48.256] [info] Frame 72 (t = 2.43333):	 total squared error = 0.00596448, marker error: RMS = 0.0177178, max = 0.0366635 (Neck)
[2024-11-21 17:15:48.314] [info] Frame 73 (t = 2.46667):	 total squared error = 0.00546275, marker error: RMS = 0.0169562, max = 0.034849 (Neck)
[2024-11-21 17:15:48.378] [info] Frame 74 (t = 2.5):	 total squared error = 0.00493426, marker error: RMS = 0.0161152, max = 0.0334145 (Neck)
[2024-11-21 17:15:48.430] [info] Frame 75 (t = 2.53333):	 total squared error = 0.00462950, marker error: RMS = 0.0156095, max = 0.0324566 (Neck)
[2024-11-21 17:15:48.477] [info] Frame 76 (t = 2.56667):	 total squared error = 0.00460252, marker error: RMS = 0.015564, max = 0.0340388 (RShoulder)
[2024-11-21 17:15:48.516] [info] Frame 77 (t = 2.6):	 total squared error = 0.00471771, marker error: RMS = 0.0157576, max = 0.0357546 (RShoulder)
[2024-11-21 17:15:48.558] [info] Frame 78 (t = 2.63333):	 total squared error = 0.00491614, marker error: RMS = 0.0160855, max = 0.0372285 (RShoulder)
[2024-11-21 17:15:48.724] [info] Frame 79 (t = 2.66667):	 total squared error = 0.00514184, marker error: RMS = 0.0164506, max = 0.03795 (RShoulder)
[2024-11-21 17:15:48.813] [info] Frame 80 (t = 2.7):	 total squared error = 0.00558259, marker error: RMS = 0.0171412, max = 0.0386105 (RShoulder)
[2024-11-21 17:15:48.887] [info] Frame 81 (t = 2.73333):	 total squared error = 0.00615663, marker error: RMS = 0.0180009, max = 0.0393008 (RShoulder)
[2024-11-21 17:15:48.951] [info] Frame 82 (t = 2.76667):	 total squared error = 0.00677874, marker error: RMS = 0.0188885, max = 0.0401623 (RShoulder)
[2024-11-21 17:15:49.017] [info] Frame 83 (t = 2.8):	 total squared error = 0.00739267, marker error: RMS = 0.0197253, max = 0.0407146 (RShoulder)
[2024-11-21 17:15:49.088] [info] Frame 84 (t = 2.83333):	 total squared error = 0.00805824, marker error: RMS = 0.0205941, max = 0.0409753 (RShoulder)
[2024-11-21 17:15:49.162] [info] Frame 85 (t = 2.86667):	 total squared error = 0.00871891, marker error: RMS = 0.0214217, max = 0.0415017 (RShoulder)
[2024-11-21 17:15:49.243] [info] Frame 86 (t = 2.9):	 total squared error = 0.00897707, marker error: RMS = 0.0217365, max = 0.0424316 (RShoulder)
[2024-11-21 17:15:49.304] [info] Frame 87 (t = 2.93333):	 total squared error = 0.00867933, marker error: RMS = 0.021373, max = 0.0438329 (RShoulder)
[2024-11-21 17:15:49.343] [info] Frame 88 (t = 2.96667):	 total squared error = 0.00824054, marker error: RMS = 0.0208258, max = 0.0452737 (RShoulder)
[2024-11-21 17:15:49.395] [info] Frame 89 (t = 3.0):	 total squared error = 0.00794493, marker error: RMS = 0.0204488, max = 0.0473248 (LShoulder)
[2024-11-21 17:15:49.439] [info] Frame 90 (t = 3.03333):	 total squared error = 0.00763224, marker error: RMS = 0.0200424, max = 0.0487111 (LShoulder)
[2024-11-21 17:15:49.497] [info] Frame 91 (t = 3.06667):	 total squared error = 0.00732177, marker error: RMS = 0.0196305, max = 0.0491727 (LShoulder)
[2024-11-21 17:15:49.586] [info] Frame 92 (t = 3.1):	 total squared error = 0.00778823, marker error: RMS = 0.0202462, max = 0.0484919 (LShoulder)
[2024-11-21 17:15:49.682] [info] Frame 93 (t = 3.13333):	 total squared error = 0.00896134, marker error: RMS = 0.0217175, max = 0.0478752 (LShoulder)
[2024-11-21 17:15:49.861] [info] Frame 94 (t = 3.16667):	 total squared error = 0.00982950, marker error: RMS = 0.0227452, max = 0.0472944 (LShoulder)
[2024-11-21 17:15:49.958] [info] Frame 95 (t = 3.2):	 total squared error = 0.00981557, marker error: RMS = 0.022729, max = 0.0469356 (LShoulder)
[2024-11-21 17:15:50.040] [info] Frame 96 (t = 3.23333):	 total squared error = 0.00927548, marker error: RMS = 0.0220949, max = 0.0466443 (LShoulder)
[2024-11-21 17:15:50.101] [info] Frame 97 (t = 3.26667):	 total squared error = 0.00878599, marker error: RMS = 0.0215040, max = 0.0465659 (LShoulder)
[2024-11-21 17:15:50.172] [info] Frame 98 (t = 3.3):	 total squared error = 0.00858313, marker error: RMS = 0.0212543, max = 0.0466428 (LShoulder)
[2024-11-21 17:15:50.239] [info] Frame 99 (t = 3.33333):	 total squared error = 0.00876707, marker error: RMS = 0.0214808, max = 0.0467676 (LShoulder)
[2024-11-21 17:15:50.312] [info] Frame 100 (t = 3.36667):	 total squared error = 0.00924501, marker error: RMS = 0.0220586, max = 0.0468002 (LShoulder)
[2024-11-21 17:15:50.365] [info] Frame 101 (t = 3.4):	 total squared error = 0.00983861, marker error: RMS = 0.0227557, max = 0.0465941 (LShoulder)
[2024-11-21 17:15:50.442] [info] Frame 102 (t = 3.43333):	 total squared error = 0.0105742, marker error: RMS = 0.023591, max = 0.0463942 (RShoulder)
[2024-11-21 17:15:50.526] [info] Frame 103 (t = 3.46667):	 total squared error = 0.0112533, marker error: RMS = 0.0243367, max = 0.0482554 (RShoulder)
[2024-11-21 17:15:50.600] [info] Frame 104 (t = 3.5):	 total squared error = 0.0113811, marker error: RMS = 0.0244746, max = 0.049479 (RShoulder)
[2024-11-21 17:15:50.641] [info] Frame 105 (t = 3.53333):	 total squared error = 0.0109922, marker error: RMS = 0.0240528, max = 0.0501550 (RShoulder)
[2024-11-21 17:15:50.676] [info] Frame 106 (t = 3.56667):	 total squared error = 0.0106911, marker error: RMS = 0.0237211, max = 0.0505819 (RShoulder)
[2024-11-21 17:15:50.726] [info] Frame 107 (t = 3.6):	 total squared error = 0.0107274, marker error: RMS = 0.0237613, max = 0.0511419 (RShoulder)
[2024-11-21 17:15:50.811] [info] Frame 108 (t = 3.63333):	 total squared error = 0.0108508, marker error: RMS = 0.0238976, max = 0.0520935 (Neck)
[2024-11-21 17:15:50.856] [info] Frame 109 (t = 3.66667):	 total squared error = 0.0110958, marker error: RMS = 0.0241659, max = 0.0555594 (Neck)
[2024-11-21 17:15:50.927] [info] Frame 110 (t = 3.7):	 total squared error = 0.0114924, marker error: RMS = 0.024594, max = 0.0574948 (Neck)
[2024-11-21 17:15:51.032] [info] Frame 111 (t = 3.73333):	 total squared error = 0.0115718, marker error: RMS = 0.0246787, max = 0.0579823 (Neck)
[2024-11-21 17:15:51.093] [info] Frame 112 (t = 3.76667):	 total squared error = 0.0110383, marker error: RMS = 0.0241031, max = 0.0573688 (Neck)
[2024-11-21 17:15:51.178] [info] Frame 113 (t = 3.8):	 total squared error = 0.0105032, marker error: RMS = 0.0235117, max = 0.0555604 (Neck)
[2024-11-21 17:15:51.230] [info] Frame 114 (t = 3.83333):	 total squared error = 0.0106130, marker error: RMS = 0.0236342, max = 0.053973 (RShoulder)
[2024-11-21 17:15:51.374] [info] Frame 115 (t = 3.86667):	 total squared error = 0.0107568, marker error: RMS = 0.0237938, max = 0.0519767 (RShoulder)
[2024-11-21 17:15:51.440] [info] Frame 116 (t = 3.9):	 total squared error = 0.0103971, marker error: RMS = 0.0233927, max = 0.0491884 (RShoulder)
[2024-11-21 17:15:51.517] [info] Frame 117 (t = 3.93333):	 total squared error = 0.00960820, marker error: RMS = 0.0224877, max = 0.0464881 (RShoulder)
[2024-11-21 17:15:51.561] [info] Frame 118 (t = 3.96667):	 total squared error = 0.00881717, marker error: RMS = 0.0215421, max = 0.0445057 (RShoulder)
[2024-11-21 17:15:51.670] [info] Frame 119 (t = 4.0):	 total squared error = 0.00828804, marker error: RMS = 0.0208857, max = 0.0433058 (Neck)
[2024-11-21 17:15:51.775] [info] Frame 120 (t = 4.03333):	 total squared error = 0.00848901, marker error: RMS = 0.0211374, max = 0.0442728 (Neck)
[2024-11-21 17:15:51.852] [info] Frame 121 (t = 4.06667):	 total squared error = 0.00902767, marker error: RMS = 0.0217977, max = 0.0447706 (Neck)
[2024-11-21 17:15:51.898] [info] Frame 122 (t = 4.1):	 total squared error = 0.00938158, marker error: RMS = 0.0222209, max = 0.0443247 (RShoulder)
[2024-11-21 17:15:51.956] [info] Frame 123 (t = 4.13333):	 total squared error = 0.00961821, marker error: RMS = 0.0224994, max = 0.047152 (RShoulder)
[2024-11-21 17:15:52.032] [info] Frame 124 (t = 4.16667):	 total squared error = 0.00994380, marker error: RMS = 0.022877, max = 0.0502280 (RShoulder)
[2024-11-21 17:15:52.117] [info] Frame 125 (t = 4.2):	 total squared error = 0.0103936, marker error: RMS = 0.0233887, max = 0.0530608 (RShoulder)
[2024-11-21 17:15:52.162] [info] Frame 126 (t = 4.23333):	 total squared error = 0.0111507, marker error: RMS = 0.0242255, max = 0.0549144 (RShoulder)
[2024-11-21 17:15:52.278] [info] Frame 127 (t = 4.26667):	 total squared error = 0.0120095, marker error: RMS = 0.0251411, max = 0.0553584 (RShoulder)
[2024-11-21 17:15:52.339] [info] Frame 128 (t = 4.3):	 total squared error = 0.0123065, marker error: RMS = 0.0254501, max = 0.0552928 (LShoulder)
[2024-11-21 17:15:52.419] [info] Frame 129 (t = 4.33333):	 total squared error = 0.0118076, marker error: RMS = 0.0249289, max = 0.0548043 (LShoulder)
[2024-11-21 17:15:52.469] [info] Frame 130 (t = 4.36667):	 total squared error = 0.0111146, marker error: RMS = 0.0241864, max = 0.0535505 (LShoulder)
[2024-11-21 17:15:52.640] [info] Frame 131 (t = 4.4):	 total squared error = 0.0109184, marker error: RMS = 0.0239719, max = 0.0525674 (LShoulder)
[2024-11-21 17:15:52.680] [info] Frame 132 (t = 4.43333):	 total squared error = 0.0113396, marker error: RMS = 0.0244299, max = 0.0517040 (LShoulder)
[2024-11-21 17:15:52.748] [info] Frame 133 (t = 4.46667):	 total squared error = 0.0117614, marker error: RMS = 0.0248801, max = 0.0517919 (LShoulder)
[2024-11-21 17:15:52.829] [info] Frame 134 (t = 4.5):	 total squared error = 0.0119785, marker error: RMS = 0.0251088, max = 0.0524165 (LShoulder)
[2024-11-21 17:15:52.890] [info] Frame 135 (t = 4.53333):	 total squared error = 0.0120979, marker error: RMS = 0.0252335, max = 0.0534901 (LShoulder)
[2024-11-21 17:15:53.118] [info] Frame 136 (t = 4.56667):	 total squared error = 0.0126068, marker error: RMS = 0.0257588, max = 0.0537124 (LShoulder)
[2024-11-21 17:15:53.196] [info] Frame 137 (t = 4.6):	 total squared error = 0.0138124, marker error: RMS = 0.0269623, max = 0.0543813 (LShoulder)
[2024-11-21 17:15:53.254] [info] Frame 138 (t = 4.63333):	 total squared error = 0.0149807, marker error: RMS = 0.0280795, max = 0.0549047 (LShoulder)
[2024-11-21 17:15:53.334] [info] Frame 139 (t = 4.66667):	 total squared error = 0.0152278, marker error: RMS = 0.0283101, max = 0.0549687 (RShoulder)
[2024-11-21 17:15:53.442] [info] Frame 140 (t = 4.7):	 total squared error = 0.0143344, marker error: RMS = 0.0274671, max = 0.0553596 (RShoulder)
[2024-11-21 17:15:53.485] [info] Frame 141 (t = 4.73333):	 total squared error = 0.0130051, marker error: RMS = 0.0261625, max = 0.0552275 (RShoulder)
[2024-11-21 17:15:53.648] [info] Frame 142 (t = 4.76667):	 total squared error = 0.0119584, marker error: RMS = 0.0250876, max = 0.0545509 (RShoulder)
[2024-11-21 17:15:53.697] [info] Frame 143 (t = 4.8):	 total squared error = 0.0113644, marker error: RMS = 0.0244566, max = 0.0533424 (RShoulder)
[2024-11-21 17:15:53.855] [info] Frame 144 (t = 4.83333):	 total squared error = 0.0112125, marker error: RMS = 0.0242926, max = 0.0508961 (RShoulder)
[2024-11-21 17:15:53.965] [info] Frame 145 (t = 4.86667):	 total squared error = 0.0117986, marker error: RMS = 0.0249194, max = 0.0485433 (RShoulder)
[2024-11-21 17:15:54.054] [info] Frame 146 (t = 4.9):	 total squared error = 0.0128537, marker error: RMS = 0.0260098, max = 0.048564 (Neck)
[2024-11-21 17:15:54.092] [info] Frame 147 (t = 4.93333):	 total squared error = 0.0134034, marker error: RMS = 0.0265601, max = 0.0493429 (Neck)
[2024-11-21 17:15:54.275] [info] Frame 148 (t = 4.96667):	 total squared error = 0.0125425, marker error: RMS = 0.025693, max = 0.0506639 (Neck)
[2024-11-21 17:15:54.335] [info] Frame 149 (t = 5.0):	 total squared error = 0.0107046, marker error: RMS = 0.023736, max = 0.0498886 (Neck)
[2024-11-21 17:15:54.377] [info] Frame 150 (t = 5.03333):	 total squared error = 0.00903765, marker error: RMS = 0.0218098, max = 0.0480181 (Neck)
[2024-11-21 17:15:54.495] [info] Frame 151 (t = 5.06667):	 total squared error = 0.00792082, marker error: RMS = 0.0204178, max = 0.0436927 (Neck)
[2024-11-21 17:15:54.572] [info] Frame 152 (t = 5.1):	 total squared error = 0.00761175, marker error: RMS = 0.0200155, max = 0.0439088 (RShoulder)
[2024-11-21 17:15:54.650] [info] Frame 153 (t = 5.13333):	 total squared error = 0.00842196, marker error: RMS = 0.0210538, max = 0.046361 (RShoulder)
[2024-11-21 17:15:54.741] [info] Frame 154 (t = 5.16667):	 total squared error = 0.0112088, marker error: RMS = 0.0242886, max = 0.0500037 (LShoulder)
[2024-11-21 17:15:54.745] [info] InverseKinematicsTool completed 155 frames in 11 second(s).
