[2024-06-02 14:49:02.738] [info] Preparing to run InverseKinematicsTool.
[2024-06-02 14:49:02.761] [info] Loaded model Pose2Sim_scaled from file Model_Pose2Sim_Halpe26_scaled.osim
[2024-06-02 14:49:02.768] [cout] [info] 
               MODEL: Pose2Sim_scaled
         coordinates: 62
              forces: 0
           actuators: 0
             muscles: 0
            analyses: 0
              probes: 0
              bodies: 30
              joints: 30
         constraints: 20
             markers: 22
         controllers: 0
  contact geometries: 0
misc modelcomponents: 0
[2024-06-02 14:49:02.769] [info] Running tool .
[2024-06-02 14:49:02.994] [info] Frame 0 (t = 0.0333333):	 total squared error = 0.0162816, marker error: RMS = 0.0292733, max = 0.0624754 (RShoulder)
[2024-06-02 14:49:03.025] [info] Frame 1 (t = 0.0666667):	 total squared error = 0.0153709, marker error: RMS = 0.0284428, max = 0.0599281 (RShoulder)
[2024-06-02 14:49:03.058] [info] Frame 2 (t = 0.1):	 total squared error = 0.0145309, marker error: RMS = 0.0276547, max = 0.0574639 (RShoulder)
[2024-06-02 14:49:03.108] [info] Frame 3 (t = 0.133333):	 total squared error = 0.0136665, marker error: RMS = 0.0268196, max = 0.0550219 (RShoulder)
[2024-06-02 14:49:03.132] [info] Frame 4 (t = 0.166667):	 total squared error = 0.0127486, marker error: RMS = 0.0259033, max = 0.0524771 (RShoulder)
[2024-06-02 14:49:03.161] [info] Frame 5 (t = 0.2):	 total squared error = 0.0118469, marker error: RMS = 0.0249704, max = 0.0491157 (RShoulder)
[2024-06-02 14:49:03.193] [info] Frame 6 (t = 0.233333):	 total squared error = 0.0110232, marker error: RMS = 0.0240867, max = 0.0457798 (RShoulder)
[2024-06-02 14:49:03.246] [info] Frame 7 (t = 0.266667):	 total squared error = 0.0102496, marker error: RMS = 0.0232261, max = 0.0426187 (RShoulder)
[2024-06-02 14:49:03.279] [info] Frame 8 (t = 0.3):	 total squared error = 0.00956832, marker error: RMS = 0.0224409, max = 0.0394984 (RShoulder)
[2024-06-02 14:49:03.353] [info] Frame 9 (t = 0.333333):	 total squared error = 0.00898113, marker error: RMS = 0.0217415, max = 0.0371728 (RShoulder)
[2024-06-02 14:49:03.386] [info] Frame 10 (t = 0.366667):	 total squared error = 0.00851138, marker error: RMS = 0.0211652, max = 0.0369002 (RHip)
[2024-06-02 14:49:03.436] [info] Frame 11 (t = 0.4):	 total squared error = 0.00831549, marker error: RMS = 0.0209203, max = 0.0371504 (RHip)
[2024-06-02 14:49:03.500] [info] Frame 12 (t = 0.433333):	 total squared error = 0.00851368, marker error: RMS = 0.0211681, max = 0.0369385 (RHip)
[2024-06-02 14:49:03.532] [info] Frame 13 (t = 0.466667):	 total squared error = 0.00899831, marker error: RMS = 0.0217622, max = 0.0364959 (Neck)
[2024-06-02 14:49:03.588] [info] Frame 14 (t = 0.5):	 total squared error = 0.00934806, marker error: RMS = 0.0221811, max = 0.0363128 (RShoulder)
[2024-06-02 14:49:03.623] [info] Frame 15 (t = 0.533333):	 total squared error = 0.00932646, marker error: RMS = 0.0221555, max = 0.0367861 (RShoulder)
[2024-06-02 14:49:03.668] [info] Frame 16 (t = 0.566667):	 total squared error = 0.00893339, marker error: RMS = 0.0216836, max = 0.0364678 (RShoulder)
[2024-06-02 14:49:03.702] [info] Frame 17 (t = 0.6):	 total squared error = 0.00843795, marker error: RMS = 0.0210737, max = 0.0361939 (Neck)
[2024-06-02 14:49:03.760] [info] Frame 18 (t = 0.633333):	 total squared error = 0.00793348, marker error: RMS = 0.0204341, max = 0.0368349 (Neck)
[2024-06-02 14:49:03.795] [info] Frame 19 (t = 0.666667):	 total squared error = 0.00736570, marker error: RMS = 0.0196893, max = 0.0379082 (Neck)
[2024-06-02 14:49:03.837] [info] Frame 20 (t = 0.7):	 total squared error = 0.00670190, marker error: RMS = 0.0187812, max = 0.0388631 (Neck)
[2024-06-02 14:49:03.870] [info] Frame 21 (t = 0.733333):	 total squared error = 0.00604865, marker error: RMS = 0.0178424, max = 0.0396062 (Neck)
[2024-06-02 14:49:03.901] [info] Frame 22 (t = 0.766667):	 total squared error = 0.00557719, marker error: RMS = 0.0171329, max = 0.0399919 (Neck)
[2024-06-02 14:49:03.957] [info] Frame 23 (t = 0.8):	 total squared error = 0.00535392, marker error: RMS = 0.0167865, max = 0.0402736 (Neck)
[2024-06-02 14:49:03.996] [info] Frame 24 (t = 0.833333):	 total squared error = 0.00528911, marker error: RMS = 0.0166845, max = 0.0402686 (Neck)
[2024-06-02 14:49:04.059] [info] Frame 25 (t = 0.866667):	 total squared error = 0.00530117, marker error: RMS = 0.0167036, max = 0.0405470 (Neck)
[2024-06-02 14:49:04.096] [info] Frame 26 (t = 0.9):	 total squared error = 0.00544250, marker error: RMS = 0.0169248, max = 0.0407518 (Neck)
[2024-06-02 14:49:04.144] [info] Frame 27 (t = 0.933333):	 total squared error = 0.00573949, marker error: RMS = 0.0173804, max = 0.0410492 (Neck)
[2024-06-02 14:49:04.209] [info] Frame 28 (t = 0.966667):	 total squared error = 0.00600262, marker error: RMS = 0.0177743, max = 0.0412793 (Neck)
[2024-06-02 14:49:04.248] [info] Frame 29 (t = 1.0):	 total squared error = 0.00599139, marker error: RMS = 0.0177577, max = 0.0410003 (Neck)
[2024-06-02 14:49:04.323] [info] Frame 30 (t = 1.03333):	 total squared error = 0.00564935, marker error: RMS = 0.0172434, max = 0.0404151 (Neck)
[2024-06-02 14:49:04.355] [info] Frame 31 (t = 1.06667):	 total squared error = 0.00517446, marker error: RMS = 0.0165027, max = 0.0392832 (Neck)
[2024-06-02 14:49:04.459] [info] Frame 32 (t = 1.1):	 total squared error = 0.00488501, marker error: RMS = 0.0160345, max = 0.0383762 (Neck)
[2024-06-02 14:49:04.538] [info] Frame 33 (t = 1.13333):	 total squared error = 0.00489056, marker error: RMS = 0.0160436, max = 0.0373179 (Neck)
[2024-06-02 14:49:04.595] [info] Frame 34 (t = 1.16667):	 total squared error = 0.00515612, marker error: RMS = 0.0164735, max = 0.0365439 (Neck)
[2024-06-02 14:49:04.640] [info] Frame 35 (t = 1.2):	 total squared error = 0.00556196, marker error: RMS = 0.0171095, max = 0.0361323 (Neck)
[2024-06-02 14:49:04.690] [info] Frame 36 (t = 1.23333):	 total squared error = 0.00592382, marker error: RMS = 0.0176573, max = 0.0359833 (Neck)
[2024-06-02 14:49:04.737] [info] Frame 37 (t = 1.26667):	 total squared error = 0.00610620, marker error: RMS = 0.017927, max = 0.0360673 (Neck)
[2024-06-02 14:49:04.777] [info] Frame 38 (t = 1.3):	 total squared error = 0.00628715, marker error: RMS = 0.0181907, max = 0.0364718 (Neck)
[2024-06-02 14:49:04.822] [info] Frame 39 (t = 1.33333):	 total squared error = 0.00674022, marker error: RMS = 0.0188348, max = 0.0373461 (Neck)
[2024-06-02 14:49:04.912] [info] Frame 40 (t = 1.36667):	 total squared error = 0.00727134, marker error: RMS = 0.0195628, max = 0.0381839 (Neck)
[2024-06-02 14:49:04.949] [info] Frame 41 (t = 1.4):	 total squared error = 0.00762361, marker error: RMS = 0.0200310, max = 0.0395292 (Neck)
[2024-06-02 14:49:05.022] [info] Frame 42 (t = 1.43333):	 total squared error = 0.00750503, marker error: RMS = 0.0198746, max = 0.0404140 (Neck)
[2024-06-02 14:49:05.094] [info] Frame 43 (t = 1.46667):	 total squared error = 0.00705268, marker error: RMS = 0.0192664, max = 0.0412413 (Neck)
[2024-06-02 14:49:05.165] [info] Frame 44 (t = 1.5):	 total squared error = 0.00651376, marker error: RMS = 0.0185156, max = 0.0417825 (Neck)
[2024-06-02 14:49:05.235] [info] Frame 45 (t = 1.53333):	 total squared error = 0.00627713, marker error: RMS = 0.0181762, max = 0.0420368 (Neck)
[2024-06-02 14:49:05.326] [info] Frame 46 (t = 1.56667):	 total squared error = 0.00649641, marker error: RMS = 0.018491, max = 0.0419757 (Neck)
[2024-06-02 14:49:05.363] [info] Frame 47 (t = 1.6):	 total squared error = 0.00694645, marker error: RMS = 0.0191207, max = 0.0424532 (RShoulder)
[2024-06-02 14:49:05.470] [info] Frame 48 (t = 1.63333):	 total squared error = 0.00723425, marker error: RMS = 0.0195128, max = 0.0436934 (RShoulder)
[2024-06-02 14:49:05.511] [info] Frame 49 (t = 1.66667):	 total squared error = 0.00731132, marker error: RMS = 0.0196165, max = 0.0442734 (RShoulder)
[2024-06-02 14:49:05.572] [info] Frame 50 (t = 1.7):	 total squared error = 0.00715554, marker error: RMS = 0.0194064, max = 0.0442131 (RShoulder)
[2024-06-02 14:49:05.690] [info] Frame 51 (t = 1.73333):	 total squared error = 0.00681617, marker error: RMS = 0.0189406, max = 0.0436174 (RShoulder)
[2024-06-02 14:49:05.740] [info] Frame 52 (t = 1.76667):	 total squared error = 0.00634908, marker error: RMS = 0.0182801, max = 0.0424582 (RShoulder)
[2024-06-02 14:49:05.787] [info] Frame 53 (t = 1.8):	 total squared error = 0.00607463, marker error: RMS = 0.0178806, max = 0.0407453 (RShoulder)
[2024-06-02 14:49:05.824] [info] Frame 54 (t = 1.83333):	 total squared error = 0.00594771, marker error: RMS = 0.0176929, max = 0.0387825 (RShoulder)
[2024-06-02 14:49:05.928] [info] Frame 55 (t = 1.86667):	 total squared error = 0.00563486, marker error: RMS = 0.0172213, max = 0.0388789 (Neck)
[2024-06-02 14:49:06.001] [info] Frame 56 (t = 1.9):	 total squared error = 0.00528929, marker error: RMS = 0.0166848, max = 0.0392149 (Neck)
[2024-06-02 14:49:06.067] [info] Frame 57 (t = 1.93333):	 total squared error = 0.00527421, marker error: RMS = 0.016661, max = 0.0397478 (Neck)
[2024-06-02 14:49:06.151] [info] Frame 58 (t = 1.96667):	 total squared error = 0.00543176, marker error: RMS = 0.0169081, max = 0.0405187 (Neck)
[2024-06-02 14:49:06.187] [info] Frame 59 (t = 2.0):	 total squared error = 0.00549172, marker error: RMS = 0.0170011, max = 0.0411122 (Neck)
[2024-06-02 14:49:06.251] [info] Frame 60 (t = 2.03333):	 total squared error = 0.00540242, marker error: RMS = 0.0168623, max = 0.0417726 (Neck)
[2024-06-02 14:49:06.291] [info] Frame 61 (t = 2.06667):	 total squared error = 0.00539603, marker error: RMS = 0.0168524, max = 0.0428181 (Neck)
[2024-06-02 14:49:06.331] [info] Frame 62 (t = 2.1):	 total squared error = 0.00554616, marker error: RMS = 0.0170852, max = 0.0440190 (Neck)
[2024-06-02 14:49:06.552] [info] Frame 63 (t = 2.13333):	 total squared error = 0.00540581, marker error: RMS = 0.0168676, max = 0.0441743 (Neck)
[2024-06-02 14:49:06.595] [info] Frame 64 (t = 2.16667):	 total squared error = 0.00578999, marker error: RMS = 0.0174567, max = 0.0453561 (Neck)
[2024-06-02 14:49:06.668] [info] Frame 65 (t = 2.2):	 total squared error = 0.00643716, marker error: RMS = 0.0184065, max = 0.0464157 (Neck)
[2024-06-02 14:49:06.705] [info] Frame 66 (t = 2.23333):	 total squared error = 0.00784916, marker error: RMS = 0.0203252, max = 0.0480692 (Neck)
[2024-06-02 14:49:06.760] [info] Frame 67 (t = 2.26667):	 total squared error = 0.00963161, marker error: RMS = 0.022515, max = 0.0491705 (Neck)
[2024-06-02 14:49:06.801] [info] Frame 68 (t = 2.3):	 total squared error = 0.0106101, marker error: RMS = 0.0236311, max = 0.0492486 (Neck)
[2024-06-02 14:49:06.856] [info] Frame 69 (t = 2.33333):	 total squared error = 0.0101162, marker error: RMS = 0.0230744, max = 0.0479337 (Neck)
[2024-06-02 14:49:06.892] [info] Frame 70 (t = 2.36667):	 total squared error = 0.00860594, marker error: RMS = 0.0212825, max = 0.0458668 (Neck)
[2024-06-02 14:49:06.952] [info] Frame 71 (t = 2.4):	 total squared error = 0.00695673, marker error: RMS = 0.0191349, max = 0.0435143 (Neck)
[2024-06-02 14:49:07.006] [info] Frame 72 (t = 2.43333):	 total squared error = 0.00584253, marker error: RMS = 0.0175357, max = 0.0411556 (Neck)
[2024-06-02 14:49:07.066] [info] Frame 73 (t = 2.46667):	 total squared error = 0.00533892, marker error: RMS = 0.0167629, max = 0.0389269 (Neck)
[2024-06-02 14:49:07.113] [info] Frame 74 (t = 2.5):	 total squared error = 0.00513615, marker error: RMS = 0.0164415, max = 0.0368461 (Neck)
[2024-06-02 14:49:07.201] [info] Frame 75 (t = 2.53333):	 total squared error = 0.00509119, marker error: RMS = 0.0163694, max = 0.0352607 (Neck)
[2024-06-02 14:49:07.319] [info] Frame 76 (t = 2.56667):	 total squared error = 0.00513267, marker error: RMS = 0.0164359, max = 0.0346711 (RShoulder)
[2024-06-02 14:49:07.387] [info] Frame 77 (t = 2.6):	 total squared error = 0.00523434, marker error: RMS = 0.0165979, max = 0.0372202 (RShoulder)
[2024-06-02 14:49:07.421] [info] Frame 78 (t = 2.63333):	 total squared error = 0.00534415, marker error: RMS = 0.0167711, max = 0.039714 (RShoulder)
[2024-06-02 14:49:07.459] [info] Frame 79 (t = 2.66667):	 total squared error = 0.00548137, marker error: RMS = 0.0169851, max = 0.0411802 (RShoulder)
[2024-06-02 14:49:07.542] [info] Frame 80 (t = 2.7):	 total squared error = 0.00555445, marker error: RMS = 0.0170979, max = 0.0419929 (RShoulder)
[2024-06-02 14:49:07.584] [info] Frame 81 (t = 2.73333):	 total squared error = 0.00564710, marker error: RMS = 0.01724, max = 0.0416714 (RShoulder)
[2024-06-02 14:49:07.644] [info] Frame 82 (t = 2.76667):	 total squared error = 0.00573949, marker error: RMS = 0.0173804, max = 0.0410918 (RShoulder)
[2024-06-02 14:49:07.740] [info] Frame 83 (t = 2.8):	 total squared error = 0.00601515, marker error: RMS = 0.0177929, max = 0.0412937 (Neck)
[2024-06-02 14:49:07.799] [info] Frame 84 (t = 2.83333):	 total squared error = 0.00663167, marker error: RMS = 0.0186825, max = 0.0426863 (Neck)
[2024-06-02 14:49:07.857] [info] Frame 85 (t = 2.86667):	 total squared error = 0.00741310, marker error: RMS = 0.0197525, max = 0.0435465 (Neck)
[2024-06-02 14:49:07.890] [info] Frame 86 (t = 2.9):	 total squared error = 0.00769690, marker error: RMS = 0.0201271, max = 0.0430049 (Neck)
[2024-06-02 14:49:07.969] [info] Frame 87 (t = 2.93333):	 total squared error = 0.00734084, marker error: RMS = 0.019656, max = 0.0410857 (Neck)
[2024-06-02 14:49:08.020] [info] Frame 88 (t = 2.96667):	 total squared error = 0.00691403, marker error: RMS = 0.0190761, max = 0.0430300 (RShoulder)
[2024-06-02 14:49:08.068] [info] Frame 89 (t = 3.0):	 total squared error = 0.00686397, marker error: RMS = 0.0190069, max = 0.0450095 (RShoulder)
[2024-06-02 14:49:08.102] [info] Frame 90 (t = 3.03333):	 total squared error = 0.00699083, marker error: RMS = 0.0191817, max = 0.0465918 (RShoulder)
[2024-06-02 14:49:08.166] [info] Frame 91 (t = 3.06667):	 total squared error = 0.00700375, marker error: RMS = 0.0191994, max = 0.0476076 (RShoulder)
[2024-06-02 14:49:08.205] [info] Frame 92 (t = 3.1):	 total squared error = 0.00713771, marker error: RMS = 0.0193822, max = 0.0483365 (LShoulder)
[2024-06-02 14:49:08.244] [info] Frame 93 (t = 3.13333):	 total squared error = 0.00736311, marker error: RMS = 0.0196858, max = 0.0479821 (LShoulder)
[2024-06-02 14:49:08.282] [info] Frame 94 (t = 3.16667):	 total squared error = 0.00743991, marker error: RMS = 0.0197882, max = 0.0467308 (LShoulder)
[2024-06-02 14:49:08.468] [info] Frame 95 (t = 3.2):	 total squared error = 0.00713034, marker error: RMS = 0.0193722, max = 0.0441873 (LShoulder)
[2024-06-02 14:49:08.508] [info] Frame 96 (t = 3.23333):	 total squared error = 0.00688364, marker error: RMS = 0.0190341, max = 0.0416659 (LShoulder)
[2024-06-02 14:49:08.575] [info] Frame 97 (t = 3.26667):	 total squared error = 0.00662143, marker error: RMS = 0.0186681, max = 0.0389243 (LShoulder)
[2024-06-02 14:49:08.616] [info] Frame 98 (t = 3.3):	 total squared error = 0.00677780, marker error: RMS = 0.0188872, max = 0.036696 (LShoulder)
[2024-06-02 14:49:08.680] [info] Frame 99 (t = 3.33333):	 total squared error = 0.00759102, marker error: RMS = 0.0199882, max = 0.0374852 (Neck)
[2024-06-02 14:49:08.714] [info] Frame 100 (t = 3.36667):	 total squared error = 0.00896288, marker error: RMS = 0.0217194, max = 0.0431267 (LElbow)
[2024-06-02 14:49:08.764] [info] Frame 101 (t = 3.4):	 total squared error = 0.0105825, marker error: RMS = 0.0236003, max = 0.049489 (LElbow)
[2024-06-02 14:49:08.859] [info] Frame 102 (t = 3.43333):	 total squared error = 0.0124126, marker error: RMS = 0.0255596, max = 0.0541644 (LElbow)
[2024-06-02 14:49:08.900] [info] Frame 103 (t = 3.46667):	 total squared error = 0.0137717, marker error: RMS = 0.0269226, max = 0.0561474 (LElbow)
[2024-06-02 14:49:08.939] [info] Frame 104 (t = 3.5):	 total squared error = 0.0137525, marker error: RMS = 0.0269038, max = 0.0547724 (LElbow)
[2024-06-02 14:49:08.983] [info] Frame 105 (t = 3.53333):	 total squared error = 0.0125517, marker error: RMS = 0.0257025, max = 0.0510719 (LWrist)
[2024-06-02 14:49:09.027] [info] Frame 106 (t = 3.56667):	 total squared error = 0.0110664, marker error: RMS = 0.0241338, max = 0.0474607 (LWrist)
[2024-06-02 14:49:09.064] [info] Frame 107 (t = 3.6):	 total squared error = 0.00993214, marker error: RMS = 0.0228636, max = 0.0471357 (RShoulder)
[2024-06-02 14:49:09.113] [info] Frame 108 (t = 3.63333):	 total squared error = 0.00922500, marker error: RMS = 0.0220347, max = 0.0488914 (RShoulder)
[2024-06-02 14:49:09.160] [info] Frame 109 (t = 3.66667):	 total squared error = 0.00898809, marker error: RMS = 0.0217499, max = 0.0500396 (RShoulder)
[2024-06-02 14:49:09.249] [info] Frame 110 (t = 3.7):	 total squared error = 0.00913606, marker error: RMS = 0.0219282, max = 0.0503716 (RShoulder)
[2024-06-02 14:49:09.287] [info] Frame 111 (t = 3.73333):	 total squared error = 0.00897141, marker error: RMS = 0.0217297, max = 0.0507419 (RShoulder)
[2024-06-02 14:49:09.381] [info] Frame 112 (t = 3.76667):	 total squared error = 0.00818850, marker error: RMS = 0.0207599, max = 0.0503933 (RShoulder)
[2024-06-02 14:49:09.416] [info] Frame 113 (t = 3.8):	 total squared error = 0.00774335, marker error: RMS = 0.0201877, max = 0.0505055 (RShoulder)
[2024-06-02 14:49:09.545] [info] Frame 114 (t = 3.83333):	 total squared error = 0.00840247, marker error: RMS = 0.0210294, max = 0.0504901 (RShoulder)
[2024-06-02 14:49:09.617] [info] Frame 115 (t = 3.86667):	 total squared error = 0.00964935, marker error: RMS = 0.0225358, max = 0.0507865 (RShoulder)
[2024-06-02 14:49:09.664] [info] Frame 116 (t = 3.9):	 total squared error = 0.0102096, marker error: RMS = 0.0231808, max = 0.0513052 (RShoulder)
[2024-06-02 14:49:09.711] [info] Frame 117 (t = 3.93333):	 total squared error = 0.0100783, marker error: RMS = 0.0230312, max = 0.0519286 (RShoulder)
[2024-06-02 14:49:09.788] [info] Frame 118 (t = 3.96667):	 total squared error = 0.00988987, marker error: RMS = 0.0228149, max = 0.0532165 (LShoulder)
[2024-06-02 14:49:09.876] [info] Frame 119 (t = 4.0):	 total squared error = 0.0100971, marker error: RMS = 0.0230527, max = 0.0560479 (LShoulder)
[2024-06-02 14:49:09.950] [info] Frame 120 (t = 4.03333):	 total squared error = 0.0106611, marker error: RMS = 0.0236877, max = 0.0585399 (LShoulder)
[2024-06-02 14:49:10.025] [info] Frame 121 (t = 4.06667):	 total squared error = 0.0111459, marker error: RMS = 0.0242204, max = 0.0604987 (LShoulder)
[2024-06-02 14:49:10.091] [info] Frame 122 (t = 4.1):	 total squared error = 0.0112475, marker error: RMS = 0.0243305, max = 0.0617838 (LShoulder)
[2024-06-02 14:49:10.171] [info] Frame 123 (t = 4.13333):	 total squared error = 0.0110969, marker error: RMS = 0.0241671, max = 0.0624613 (LShoulder)
[2024-06-02 14:49:10.223] [info] Frame 124 (t = 4.16667):	 total squared error = 0.0109190, marker error: RMS = 0.0239726, max = 0.0625993 (LShoulder)
[2024-06-02 14:49:10.298] [info] Frame 125 (t = 4.2):	 total squared error = 0.0107142, marker error: RMS = 0.0237467, max = 0.0624321 (LShoulder)
[2024-06-02 14:49:10.365] [info] Frame 126 (t = 4.23333):	 total squared error = 0.0106950, marker error: RMS = 0.0237254, max = 0.0620325 (LShoulder)
[2024-06-02 14:49:10.442] [info] Frame 127 (t = 4.26667):	 total squared error = 0.0108850, marker error: RMS = 0.0239352, max = 0.061456 (LShoulder)
[2024-06-02 14:49:10.501] [info] Frame 128 (t = 4.3):	 total squared error = 0.0108885, marker error: RMS = 0.023939, max = 0.0605841 (LShoulder)
[2024-06-02 14:49:10.567] [info] Frame 129 (t = 4.33333):	 total squared error = 0.0105019, marker error: RMS = 0.0235102, max = 0.0587517 (LShoulder)
[2024-06-02 14:49:10.639] [info] Frame 130 (t = 4.36667):	 total squared error = 0.0101954, marker error: RMS = 0.0231646, max = 0.0561233 (LShoulder)
[2024-06-02 14:49:10.675] [info] Frame 131 (t = 4.4):	 total squared error = 0.0104998, marker error: RMS = 0.0235079, max = 0.0528703 (LShoulder)
[2024-06-02 14:49:10.814] [info] Frame 132 (t = 4.43333):	 total squared error = 0.0113415, marker error: RMS = 0.024432, max = 0.0509721 (RShoulder)
[2024-06-02 14:49:10.856] [info] Frame 133 (t = 4.46667):	 total squared error = 0.0124465, marker error: RMS = 0.0255945, max = 0.0507600 (RShoulder)
[2024-06-02 14:49:10.975] [info] Frame 134 (t = 4.5):	 total squared error = 0.0135862, marker error: RMS = 0.0267407, max = 0.0517515 (RShoulder)
[2024-06-02 14:49:11.017] [info] Frame 135 (t = 4.53333):	 total squared error = 0.0147497, marker error: RMS = 0.0278622, max = 0.0564626 (LElbow)
[2024-06-02 14:49:11.104] [info] Frame 136 (t = 4.56667):	 total squared error = 0.0160615, marker error: RMS = 0.0290748, max = 0.0609652 (LElbow)
[2024-06-02 14:49:11.169] [info] Frame 137 (t = 4.6):	 total squared error = 0.0177527, marker error: RMS = 0.0305672, max = 0.0630394 (LElbow)
[2024-06-02 14:49:11.233] [info] Frame 138 (t = 4.63333):	 total squared error = 0.0191612, marker error: RMS = 0.0317566, max = 0.063759 (LWrist)
[2024-06-02 14:49:11.272] [info] Frame 139 (t = 4.66667):	 total squared error = 0.0192287, marker error: RMS = 0.0318126, max = 0.0660106 (LWrist)
[2024-06-02 14:49:11.326] [info] Frame 140 (t = 4.7):	 total squared error = 0.0176697, marker error: RMS = 0.0304957, max = 0.0647392 (LWrist)
[2024-06-02 14:49:11.373] [info] Frame 141 (t = 4.73333):	 total squared error = 0.0153239, marker error: RMS = 0.0283993, max = 0.0604476 (LWrist)
[2024-06-02 14:49:11.428] [info] Frame 142 (t = 4.76667):	 total squared error = 0.0131835, marker error: RMS = 0.0263414, max = 0.0572258 (RShoulder)
[2024-06-02 14:49:11.501] [info] Frame 143 (t = 4.8):	 total squared error = 0.0117599, marker error: RMS = 0.0248786, max = 0.0543269 (RShoulder)
[2024-06-02 14:49:11.600] [info] Frame 144 (t = 4.83333):	 total squared error = 0.0110729, marker error: RMS = 0.0241409, max = 0.0510569 (RShoulder)
[2024-06-02 14:49:11.723] [info] Frame 145 (t = 4.86667):	 total squared error = 0.0107781, marker error: RMS = 0.0238174, max = 0.048796 (RShoulder)
[2024-06-02 14:49:11.762] [info] Frame 146 (t = 4.9):	 total squared error = 0.0103004, marker error: RMS = 0.0232836, max = 0.0476283 (RShoulder)
[2024-06-02 14:49:11.829] [info] Frame 147 (t = 4.93333):	 total squared error = 0.00935776, marker error: RMS = 0.0221926, max = 0.0480054 (RShoulder)
[2024-06-02 14:49:11.894] [info] Frame 148 (t = 4.96667):	 total squared error = 0.00834028, marker error: RMS = 0.0209514, max = 0.048915 (RShoulder)
[2024-06-02 14:49:11.926] [info] Frame 149 (t = 5.0):	 total squared error = 0.00763376, marker error: RMS = 0.0200444, max = 0.0499265 (RShoulder)
[2024-06-02 14:49:11.970] [info] Frame 150 (t = 5.03333):	 total squared error = 0.00728764, marker error: RMS = 0.0195847, max = 0.0508471 (RShoulder)
[2024-06-02 14:49:12.061] [info] Frame 151 (t = 5.06667):	 total squared error = 0.00711993, marker error: RMS = 0.019358, max = 0.0516886 (RShoulder)
[2024-06-02 14:49:12.108] [info] Frame 152 (t = 5.1):	 total squared error = 0.00736157, marker error: RMS = 0.0196838, max = 0.051556 (RShoulder)
[2024-06-02 14:49:12.213] [info] Frame 153 (t = 5.13333):	 total squared error = 0.00812374, marker error: RMS = 0.0206776, max = 0.0507841 (RShoulder)
[2024-06-02 14:49:12.255] [info] Frame 154 (t = 5.16667):	 total squared error = 0.00972955, marker error: RMS = 0.0226292, max = 0.0498566 (RShoulder)
[2024-06-02 14:49:12.260] [info] InverseKinematicsTool completed 155 frames in 9 second(s).
