[2024-09-19 17:40:36.416] [info] Preparing to run ScaleTool.
[2024-09-19 17:40:36.423] [info] Processing subject Pose2Sim_scaled...
[2024-09-19 17:40:36.423] [info] Step 1: Loading generic model
[2024-09-19 17:40:36.457] [info] Loaded model Pose2Sim_AlphaPose from file c:\Users\mauricetemp\Desktop\NTKCAP\Patient_data\Patient_ID\2024_05_07\2024_09_19_17_39_calculated\Apose\opensim\Model_Pose2Sim_Halpe26.osim
[2024-09-19 17:40:36.458] [warning] Couldn't find file 'r_pelvis.vtp'.
[2024-09-19 17:40:36.459] [warning] Couldn't find file 'l_pelvis.vtp'.
[2024-09-19 17:40:36.460] [warning] Couldn't find file 'sacrum.vtp'.
[2024-09-19 17:40:36.460] [warning] Couldn't find file 'femur_r.vtp'.
[2024-09-19 17:40:36.461] [warning] Couldn't find file 'r_patella.vtp'.
[2024-09-19 17:40:36.463] [warning] Couldn't find file 'tibia_r.vtp'.
[2024-09-19 17:40:36.464] [warning] Couldn't find file 'fibula_r.vtp'.
[2024-09-19 17:40:36.465] [warning] Couldn't find file 'talus_rv.vtp'.
[2024-09-19 17:40:36.465] [warning] Couldn't find file 'foot.vtp'.
[2024-09-19 17:40:36.466] [warning] Couldn't find file 'bofoot.vtp'.
[2024-09-19 17:40:36.466] [warning] Couldn't find file 'femur_l.vtp'.
[2024-09-19 17:40:36.467] [warning] Couldn't find file 'l_patella.vtp'.
[2024-09-19 17:40:36.468] [warning] Couldn't find file 'tibia_l.vtp'.
[2024-09-19 17:40:36.468] [warning] Couldn't find file 'fibula_l.vtp'.
[2024-09-19 17:40:36.469] [warning] Couldn't find file 'talus_lv.vtp'.
[2024-09-19 17:40:36.470] [warning] Couldn't find file 'l_foot.vtp'.
[2024-09-19 17:40:36.470] [warning] Couldn't find file 'l_bofoot.vtp'.
[2024-09-19 17:40:36.471] [warning] Couldn't find file 'lumbar5.vtp'.
[2024-09-19 17:40:36.472] [warning] Couldn't find file 'lumbar4.vtp'.
[2024-09-19 17:40:36.473] [warning] Couldn't find file 'lumbar3.vtp'.
[2024-09-19 17:40:36.473] [warning] Couldn't find file 'lumbar2.vtp'.
[2024-09-19 17:40:36.474] [warning] Couldn't find file 'lumbar1.vtp'.
[2024-09-19 17:40:36.474] [warning] Couldn't find file 'cerv1sm.vtp'.
[2024-09-19 17:40:36.475] [warning] Couldn't find file 'cerv2sm.vtp'.
[2024-09-19 17:40:36.476] [warning] Couldn't find file 'cerv3sm.vtp'.
[2024-09-19 17:40:36.477] [warning] Couldn't find file 'cerv4sm.vtp'.
[2024-09-19 17:40:36.477] [warning] Couldn't find file 'cerv5sm.vtp'.
[2024-09-19 17:40:36.478] [warning] Couldn't find file 'cerv6sm.vtp'.
[2024-09-19 17:40:36.479] [warning] Couldn't find file 'cerv7.vtp'.
[2024-09-19 17:40:36.480] [warning] Couldn't find file 'thoracic12_s.vtp'.
[2024-09-19 17:40:36.481] [warning] Couldn't find file 'thoracic11_s.vtp'.
[2024-09-19 17:40:36.482] [warning] Couldn't find file 'thoracic10_s.vtp'.
[2024-09-19 17:40:36.482] [warning] Couldn't find file 'thoracic9_s.vtp'.
[2024-09-19 17:40:36.483] [warning] Couldn't find file 'thoracic8_s.vtp'.
[2024-09-19 17:40:36.484] [warning] Couldn't find file 'thoracic7_s.vtp'.
[2024-09-19 17:40:36.484] [warning] Couldn't find file 'thoracic6_s.vtp'.
[2024-09-19 17:40:36.485] [warning] Couldn't find file 'thoracic5_s.vtp'.
[2024-09-19 17:40:36.485] [warning] Couldn't find file 'thoracic4_s.vtp'.
[2024-09-19 17:40:36.486] [warning] Couldn't find file 'thoracic3_s.vtp'.
[2024-09-19 17:40:36.487] [warning] Couldn't find file 'thoracic2_s.vtp'.
[2024-09-19 17:40:36.488] [warning] Couldn't find file 'thoracic1_s.vtp'.
[2024-09-19 17:40:36.488] [warning] Couldn't find file 'hat_ribs_scap.vtp'.
[2024-09-19 17:40:36.489] [warning] Couldn't find file 'hat_jaw.vtp'.
[2024-09-19 17:40:36.489] [warning] Couldn't find file 'hat_skull.vtp'.
[2024-09-19 17:40:36.490] [warning] Couldn't find file 'humerus_rv.vtp'.
[2024-09-19 17:40:36.491] [warning] Couldn't find file 'ulna_rv.vtp'.
[2024-09-19 17:40:36.492] [warning] Couldn't find file 'radius_rv.vtp'.
[2024-09-19 17:40:36.493] [warning] Couldn't find file 'pisiform_rvs.vtp'.
[2024-09-19 17:40:36.493] [warning] Couldn't find file 'lunate_rvs.vtp'.
[2024-09-19 17:40:36.494] [warning] Couldn't find file 'scaphoid_rvs.vtp'.
[2024-09-19 17:40:36.494] [warning] Couldn't find file 'triquetrum_rvs.vtp'.
[2024-09-19 17:40:36.495] [warning] Couldn't find file 'hamate_rvs.vtp'.
[2024-09-19 17:40:36.496] [warning] Couldn't find file 'capitate_rvs.vtp'.
[2024-09-19 17:40:36.496] [warning] Couldn't find file 'trapezoid_rvs.vtp'.
[2024-09-19 17:40:36.497] [warning] Couldn't find file 'trapezium_rvs.vtp'.
[2024-09-19 17:40:36.498] [warning] Couldn't find file 'metacarpal2_rvs.vtp'.
[2024-09-19 17:40:36.498] [warning] Couldn't find file 'index_proximal_rvs.vtp'.
[2024-09-19 17:40:36.499] [warning] Couldn't find file 'index_medial_rvs.vtp'.
[2024-09-19 17:40:36.500] [warning] Couldn't find file 'index_distal_rvs.vtp'.
[2024-09-19 17:40:36.500] [warning] Couldn't find file 'metacarpal3_rvs.vtp'.
[2024-09-19 17:40:36.501] [warning] Couldn't find file 'middle_proximal_rvs.vtp'.
[2024-09-19 17:40:36.502] [warning] Couldn't find file 'middle_medial_rvs.vtp'.
[2024-09-19 17:40:36.502] [warning] Couldn't find file 'middle_distal_rvs.vtp'.
[2024-09-19 17:40:36.503] [warning] Couldn't find file 'metacarpal4_rvs.vtp'.
[2024-09-19 17:40:36.504] [warning] Couldn't find file 'ring_proximal_rvs.vtp'.
[2024-09-19 17:40:36.505] [warning] Couldn't find file 'ring_medial_rvs.vtp'.
[2024-09-19 17:40:36.505] [warning] Couldn't find file 'ring_distal_rvs.vtp'.
[2024-09-19 17:40:36.506] [warning] Couldn't find file 'metacarpal5_rvs.vtp'.
[2024-09-19 17:40:36.507] [warning] Couldn't find file 'little_proximal_rvs.vtp'.
[2024-09-19 17:40:36.507] [warning] Couldn't find file 'little_medial_rvs.vtp'.
[2024-09-19 17:40:36.508] [warning] Couldn't find file 'little_distal_rvs.vtp'.
[2024-09-19 17:40:36.508] [warning] Couldn't find file 'metacarpal1_rvs.vtp'.
[2024-09-19 17:40:36.509] [warning] Couldn't find file 'thumb_proximal_rvs.vtp'.
[2024-09-19 17:40:36.510] [warning] Couldn't find file 'thumb_distal_rvs.vtp'.
[2024-09-19 17:40:36.510] [warning] Couldn't find file 'humerus_lv.vtp'.
[2024-09-19 17:40:36.511] [warning] Couldn't find file 'ulna_lv.vtp'.
[2024-09-19 17:40:36.512] [warning] Couldn't find file 'radius_lv.vtp'.
[2024-09-19 17:40:36.513] [warning] Couldn't find file 'pisiform_lvs.vtp'.
[2024-09-19 17:40:36.513] [warning] Couldn't find file 'lunate_lvs.vtp'.
[2024-09-19 17:40:36.514] [warning] Couldn't find file 'scaphoid_lvs.vtp'.
[2024-09-19 17:40:36.515] [warning] Couldn't find file 'triquetrum_lvs.vtp'.
[2024-09-19 17:40:36.515] [warning] Couldn't find file 'hamate_lvs.vtp'.
[2024-09-19 17:40:36.516] [warning] Couldn't find file 'capitate_lvs.vtp'.
[2024-09-19 17:40:36.516] [warning] Couldn't find file 'trapezoid_lvs.vtp'.
[2024-09-19 17:40:36.517] [warning] Couldn't find file 'trapezium_lvs.vtp'.
[2024-09-19 17:40:36.518] [warning] Couldn't find file 'metacarpal2_lvs.vtp'.
[2024-09-19 17:40:36.518] [warning] Couldn't find file 'index_proximal_lvs.vtp'.
[2024-09-19 17:40:36.519] [warning] Couldn't find file 'index_medial_lvs.vtp'.
[2024-09-19 17:40:36.520] [warning] Couldn't find file 'index_distal_lvs.vtp'.
[2024-09-19 17:40:36.520] [warning] Couldn't find file 'metacarpal3_lvs.vtp'.
[2024-09-19 17:40:36.521] [warning] Couldn't find file 'middle_proximal_lvs.vtp'.
[2024-09-19 17:40:36.523] [warning] Couldn't find file 'middle_medial_lvs.vtp'.
[2024-09-19 17:40:36.523] [warning] Couldn't find file 'middle_distal_lvs.vtp'.
[2024-09-19 17:40:36.524] [warning] Couldn't find file 'metacarpal4_lvs.vtp'.
[2024-09-19 17:40:36.525] [warning] Couldn't find file 'ring_proximal_lvs.vtp'.
[2024-09-19 17:40:36.525] [warning] Couldn't find file 'ring_medial_lvs.vtp'.
[2024-09-19 17:40:36.526] [warning] Couldn't find file 'ring_distal_lvs.vtp'.
[2024-09-19 17:40:36.526] [warning] Couldn't find file 'metacarpal5_lvs.vtp'.
[2024-09-19 17:40:36.527] [warning] Couldn't find file 'little_proximal_lvs.vtp'.
[2024-09-19 17:40:36.527] [warning] Couldn't find file 'little_medial_lvs.vtp'.
[2024-09-19 17:40:36.528] [warning] Couldn't find file 'little_distal_lvs.vtp'.
[2024-09-19 17:40:36.528] [warning] Couldn't find file 'metacarpal1_lvs.vtp'.
[2024-09-19 17:40:36.529] [warning] Couldn't find file 'thumb_proximal_lvs.vtp'.
[2024-09-19 17:40:36.530] [warning] Couldn't find file 'thumb_distal_lvs.vtp'.
[2024-09-19 17:40:36.545] [info] Step 2: Scaling generic model
[2024-09-19 17:40:36.564] [info] Loaded marker file Empty_project_filt_0-30.trc (22 markers, 50 frames)
[2024-09-19 17:40:36.564] [info] Measurement 'torso'
[2024-09-19 17:40:36.565] [info] 	pair 0 (LShoulder, LHip): model = 0.553062, experimental = 0.606714
[2024-09-19 17:40:36.566] [info] 	pair 1 (RShoulder, RHip): model = 0.553062, experimental = 0.615501
[2024-09-19 17:40:36.566] [info] 	overall scale factor = 1.10495
[2024-09-19 17:40:36.566] [info] Measurement 'arm'
[2024-09-19 17:40:36.567] [info] 	pair 0 (LShoulder, LElbow): model = 0.269526, experimental = 0.294905
[2024-09-19 17:40:36.567] [info] 	pair 1 (RShoulder, RElbow): model = 0.269526, experimental = 0.322826
[2024-09-19 17:40:36.567] [info] 	overall scale factor = 1.14596
[2024-09-19 17:40:36.568] [info] Measurement 'forearm'
[2024-09-19 17:40:36.568] [info] 	pair 0 (LElbow, LWrist): model = 0.237488, experimental = 0.264452
[2024-09-19 17:40:36.569] [info] 	pair 1 (RElbow, RWrist): model = 0.237488, experimental = 0.262303
[2024-09-19 17:40:36.569] [info] 	overall scale factor = 1.10901
[2024-09-19 17:40:36.569] [info] Measurement 'thigh'
[2024-09-19 17:40:36.570] [info] 	pair 0 (LHip, LKnee): model = 0.371469, experimental = 0.376258
[2024-09-19 17:40:36.570] [info] 	pair 1 (RHip, RKnee): model = 0.371469, experimental = 0.37877
[2024-09-19 17:40:36.571] [info] 	overall scale factor = 1.01627
[2024-09-19 17:40:36.571] [info] Measurement 'shank'
[2024-09-19 17:40:36.572] [info] 	pair 0 (LKnee, LAnkle): model = 0.388261, experimental = 0.38944
[2024-09-19 17:40:36.573] [info] 	pair 1 (RKnee, RAnkle): model = 0.388261, experimental = 0.396488
[2024-09-19 17:40:36.573] [info] 	overall scale factor = 1.01211
[2024-09-19 17:40:36.574] [info] Measurement 'foot'
[2024-09-19 17:40:36.574] [info] 	pair 0 (LHeel, LBigToe): model = 0.230688, experimental = 0.263984
[2024-09-19 17:40:36.575] [info] 	pair 1 (RHeel, RBigToe): model = 0.230688, experimental = 0.242853
[2024-09-19 17:40:36.575] [info] 	overall scale factor = 1.09853
[2024-09-19 17:40:36.576] [info] Measurement 'pelvis'
[2024-09-19 17:40:36.576] [info] 	pair 0 (RHip, LHip): model = 0.210813, experimental = 0.218064
[2024-09-19 17:40:36.577] [info] 	overall scale factor = 1.0344
[2024-09-19 17:40:36.639] [info] Wrote model file 'Model_Pose2Sim_Halpe26_scaled.osim' from model.
