[2024-06-02 14:53:23.806] [info] Updating Model file from 40000 to latest format...
[2024-06-02 14:53:23.815] [info] Loaded model Pose2Sim_scaled from file D:/NTKCAP/Patient_data/Patient_ID/2024_05_07/2024_06_02_14_47_calculated/Walk1\opensim\Model_Pose2Sim_Halpe26_scaled.osim
[2024-06-02 14:53:23.816] [warning] Couldn't find file 'r_pelvis.vtp'.
[2024-06-02 14:53:23.816] [warning] Couldn't find file 'l_pelvis.vtp'.
[2024-06-02 14:53:23.816] [warning] Couldn't find file 'sacrum.vtp'.
[2024-06-02 14:53:23.817] [warning] Couldn't find file 'femur_r.vtp'.
[2024-06-02 14:53:23.817] [warning] Couldn't find file 'r_patella.vtp'.
[2024-06-02 14:53:23.817] [warning] Couldn't find file 'tibia_r.vtp'.
[2024-06-02 14:53:23.817] [warning] Couldn't find file 'fibula_r.vtp'.
[2024-06-02 14:53:23.819] [warning] Couldn't find file 'talus_rv.vtp'.
[2024-06-02 14:53:23.819] [warning] Couldn't find file 'foot.vtp'.
[2024-06-02 14:53:23.819] [warning] Couldn't find file 'bofoot.vtp'.
[2024-06-02 14:53:23.819] [warning] Couldn't find file 'femur_l.vtp'.
[2024-06-02 14:53:23.819] [warning] Couldn't find file 'l_patella.vtp'.
[2024-06-02 14:53:23.819] [warning] Couldn't find file 'tibia_l.vtp'.
[2024-06-02 14:53:23.819] [warning] Couldn't find file 'fibula_l.vtp'.
[2024-06-02 14:53:23.819] [warning] Couldn't find file 'talus_lv.vtp'.
[2024-06-02 14:53:23.820] [warning] Couldn't find file 'l_foot.vtp'.
[2024-06-02 14:53:23.820] [warning] Couldn't find file 'l_bofoot.vtp'.
[2024-06-02 14:53:23.820] [warning] Couldn't find file 'lumbar5.vtp'.
[2024-06-02 14:53:23.820] [warning] Couldn't find file 'lumbar4.vtp'.
[2024-06-02 14:53:23.820] [warning] Couldn't find file 'lumbar3.vtp'.
[2024-06-02 14:53:23.820] [warning] Couldn't find file 'lumbar2.vtp'.
[2024-06-02 14:53:23.820] [warning] Couldn't find file 'lumbar1.vtp'.
[2024-06-02 14:53:23.820] [warning] Couldn't find file 'cerv1sm.vtp'.
[2024-06-02 14:53:23.821] [warning] Couldn't find file 'cerv2sm.vtp'.
[2024-06-02 14:53:23.821] [warning] Couldn't find file 'cerv3sm.vtp'.
[2024-06-02 14:53:23.821] [warning] Couldn't find file 'cerv4sm.vtp'.
[2024-06-02 14:53:23.821] [warning] Couldn't find file 'cerv5sm.vtp'.
[2024-06-02 14:53:23.822] [warning] Couldn't find file 'cerv6sm.vtp'.
[2024-06-02 14:53:23.822] [warning] Couldn't find file 'cerv7.vtp'.
[2024-06-02 14:53:23.822] [warning] Couldn't find file 'thoracic12_s.vtp'.
[2024-06-02 14:53:23.822] [warning] Couldn't find file 'thoracic11_s.vtp'.
[2024-06-02 14:53:23.823] [warning] Couldn't find file 'thoracic10_s.vtp'.
[2024-06-02 14:53:23.823] [warning] Couldn't find file 'thoracic9_s.vtp'.
[2024-06-02 14:53:23.823] [warning] Couldn't find file 'thoracic8_s.vtp'.
[2024-06-02 14:53:23.823] [warning] Couldn't find file 'thoracic7_s.vtp'.
[2024-06-02 14:53:23.823] [warning] Couldn't find file 'thoracic6_s.vtp'.
[2024-06-02 14:53:23.824] [warning] Couldn't find file 'thoracic5_s.vtp'.
[2024-06-02 14:53:23.824] [warning] Couldn't find file 'thoracic4_s.vtp'.
[2024-06-02 14:53:23.824] [warning] Couldn't find file 'thoracic3_s.vtp'.
[2024-06-02 14:53:23.824] [warning] Couldn't find file 'thoracic2_s.vtp'.
[2024-06-02 14:53:23.824] [warning] Couldn't find file 'thoracic1_s.vtp'.
[2024-06-02 14:53:23.824] [warning] Couldn't find file 'hat_ribs_scap.vtp'.
[2024-06-02 14:53:23.824] [warning] Couldn't find file 'hat_jaw.vtp'.
[2024-06-02 14:53:23.824] [warning] Couldn't find file 'hat_skull.vtp'.
[2024-06-02 14:53:23.824] [warning] Couldn't find file 'humerus_rv.vtp'.
[2024-06-02 14:53:23.825] [warning] Couldn't find file 'ulna_rv.vtp'.
[2024-06-02 14:53:23.825] [warning] Couldn't find file 'radius_rv.vtp'.
[2024-06-02 14:53:23.825] [warning] Couldn't find file 'pisiform_rvs.vtp'.
[2024-06-02 14:53:23.825] [warning] Couldn't find file 'lunate_rvs.vtp'.
[2024-06-02 14:53:23.825] [warning] Couldn't find file 'scaphoid_rvs.vtp'.
[2024-06-02 14:53:23.825] [warning] Couldn't find file 'triquetrum_rvs.vtp'.
[2024-06-02 14:53:23.825] [warning] Couldn't find file 'hamate_rvs.vtp'.
[2024-06-02 14:53:23.825] [warning] Couldn't find file 'capitate_rvs.vtp'.
[2024-06-02 14:53:23.825] [warning] Couldn't find file 'trapezoid_rvs.vtp'.
[2024-06-02 14:53:23.825] [warning] Couldn't find file 'trapezium_rvs.vtp'.
[2024-06-02 14:53:23.826] [warning] Couldn't find file 'metacarpal2_rvs.vtp'.
[2024-06-02 14:53:23.826] [warning] Couldn't find file 'index_proximal_rvs.vtp'.
[2024-06-02 14:53:23.826] [warning] Couldn't find file 'index_medial_rvs.vtp'.
[2024-06-02 14:53:23.826] [warning] Couldn't find file 'index_distal_rvs.vtp'.
[2024-06-02 14:53:23.826] [warning] Couldn't find file 'metacarpal3_rvs.vtp'.
[2024-06-02 14:53:23.826] [warning] Couldn't find file 'middle_proximal_rvs.vtp'.
[2024-06-02 14:53:23.826] [warning] Couldn't find file 'middle_medial_rvs.vtp'.
[2024-06-02 14:53:23.826] [warning] Couldn't find file 'middle_distal_rvs.vtp'.
[2024-06-02 14:53:23.827] [warning] Couldn't find file 'metacarpal4_rvs.vtp'.
[2024-06-02 14:53:23.827] [warning] Couldn't find file 'ring_proximal_rvs.vtp'.
[2024-06-02 14:53:23.827] [warning] Couldn't find file 'ring_medial_rvs.vtp'.
[2024-06-02 14:53:23.827] [warning] Couldn't find file 'ring_distal_rvs.vtp'.
[2024-06-02 14:53:23.827] [warning] Couldn't find file 'metacarpal5_rvs.vtp'.
[2024-06-02 14:53:23.827] [warning] Couldn't find file 'little_proximal_rvs.vtp'.
[2024-06-02 14:53:23.827] [warning] Couldn't find file 'little_medial_rvs.vtp'.
[2024-06-02 14:53:23.827] [warning] Couldn't find file 'little_distal_rvs.vtp'.
[2024-06-02 14:53:23.827] [warning] Couldn't find file 'metacarpal1_rvs.vtp'.
[2024-06-02 14:53:23.828] [warning] Couldn't find file 'thumb_proximal_rvs.vtp'.
[2024-06-02 14:53:23.828] [warning] Couldn't find file 'thumb_distal_rvs.vtp'.
[2024-06-02 14:53:23.828] [warning] Couldn't find file 'humerus_lv.vtp'.
[2024-06-02 14:53:23.828] [warning] Couldn't find file 'ulna_lv.vtp'.
[2024-06-02 14:53:23.828] [warning] Couldn't find file 'radius_lv.vtp'.
[2024-06-02 14:53:23.828] [warning] Couldn't find file 'pisiform_lvs.vtp'.
[2024-06-02 14:53:23.828] [warning] Couldn't find file 'lunate_lvs.vtp'.
[2024-06-02 14:53:23.828] [warning] Couldn't find file 'scaphoid_lvs.vtp'.
[2024-06-02 14:53:23.828] [warning] Couldn't find file 'triquetrum_lvs.vtp'.
[2024-06-02 14:53:23.829] [warning] Couldn't find file 'hamate_lvs.vtp'.
[2024-06-02 14:53:23.829] [warning] Couldn't find file 'capitate_lvs.vtp'.
[2024-06-02 14:53:23.829] [warning] Couldn't find file 'trapezoid_lvs.vtp'.
[2024-06-02 14:53:23.829] [warning] Couldn't find file 'trapezium_lvs.vtp'.
[2024-06-02 14:53:23.829] [warning] Couldn't find file 'metacarpal2_lvs.vtp'.
[2024-06-02 14:53:23.829] [warning] Couldn't find file 'index_proximal_lvs.vtp'.
[2024-06-02 14:53:23.829] [warning] Couldn't find file 'index_medial_lvs.vtp'.
[2024-06-02 14:53:23.829] [warning] Couldn't find file 'index_distal_lvs.vtp'.
[2024-06-02 14:53:23.829] [warning] Couldn't find file 'metacarpal3_lvs.vtp'.
[2024-06-02 14:53:23.829] [warning] Couldn't find file 'middle_proximal_lvs.vtp'.
[2024-06-02 14:53:23.829] [warning] Couldn't find file 'middle_medial_lvs.vtp'.
[2024-06-02 14:53:23.830] [warning] Couldn't find file 'middle_distal_lvs.vtp'.
[2024-06-02 14:53:23.830] [warning] Couldn't find file 'metacarpal4_lvs.vtp'.
[2024-06-02 14:53:23.830] [warning] Couldn't find file 'ring_proximal_lvs.vtp'.
[2024-06-02 14:53:23.830] [warning] Couldn't find file 'ring_medial_lvs.vtp'.
[2024-06-02 14:53:23.830] [warning] Couldn't find file 'ring_distal_lvs.vtp'.
[2024-06-02 14:53:23.831] [warning] Couldn't find file 'metacarpal5_lvs.vtp'.
[2024-06-02 14:53:23.831] [warning] Couldn't find file 'little_proximal_lvs.vtp'.
[2024-06-02 14:53:23.831] [warning] Couldn't find file 'little_medial_lvs.vtp'.
[2024-06-02 14:53:23.831] [warning] Couldn't find file 'little_distal_lvs.vtp'.
[2024-06-02 14:53:23.831] [warning] Couldn't find file 'metacarpal1_lvs.vtp'.
[2024-06-02 14:53:23.832] [warning] Couldn't find file 'thumb_proximal_lvs.vtp'.
[2024-06-02 14:53:23.832] [warning] Couldn't find file 'thumb_distal_lvs.vtp'.
[2024-06-02 14:53:24.440] [warning] Coordinate.setValue:  coordinate mtp_angle_r is locked. Unable to change its value.
[2024-06-02 14:53:24.440] [warning] Coordinate.setValue:  coordinate mtp_angle_l is locked. Unable to change its value.
[2024-06-02 14:53:24.441] [warning] Coordinate.setValue:  coordinate Abs_t1 is locked. Unable to change its value.
[2024-06-02 14:53:24.441] [warning] Coordinate.setValue:  coordinate Abs_t2 is locked. Unable to change its value.
[2024-06-02 14:54:00.544] [info] Updating Model file from 40000 to latest format...
[2024-06-02 14:54:00.553] [info] Loaded model Pose2Sim_scaled from file D:/NTKCAP/Patient_data/Patient_ID/2024_05_07/2024_06_02_14_47_calculated/Walk1\opensim\Model_Pose2Sim_Halpe26_scaled.osim
[2024-06-02 14:54:00.553] [warning] Couldn't find file 'r_pelvis.vtp'.
[2024-06-02 14:54:00.553] [warning] Couldn't find file 'l_pelvis.vtp'.
[2024-06-02 14:54:00.554] [warning] Couldn't find file 'sacrum.vtp'.
[2024-06-02 14:54:00.554] [warning] Couldn't find file 'femur_r.vtp'.
[2024-06-02 14:54:00.554] [warning] Couldn't find file 'r_patella.vtp'.
[2024-06-02 14:54:00.554] [warning] Couldn't find file 'tibia_r.vtp'.
[2024-06-02 14:54:00.554] [warning] Couldn't find file 'fibula_r.vtp'.
[2024-06-02 14:54:00.554] [warning] Couldn't find file 'talus_rv.vtp'.
[2024-06-02 14:54:00.554] [warning] Couldn't find file 'foot.vtp'.
[2024-06-02 14:54:00.554] [warning] Couldn't find file 'bofoot.vtp'.
[2024-06-02 14:54:00.554] [warning] Couldn't find file 'femur_l.vtp'.
[2024-06-02 14:54:00.554] [warning] Couldn't find file 'l_patella.vtp'.
[2024-06-02 14:54:00.555] [warning] Couldn't find file 'tibia_l.vtp'.
[2024-06-02 14:54:00.555] [warning] Couldn't find file 'fibula_l.vtp'.
[2024-06-02 14:54:00.555] [warning] Couldn't find file 'talus_lv.vtp'.
[2024-06-02 14:54:00.555] [warning] Couldn't find file 'l_foot.vtp'.
[2024-06-02 14:54:00.555] [warning] Couldn't find file 'l_bofoot.vtp'.
[2024-06-02 14:54:00.555] [warning] Couldn't find file 'lumbar5.vtp'.
[2024-06-02 14:54:00.555] [warning] Couldn't find file 'lumbar4.vtp'.
[2024-06-02 14:54:00.555] [warning] Couldn't find file 'lumbar3.vtp'.
[2024-06-02 14:54:00.555] [warning] Couldn't find file 'lumbar2.vtp'.
[2024-06-02 14:54:00.556] [warning] Couldn't find file 'lumbar1.vtp'.
[2024-06-02 14:54:00.556] [warning] Couldn't find file 'cerv1sm.vtp'.
[2024-06-02 14:54:00.556] [warning] Couldn't find file 'cerv2sm.vtp'.
[2024-06-02 14:54:00.556] [warning] Couldn't find file 'cerv3sm.vtp'.
[2024-06-02 14:54:00.556] [warning] Couldn't find file 'cerv4sm.vtp'.
[2024-06-02 14:54:00.556] [warning] Couldn't find file 'cerv5sm.vtp'.
[2024-06-02 14:54:00.556] [warning] Couldn't find file 'cerv6sm.vtp'.
[2024-06-02 14:54:00.556] [warning] Couldn't find file 'cerv7.vtp'.
[2024-06-02 14:54:00.556] [warning] Couldn't find file 'thoracic12_s.vtp'.
[2024-06-02 14:54:00.557] [warning] Couldn't find file 'thoracic11_s.vtp'.
[2024-06-02 14:54:00.557] [warning] Couldn't find file 'thoracic10_s.vtp'.
[2024-06-02 14:54:00.557] [warning] Couldn't find file 'thoracic9_s.vtp'.
[2024-06-02 14:54:00.558] [warning] Couldn't find file 'thoracic8_s.vtp'.
[2024-06-02 14:54:00.558] [warning] Couldn't find file 'thoracic7_s.vtp'.
[2024-06-02 14:54:00.558] [warning] Couldn't find file 'thoracic6_s.vtp'.
[2024-06-02 14:54:00.558] [warning] Couldn't find file 'thoracic5_s.vtp'.
[2024-06-02 14:54:00.558] [warning] Couldn't find file 'thoracic4_s.vtp'.
[2024-06-02 14:54:00.558] [warning] Couldn't find file 'thoracic3_s.vtp'.
[2024-06-02 14:54:00.559] [warning] Couldn't find file 'thoracic2_s.vtp'.
[2024-06-02 14:54:00.559] [warning] Couldn't find file 'thoracic1_s.vtp'.
[2024-06-02 14:54:00.559] [warning] Couldn't find file 'hat_ribs_scap.vtp'.
[2024-06-02 14:54:00.559] [warning] Couldn't find file 'hat_jaw.vtp'.
[2024-06-02 14:54:00.559] [warning] Couldn't find file 'hat_skull.vtp'.
[2024-06-02 14:54:00.559] [warning] Couldn't find file 'humerus_rv.vtp'.
[2024-06-02 14:54:00.560] [warning] Couldn't find file 'ulna_rv.vtp'.
[2024-06-02 14:54:00.560] [warning] Couldn't find file 'radius_rv.vtp'.
[2024-06-02 14:54:00.560] [warning] Couldn't find file 'pisiform_rvs.vtp'.
[2024-06-02 14:54:00.560] [warning] Couldn't find file 'lunate_rvs.vtp'.
[2024-06-02 14:54:00.561] [warning] Couldn't find file 'scaphoid_rvs.vtp'.
[2024-06-02 14:54:00.561] [warning] Couldn't find file 'triquetrum_rvs.vtp'.
[2024-06-02 14:54:00.561] [warning] Couldn't find file 'hamate_rvs.vtp'.
[2024-06-02 14:54:00.561] [warning] Couldn't find file 'capitate_rvs.vtp'.
[2024-06-02 14:54:00.561] [warning] Couldn't find file 'trapezoid_rvs.vtp'.
[2024-06-02 14:54:00.561] [warning] Couldn't find file 'trapezium_rvs.vtp'.
[2024-06-02 14:54:00.561] [warning] Couldn't find file 'metacarpal2_rvs.vtp'.
[2024-06-02 14:54:00.561] [warning] Couldn't find file 'index_proximal_rvs.vtp'.
[2024-06-02 14:54:00.562] [warning] Couldn't find file 'index_medial_rvs.vtp'.
[2024-06-02 14:54:00.562] [warning] Couldn't find file 'index_distal_rvs.vtp'.
[2024-06-02 14:54:00.562] [warning] Couldn't find file 'metacarpal3_rvs.vtp'.
[2024-06-02 14:54:00.562] [warning] Couldn't find file 'middle_proximal_rvs.vtp'.
[2024-06-02 14:54:00.562] [warning] Couldn't find file 'middle_medial_rvs.vtp'.
[2024-06-02 14:54:00.562] [warning] Couldn't find file 'middle_distal_rvs.vtp'.
[2024-06-02 14:54:00.562] [warning] Couldn't find file 'metacarpal4_rvs.vtp'.
[2024-06-02 14:54:00.563] [warning] Couldn't find file 'ring_proximal_rvs.vtp'.
[2024-06-02 14:54:00.563] [warning] Couldn't find file 'ring_medial_rvs.vtp'.
[2024-06-02 14:54:00.563] [warning] Couldn't find file 'ring_distal_rvs.vtp'.
[2024-06-02 14:54:00.563] [warning] Couldn't find file 'metacarpal5_rvs.vtp'.
[2024-06-02 14:54:00.563] [warning] Couldn't find file 'little_proximal_rvs.vtp'.
[2024-06-02 14:54:00.563] [warning] Couldn't find file 'little_medial_rvs.vtp'.
[2024-06-02 14:54:00.564] [warning] Couldn't find file 'little_distal_rvs.vtp'.
[2024-06-02 14:54:00.564] [warning] Couldn't find file 'metacarpal1_rvs.vtp'.
[2024-06-02 14:54:00.564] [warning] Couldn't find file 'thumb_proximal_rvs.vtp'.
[2024-06-02 14:54:00.564] [warning] Couldn't find file 'thumb_distal_rvs.vtp'.
[2024-06-02 14:54:00.564] [warning] Couldn't find file 'humerus_lv.vtp'.
[2024-06-02 14:54:00.565] [warning] Couldn't find file 'ulna_lv.vtp'.
[2024-06-02 14:54:00.565] [warning] Couldn't find file 'radius_lv.vtp'.
[2024-06-02 14:54:00.565] [warning] Couldn't find file 'pisiform_lvs.vtp'.
[2024-06-02 14:54:00.565] [warning] Couldn't find file 'lunate_lvs.vtp'.
[2024-06-02 14:54:00.565] [warning] Couldn't find file 'scaphoid_lvs.vtp'.
[2024-06-02 14:54:00.565] [warning] Couldn't find file 'triquetrum_lvs.vtp'.
[2024-06-02 14:54:00.565] [warning] Couldn't find file 'hamate_lvs.vtp'.
[2024-06-02 14:54:00.566] [warning] Couldn't find file 'capitate_lvs.vtp'.
[2024-06-02 14:54:00.566] [warning] Couldn't find file 'trapezoid_lvs.vtp'.
[2024-06-02 14:54:00.566] [warning] Couldn't find file 'trapezium_lvs.vtp'.
[2024-06-02 14:54:00.566] [warning] Couldn't find file 'metacarpal2_lvs.vtp'.
[2024-06-02 14:54:00.566] [warning] Couldn't find file 'index_proximal_lvs.vtp'.
[2024-06-02 14:54:00.566] [warning] Couldn't find file 'index_medial_lvs.vtp'.
[2024-06-02 14:54:00.566] [warning] Couldn't find file 'index_distal_lvs.vtp'.
[2024-06-02 14:54:00.567] [warning] Couldn't find file 'metacarpal3_lvs.vtp'.
[2024-06-02 14:54:00.567] [warning] Couldn't find file 'middle_proximal_lvs.vtp'.
[2024-06-02 14:54:00.567] [warning] Couldn't find file 'middle_medial_lvs.vtp'.
[2024-06-02 14:54:00.567] [warning] Couldn't find file 'middle_distal_lvs.vtp'.
[2024-06-02 14:54:00.567] [warning] Couldn't find file 'metacarpal4_lvs.vtp'.
[2024-06-02 14:54:00.567] [warning] Couldn't find file 'ring_proximal_lvs.vtp'.
[2024-06-02 14:54:00.568] [warning] Couldn't find file 'ring_medial_lvs.vtp'.
[2024-06-02 14:54:00.568] [warning] Couldn't find file 'ring_distal_lvs.vtp'.
[2024-06-02 14:54:00.568] [warning] Couldn't find file 'metacarpal5_lvs.vtp'.
[2024-06-02 14:54:00.568] [warning] Couldn't find file 'little_proximal_lvs.vtp'.
[2024-06-02 14:54:00.568] [warning] Couldn't find file 'little_medial_lvs.vtp'.
[2024-06-02 14:54:00.568] [warning] Couldn't find file 'little_distal_lvs.vtp'.
[2024-06-02 14:54:00.569] [warning] Couldn't find file 'metacarpal1_lvs.vtp'.
[2024-06-02 14:54:00.569] [warning] Couldn't find file 'thumb_proximal_lvs.vtp'.
[2024-06-02 14:54:00.569] [warning] Couldn't find file 'thumb_distal_lvs.vtp'.
[2024-06-02 14:54:00.653] [warning] Coordinate.setValue:  coordinate mtp_angle_r is locked. Unable to change its value.
[2024-06-02 14:54:00.653] [warning] Coordinate.setValue:  coordinate mtp_angle_l is locked. Unable to change its value.
[2024-06-02 14:54:00.653] [warning] Coordinate.setValue:  coordinate Abs_t1 is locked. Unable to change its value.
[2024-06-02 14:54:00.653] [warning] Coordinate.setValue:  coordinate Abs_t2 is locked. Unable to change its value.
[2024-06-02 15:05:41.029] [info] Updating Model file from 40000 to latest format...
[2024-06-02 15:05:41.037] [info] Loaded model Pose2Sim_scaled from file D:/NTKCAP/Patient_data/Patient_ID/2024_05_07/2024_06_02_14_47_calculated/Walk1\opensim\Model_Pose2Sim_Halpe26_scaled.osim
[2024-06-02 15:05:41.038] [warning] Couldn't find file 'r_pelvis.vtp'.
[2024-06-02 15:05:41.038] [warning] Couldn't find file 'l_pelvis.vtp'.
[2024-06-02 15:05:41.038] [warning] Couldn't find file 'sacrum.vtp'.
[2024-06-02 15:05:41.038] [warning] Couldn't find file 'femur_r.vtp'.
[2024-06-02 15:05:41.039] [warning] Couldn't find file 'r_patella.vtp'.
[2024-06-02 15:05:41.039] [warning] Couldn't find file 'tibia_r.vtp'.
[2024-06-02 15:05:41.039] [warning] Couldn't find file 'fibula_r.vtp'.
[2024-06-02 15:05:41.039] [warning] Couldn't find file 'talus_rv.vtp'.
[2024-06-02 15:05:41.039] [warning] Couldn't find file 'foot.vtp'.
[2024-06-02 15:05:41.039] [warning] Couldn't find file 'bofoot.vtp'.
[2024-06-02 15:05:41.039] [warning] Couldn't find file 'femur_l.vtp'.
[2024-06-02 15:05:41.040] [warning] Couldn't find file 'l_patella.vtp'.
[2024-06-02 15:05:41.040] [warning] Couldn't find file 'tibia_l.vtp'.
[2024-06-02 15:05:41.040] [warning] Couldn't find file 'fibula_l.vtp'.
[2024-06-02 15:05:41.040] [warning] Couldn't find file 'talus_lv.vtp'.
[2024-06-02 15:05:41.040] [warning] Couldn't find file 'l_foot.vtp'.
[2024-06-02 15:05:41.040] [warning] Couldn't find file 'l_bofoot.vtp'.
[2024-06-02 15:05:41.041] [warning] Couldn't find file 'lumbar5.vtp'.
[2024-06-02 15:05:41.041] [warning] Couldn't find file 'lumbar4.vtp'.
[2024-06-02 15:05:41.041] [warning] Couldn't find file 'lumbar3.vtp'.
[2024-06-02 15:05:41.041] [warning] Couldn't find file 'lumbar2.vtp'.
[2024-06-02 15:05:41.041] [warning] Couldn't find file 'lumbar1.vtp'.
[2024-06-02 15:05:41.041] [warning] Couldn't find file 'cerv1sm.vtp'.
[2024-06-02 15:05:41.041] [warning] Couldn't find file 'cerv2sm.vtp'.
[2024-06-02 15:05:41.042] [warning] Couldn't find file 'cerv3sm.vtp'.
[2024-06-02 15:05:41.042] [warning] Couldn't find file 'cerv4sm.vtp'.
[2024-06-02 15:05:41.042] [warning] Couldn't find file 'cerv5sm.vtp'.
[2024-06-02 15:05:41.042] [warning] Couldn't find file 'cerv6sm.vtp'.
[2024-06-02 15:05:41.042] [warning] Couldn't find file 'cerv7.vtp'.
[2024-06-02 15:05:41.043] [warning] Couldn't find file 'thoracic12_s.vtp'.
[2024-06-02 15:05:41.043] [warning] Couldn't find file 'thoracic11_s.vtp'.
[2024-06-02 15:05:41.044] [warning] Couldn't find file 'thoracic10_s.vtp'.
[2024-06-02 15:05:41.044] [warning] Couldn't find file 'thoracic9_s.vtp'.
[2024-06-02 15:05:41.044] [warning] Couldn't find file 'thoracic8_s.vtp'.
[2024-06-02 15:05:41.044] [warning] Couldn't find file 'thoracic7_s.vtp'.
[2024-06-02 15:05:41.044] [warning] Couldn't find file 'thoracic6_s.vtp'.
[2024-06-02 15:05:41.044] [warning] Couldn't find file 'thoracic5_s.vtp'.
[2024-06-02 15:05:41.045] [warning] Couldn't find file 'thoracic4_s.vtp'.
[2024-06-02 15:05:41.045] [warning] Couldn't find file 'thoracic3_s.vtp'.
[2024-06-02 15:05:41.045] [warning] Couldn't find file 'thoracic2_s.vtp'.
[2024-06-02 15:05:41.045] [warning] Couldn't find file 'thoracic1_s.vtp'.
[2024-06-02 15:05:41.045] [warning] Couldn't find file 'hat_ribs_scap.vtp'.
[2024-06-02 15:05:41.046] [warning] Couldn't find file 'hat_jaw.vtp'.
[2024-06-02 15:05:41.046] [warning] Couldn't find file 'hat_skull.vtp'.
[2024-06-02 15:05:41.046] [warning] Couldn't find file 'humerus_rv.vtp'.
[2024-06-02 15:05:41.046] [warning] Couldn't find file 'ulna_rv.vtp'.
[2024-06-02 15:05:41.046] [warning] Couldn't find file 'radius_rv.vtp'.
[2024-06-02 15:05:41.046] [warning] Couldn't find file 'pisiform_rvs.vtp'.
[2024-06-02 15:05:41.047] [warning] Couldn't find file 'lunate_rvs.vtp'.
[2024-06-02 15:05:41.047] [warning] Couldn't find file 'scaphoid_rvs.vtp'.
[2024-06-02 15:05:41.047] [warning] Couldn't find file 'triquetrum_rvs.vtp'.
[2024-06-02 15:05:41.047] [warning] Couldn't find file 'hamate_rvs.vtp'.
[2024-06-02 15:05:41.047] [warning] Couldn't find file 'capitate_rvs.vtp'.
[2024-06-02 15:05:41.047] [warning] Couldn't find file 'trapezoid_rvs.vtp'.
[2024-06-02 15:05:41.047] [warning] Couldn't find file 'trapezium_rvs.vtp'.
[2024-06-02 15:05:41.047] [warning] Couldn't find file 'metacarpal2_rvs.vtp'.
[2024-06-02 15:05:41.048] [warning] Couldn't find file 'index_proximal_rvs.vtp'.
[2024-06-02 15:05:41.048] [warning] Couldn't find file 'index_medial_rvs.vtp'.
[2024-06-02 15:05:41.048] [warning] Couldn't find file 'index_distal_rvs.vtp'.
[2024-06-02 15:05:41.048] [warning] Couldn't find file 'metacarpal3_rvs.vtp'.
[2024-06-02 15:05:41.048] [warning] Couldn't find file 'middle_proximal_rvs.vtp'.
[2024-06-02 15:05:41.048] [warning] Couldn't find file 'middle_medial_rvs.vtp'.
[2024-06-02 15:05:41.049] [warning] Couldn't find file 'middle_distal_rvs.vtp'.
[2024-06-02 15:05:41.049] [warning] Couldn't find file 'metacarpal4_rvs.vtp'.
[2024-06-02 15:05:41.049] [warning] Couldn't find file 'ring_proximal_rvs.vtp'.
[2024-06-02 15:05:41.049] [warning] Couldn't find file 'ring_medial_rvs.vtp'.
[2024-06-02 15:05:41.049] [warning] Couldn't find file 'ring_distal_rvs.vtp'.
[2024-06-02 15:05:41.050] [warning] Couldn't find file 'metacarpal5_rvs.vtp'.
[2024-06-02 15:05:41.050] [warning] Couldn't find file 'little_proximal_rvs.vtp'.
[2024-06-02 15:05:41.050] [warning] Couldn't find file 'little_medial_rvs.vtp'.
[2024-06-02 15:05:41.050] [warning] Couldn't find file 'little_distal_rvs.vtp'.
[2024-06-02 15:05:41.050] [warning] Couldn't find file 'metacarpal1_rvs.vtp'.
[2024-06-02 15:05:41.050] [warning] Couldn't find file 'thumb_proximal_rvs.vtp'.
[2024-06-02 15:05:41.050] [warning] Couldn't find file 'thumb_distal_rvs.vtp'.
[2024-06-02 15:05:41.050] [warning] Couldn't find file 'humerus_lv.vtp'.
[2024-06-02 15:05:41.051] [warning] Couldn't find file 'ulna_lv.vtp'.
[2024-06-02 15:05:41.051] [warning] Couldn't find file 'radius_lv.vtp'.
[2024-06-02 15:05:41.051] [warning] Couldn't find file 'pisiform_lvs.vtp'.
[2024-06-02 15:05:41.051] [warning] Couldn't find file 'lunate_lvs.vtp'.
[2024-06-02 15:05:41.051] [warning] Couldn't find file 'scaphoid_lvs.vtp'.
[2024-06-02 15:05:41.052] [warning] Couldn't find file 'triquetrum_lvs.vtp'.
[2024-06-02 15:05:41.052] [warning] Couldn't find file 'hamate_lvs.vtp'.
[2024-06-02 15:05:41.052] [warning] Couldn't find file 'capitate_lvs.vtp'.
[2024-06-02 15:05:41.052] [warning] Couldn't find file 'trapezoid_lvs.vtp'.
[2024-06-02 15:05:41.053] [warning] Couldn't find file 'trapezium_lvs.vtp'.
[2024-06-02 15:05:41.053] [warning] Couldn't find file 'metacarpal2_lvs.vtp'.
[2024-06-02 15:05:41.053] [warning] Couldn't find file 'index_proximal_lvs.vtp'.
[2024-06-02 15:05:41.053] [warning] Couldn't find file 'index_medial_lvs.vtp'.
[2024-06-02 15:05:41.053] [warning] Couldn't find file 'index_distal_lvs.vtp'.
[2024-06-02 15:05:41.054] [warning] Couldn't find file 'metacarpal3_lvs.vtp'.
[2024-06-02 15:05:41.054] [warning] Couldn't find file 'middle_proximal_lvs.vtp'.
[2024-06-02 15:05:41.054] [warning] Couldn't find file 'middle_medial_lvs.vtp'.
[2024-06-02 15:05:41.054] [warning] Couldn't find file 'middle_distal_lvs.vtp'.
[2024-06-02 15:05:41.054] [warning] Couldn't find file 'metacarpal4_lvs.vtp'.
[2024-06-02 15:05:41.054] [warning] Couldn't find file 'ring_proximal_lvs.vtp'.
[2024-06-02 15:05:41.054] [warning] Couldn't find file 'ring_medial_lvs.vtp'.
[2024-06-02 15:05:41.055] [warning] Couldn't find file 'ring_distal_lvs.vtp'.
[2024-06-02 15:05:41.055] [warning] Couldn't find file 'metacarpal5_lvs.vtp'.
[2024-06-02 15:05:41.055] [warning] Couldn't find file 'little_proximal_lvs.vtp'.
[2024-06-02 15:05:41.055] [warning] Couldn't find file 'little_medial_lvs.vtp'.
[2024-06-02 15:05:41.056] [warning] Couldn't find file 'little_distal_lvs.vtp'.
[2024-06-02 15:05:41.056] [warning] Couldn't find file 'metacarpal1_lvs.vtp'.
[2024-06-02 15:05:41.056] [warning] Couldn't find file 'thumb_proximal_lvs.vtp'.
[2024-06-02 15:05:41.056] [warning] Couldn't find file 'thumb_distal_lvs.vtp'.
[2024-06-02 15:05:41.144] [warning] Coordinate.setValue:  coordinate mtp_angle_r is locked. Unable to change its value.
[2024-06-02 15:05:41.144] [warning] Coordinate.setValue:  coordinate mtp_angle_l is locked. Unable to change its value.
[2024-06-02 15:05:41.145] [warning] Coordinate.setValue:  coordinate Abs_t1 is locked. Unable to change its value.
[2024-06-02 15:05:41.145] [warning] Coordinate.setValue:  coordinate Abs_t2 is locked. Unable to change its value.
[2024-06-02 15:06:26.181] [info] Updating Model file from 40000 to latest format...
[2024-06-02 15:06:26.190] [info] Loaded model Pose2Sim_scaled from file D:/NTKCAP/Patient_data/Patient_ID/2024_05_07/2024_06_02_14_47_calculated/Walk1\opensim\Model_Pose2Sim_Halpe26_scaled.osim
[2024-06-02 15:06:26.191] [warning] Couldn't find file 'r_pelvis.vtp'.
[2024-06-02 15:06:26.191] [warning] Couldn't find file 'l_pelvis.vtp'.
[2024-06-02 15:06:26.191] [warning] Couldn't find file 'sacrum.vtp'.
[2024-06-02 15:06:26.192] [warning] Couldn't find file 'femur_r.vtp'.
[2024-06-02 15:06:26.192] [warning] Couldn't find file 'r_patella.vtp'.
[2024-06-02 15:06:26.192] [warning] Couldn't find file 'tibia_r.vtp'.
[2024-06-02 15:06:26.192] [warning] Couldn't find file 'fibula_r.vtp'.
[2024-06-02 15:06:26.192] [warning] Couldn't find file 'talus_rv.vtp'.
[2024-06-02 15:06:26.193] [warning] Couldn't find file 'foot.vtp'.
[2024-06-02 15:06:26.193] [warning] Couldn't find file 'bofoot.vtp'.
[2024-06-02 15:06:26.193] [warning] Couldn't find file 'femur_l.vtp'.
[2024-06-02 15:06:26.193] [warning] Couldn't find file 'l_patella.vtp'.
[2024-06-02 15:06:26.193] [warning] Couldn't find file 'tibia_l.vtp'.
[2024-06-02 15:06:26.194] [warning] Couldn't find file 'fibula_l.vtp'.
[2024-06-02 15:06:26.194] [warning] Couldn't find file 'talus_lv.vtp'.
[2024-06-02 15:06:26.194] [warning] Couldn't find file 'l_foot.vtp'.
[2024-06-02 15:06:26.195] [warning] Couldn't find file 'l_bofoot.vtp'.
[2024-06-02 15:06:26.195] [warning] Couldn't find file 'lumbar5.vtp'.
[2024-06-02 15:06:26.195] [warning] Couldn't find file 'lumbar4.vtp'.
[2024-06-02 15:06:26.195] [warning] Couldn't find file 'lumbar3.vtp'.
[2024-06-02 15:06:26.195] [warning] Couldn't find file 'lumbar2.vtp'.
[2024-06-02 15:06:26.196] [warning] Couldn't find file 'lumbar1.vtp'.
[2024-06-02 15:06:26.196] [warning] Couldn't find file 'cerv1sm.vtp'.
[2024-06-02 15:06:26.196] [warning] Couldn't find file 'cerv2sm.vtp'.
[2024-06-02 15:06:26.196] [warning] Couldn't find file 'cerv3sm.vtp'.
[2024-06-02 15:06:26.196] [warning] Couldn't find file 'cerv4sm.vtp'.
[2024-06-02 15:06:26.197] [warning] Couldn't find file 'cerv5sm.vtp'.
[2024-06-02 15:06:26.197] [warning] Couldn't find file 'cerv6sm.vtp'.
[2024-06-02 15:06:26.197] [warning] Couldn't find file 'cerv7.vtp'.
[2024-06-02 15:06:26.197] [warning] Couldn't find file 'thoracic12_s.vtp'.
[2024-06-02 15:06:26.197] [warning] Couldn't find file 'thoracic11_s.vtp'.
[2024-06-02 15:06:26.198] [warning] Couldn't find file 'thoracic10_s.vtp'.
[2024-06-02 15:06:26.198] [warning] Couldn't find file 'thoracic9_s.vtp'.
[2024-06-02 15:06:26.198] [warning] Couldn't find file 'thoracic8_s.vtp'.
[2024-06-02 15:06:26.198] [warning] Couldn't find file 'thoracic7_s.vtp'.
[2024-06-02 15:06:26.198] [warning] Couldn't find file 'thoracic6_s.vtp'.
[2024-06-02 15:06:26.198] [warning] Couldn't find file 'thoracic5_s.vtp'.
[2024-06-02 15:06:26.199] [warning] Couldn't find file 'thoracic4_s.vtp'.
[2024-06-02 15:06:26.199] [warning] Couldn't find file 'thoracic3_s.vtp'.
[2024-06-02 15:06:26.199] [warning] Couldn't find file 'thoracic2_s.vtp'.
[2024-06-02 15:06:26.199] [warning] Couldn't find file 'thoracic1_s.vtp'.
[2024-06-02 15:06:26.199] [warning] Couldn't find file 'hat_ribs_scap.vtp'.
[2024-06-02 15:06:26.199] [warning] Couldn't find file 'hat_jaw.vtp'.
[2024-06-02 15:06:26.199] [warning] Couldn't find file 'hat_skull.vtp'.
[2024-06-02 15:06:26.199] [warning] Couldn't find file 'humerus_rv.vtp'.
[2024-06-02 15:06:26.200] [warning] Couldn't find file 'ulna_rv.vtp'.
[2024-06-02 15:06:26.200] [warning] Couldn't find file 'radius_rv.vtp'.
[2024-06-02 15:06:26.200] [warning] Couldn't find file 'pisiform_rvs.vtp'.
[2024-06-02 15:06:26.201] [warning] Couldn't find file 'lunate_rvs.vtp'.
[2024-06-02 15:06:26.201] [warning] Couldn't find file 'scaphoid_rvs.vtp'.
[2024-06-02 15:06:26.201] [warning] Couldn't find file 'triquetrum_rvs.vtp'.
[2024-06-02 15:06:26.201] [warning] Couldn't find file 'hamate_rvs.vtp'.
[2024-06-02 15:06:26.201] [warning] Couldn't find file 'capitate_rvs.vtp'.
[2024-06-02 15:06:26.201] [warning] Couldn't find file 'trapezoid_rvs.vtp'.
[2024-06-02 15:06:26.202] [warning] Couldn't find file 'trapezium_rvs.vtp'.
[2024-06-02 15:06:26.202] [warning] Couldn't find file 'metacarpal2_rvs.vtp'.
[2024-06-02 15:06:26.202] [warning] Couldn't find file 'index_proximal_rvs.vtp'.
[2024-06-02 15:06:26.202] [warning] Couldn't find file 'index_medial_rvs.vtp'.
[2024-06-02 15:06:26.202] [warning] Couldn't find file 'index_distal_rvs.vtp'.
[2024-06-02 15:06:26.202] [warning] Couldn't find file 'metacarpal3_rvs.vtp'.
[2024-06-02 15:06:26.202] [warning] Couldn't find file 'middle_proximal_rvs.vtp'.
[2024-06-02 15:06:26.203] [warning] Couldn't find file 'middle_medial_rvs.vtp'.
[2024-06-02 15:06:26.203] [warning] Couldn't find file 'middle_distal_rvs.vtp'.
[2024-06-02 15:06:26.203] [warning] Couldn't find file 'metacarpal4_rvs.vtp'.
[2024-06-02 15:06:26.203] [warning] Couldn't find file 'ring_proximal_rvs.vtp'.
[2024-06-02 15:06:26.203] [warning] Couldn't find file 'ring_medial_rvs.vtp'.
[2024-06-02 15:06:26.203] [warning] Couldn't find file 'ring_distal_rvs.vtp'.
[2024-06-02 15:06:26.204] [warning] Couldn't find file 'metacarpal5_rvs.vtp'.
[2024-06-02 15:06:26.204] [warning] Couldn't find file 'little_proximal_rvs.vtp'.
[2024-06-02 15:06:26.204] [warning] Couldn't find file 'little_medial_rvs.vtp'.
[2024-06-02 15:06:26.204] [warning] Couldn't find file 'little_distal_rvs.vtp'.
[2024-06-02 15:06:26.204] [warning] Couldn't find file 'metacarpal1_rvs.vtp'.
[2024-06-02 15:06:26.204] [warning] Couldn't find file 'thumb_proximal_rvs.vtp'.
[2024-06-02 15:06:26.204] [warning] Couldn't find file 'thumb_distal_rvs.vtp'.
[2024-06-02 15:06:26.205] [warning] Couldn't find file 'humerus_lv.vtp'.
[2024-06-02 15:06:26.205] [warning] Couldn't find file 'ulna_lv.vtp'.
[2024-06-02 15:06:26.205] [warning] Couldn't find file 'radius_lv.vtp'.
[2024-06-02 15:06:26.205] [warning] Couldn't find file 'pisiform_lvs.vtp'.
[2024-06-02 15:06:26.205] [warning] Couldn't find file 'lunate_lvs.vtp'.
[2024-06-02 15:06:26.205] [warning] Couldn't find file 'scaphoid_lvs.vtp'.
[2024-06-02 15:06:26.206] [warning] Couldn't find file 'triquetrum_lvs.vtp'.
[2024-06-02 15:06:26.206] [warning] Couldn't find file 'hamate_lvs.vtp'.
[2024-06-02 15:06:26.206] [warning] Couldn't find file 'capitate_lvs.vtp'.
[2024-06-02 15:06:26.206] [warning] Couldn't find file 'trapezoid_lvs.vtp'.
[2024-06-02 15:06:26.207] [warning] Couldn't find file 'trapezium_lvs.vtp'.
[2024-06-02 15:06:26.207] [warning] Couldn't find file 'metacarpal2_lvs.vtp'.
[2024-06-02 15:06:26.207] [warning] Couldn't find file 'index_proximal_lvs.vtp'.
[2024-06-02 15:06:26.207] [warning] Couldn't find file 'index_medial_lvs.vtp'.
[2024-06-02 15:06:26.207] [warning] Couldn't find file 'index_distal_lvs.vtp'.
[2024-06-02 15:06:26.208] [warning] Couldn't find file 'metacarpal3_lvs.vtp'.
[2024-06-02 15:06:26.208] [warning] Couldn't find file 'middle_proximal_lvs.vtp'.
[2024-06-02 15:06:26.208] [warning] Couldn't find file 'middle_medial_lvs.vtp'.
[2024-06-02 15:06:26.208] [warning] Couldn't find file 'middle_distal_lvs.vtp'.
[2024-06-02 15:06:26.208] [warning] Couldn't find file 'metacarpal4_lvs.vtp'.
[2024-06-02 15:06:26.208] [warning] Couldn't find file 'ring_proximal_lvs.vtp'.
[2024-06-02 15:06:26.209] [warning] Couldn't find file 'ring_medial_lvs.vtp'.
[2024-06-02 15:06:26.209] [warning] Couldn't find file 'ring_distal_lvs.vtp'.
[2024-06-02 15:06:26.209] [warning] Couldn't find file 'metacarpal5_lvs.vtp'.
[2024-06-02 15:06:26.209] [warning] Couldn't find file 'little_proximal_lvs.vtp'.
[2024-06-02 15:06:26.209] [warning] Couldn't find file 'little_medial_lvs.vtp'.
[2024-06-02 15:06:26.209] [warning] Couldn't find file 'little_distal_lvs.vtp'.
[2024-06-02 15:06:26.209] [warning] Couldn't find file 'metacarpal1_lvs.vtp'.
[2024-06-02 15:06:26.210] [warning] Couldn't find file 'thumb_proximal_lvs.vtp'.
[2024-06-02 15:06:26.210] [warning] Couldn't find file 'thumb_distal_lvs.vtp'.
[2024-06-02 15:06:26.292] [warning] Coordinate.setValue:  coordinate mtp_angle_r is locked. Unable to change its value.
[2024-06-02 15:06:26.292] [warning] Coordinate.setValue:  coordinate mtp_angle_l is locked. Unable to change its value.
[2024-06-02 15:06:26.292] [warning] Coordinate.setValue:  coordinate Abs_t1 is locked. Unable to change its value.
[2024-06-02 15:06:26.292] [warning] Coordinate.setValue:  coordinate Abs_t2 is locked. Unable to change its value.
[2024-06-02 15:14:03.580] [info] Updating Model file from 40000 to latest format...
[2024-06-02 15:14:03.589] [info] Loaded model Pose2Sim_scaled from file D:/NTKCAP/Patient_data/Patient_ID/2024_05_07/2024_06_02_14_47_calculated/Walk1\opensim\Model_Pose2Sim_Halpe26_scaled.osim
[2024-06-02 15:14:03.590] [warning] Couldn't find file 'r_pelvis.vtp'.
[2024-06-02 15:14:03.590] [warning] Couldn't find file 'l_pelvis.vtp'.
[2024-06-02 15:14:03.591] [warning] Couldn't find file 'sacrum.vtp'.
[2024-06-02 15:14:03.591] [warning] Couldn't find file 'femur_r.vtp'.
[2024-06-02 15:14:03.591] [warning] Couldn't find file 'r_patella.vtp'.
[2024-06-02 15:14:03.591] [warning] Couldn't find file 'tibia_r.vtp'.
[2024-06-02 15:14:03.591] [warning] Couldn't find file 'fibula_r.vtp'.
[2024-06-02 15:14:03.591] [warning] Couldn't find file 'talus_rv.vtp'.
[2024-06-02 15:14:03.591] [warning] Couldn't find file 'foot.vtp'.
[2024-06-02 15:14:03.591] [warning] Couldn't find file 'bofoot.vtp'.
[2024-06-02 15:14:03.592] [warning] Couldn't find file 'femur_l.vtp'.
[2024-06-02 15:14:03.592] [warning] Couldn't find file 'l_patella.vtp'.
[2024-06-02 15:14:03.592] [warning] Couldn't find file 'tibia_l.vtp'.
[2024-06-02 15:14:03.592] [warning] Couldn't find file 'fibula_l.vtp'.
[2024-06-02 15:14:03.592] [warning] Couldn't find file 'talus_lv.vtp'.
[2024-06-02 15:14:03.592] [warning] Couldn't find file 'l_foot.vtp'.
[2024-06-02 15:14:03.593] [warning] Couldn't find file 'l_bofoot.vtp'.
[2024-06-02 15:14:03.593] [warning] Couldn't find file 'lumbar5.vtp'.
[2024-06-02 15:14:03.593] [warning] Couldn't find file 'lumbar4.vtp'.
[2024-06-02 15:14:03.593] [warning] Couldn't find file 'lumbar3.vtp'.
[2024-06-02 15:14:03.593] [warning] Couldn't find file 'lumbar2.vtp'.
[2024-06-02 15:14:03.593] [warning] Couldn't find file 'lumbar1.vtp'.
[2024-06-02 15:14:03.594] [warning] Couldn't find file 'cerv1sm.vtp'.
[2024-06-02 15:14:03.594] [warning] Couldn't find file 'cerv2sm.vtp'.
[2024-06-02 15:14:03.594] [warning] Couldn't find file 'cerv3sm.vtp'.
[2024-06-02 15:14:03.594] [warning] Couldn't find file 'cerv4sm.vtp'.
[2024-06-02 15:14:03.594] [warning] Couldn't find file 'cerv5sm.vtp'.
[2024-06-02 15:14:03.594] [warning] Couldn't find file 'cerv6sm.vtp'.
[2024-06-02 15:14:03.595] [warning] Couldn't find file 'cerv7.vtp'.
[2024-06-02 15:14:03.595] [warning] Couldn't find file 'thoracic12_s.vtp'.
[2024-06-02 15:14:03.595] [warning] Couldn't find file 'thoracic11_s.vtp'.
[2024-06-02 15:14:03.595] [warning] Couldn't find file 'thoracic10_s.vtp'.
[2024-06-02 15:14:03.596] [warning] Couldn't find file 'thoracic9_s.vtp'.
[2024-06-02 15:14:03.596] [warning] Couldn't find file 'thoracic8_s.vtp'.
[2024-06-02 15:14:03.596] [warning] Couldn't find file 'thoracic7_s.vtp'.
[2024-06-02 15:14:03.596] [warning] Couldn't find file 'thoracic6_s.vtp'.
[2024-06-02 15:14:03.596] [warning] Couldn't find file 'thoracic5_s.vtp'.
[2024-06-02 15:14:03.597] [warning] Couldn't find file 'thoracic4_s.vtp'.
[2024-06-02 15:14:03.597] [warning] Couldn't find file 'thoracic3_s.vtp'.
[2024-06-02 15:14:03.597] [warning] Couldn't find file 'thoracic2_s.vtp'.
[2024-06-02 15:14:03.597] [warning] Couldn't find file 'thoracic1_s.vtp'.
[2024-06-02 15:14:03.597] [warning] Couldn't find file 'hat_ribs_scap.vtp'.
[2024-06-02 15:14:03.597] [warning] Couldn't find file 'hat_jaw.vtp'.
[2024-06-02 15:14:03.598] [warning] Couldn't find file 'hat_skull.vtp'.
[2024-06-02 15:14:03.598] [warning] Couldn't find file 'humerus_rv.vtp'.
[2024-06-02 15:14:03.598] [warning] Couldn't find file 'ulna_rv.vtp'.
[2024-06-02 15:14:03.598] [warning] Couldn't find file 'radius_rv.vtp'.
[2024-06-02 15:14:03.598] [warning] Couldn't find file 'pisiform_rvs.vtp'.
[2024-06-02 15:14:03.598] [warning] Couldn't find file 'lunate_rvs.vtp'.
[2024-06-02 15:14:03.598] [warning] Couldn't find file 'scaphoid_rvs.vtp'.
[2024-06-02 15:14:03.599] [warning] Couldn't find file 'triquetrum_rvs.vtp'.
[2024-06-02 15:14:03.599] [warning] Couldn't find file 'hamate_rvs.vtp'.
[2024-06-02 15:14:03.599] [warning] Couldn't find file 'capitate_rvs.vtp'.
[2024-06-02 15:14:03.599] [warning] Couldn't find file 'trapezoid_rvs.vtp'.
[2024-06-02 15:14:03.599] [warning] Couldn't find file 'trapezium_rvs.vtp'.
[2024-06-02 15:14:03.600] [warning] Couldn't find file 'metacarpal2_rvs.vtp'.
[2024-06-02 15:14:03.600] [warning] Couldn't find file 'index_proximal_rvs.vtp'.
[2024-06-02 15:14:03.600] [warning] Couldn't find file 'index_medial_rvs.vtp'.
[2024-06-02 15:14:03.600] [warning] Couldn't find file 'index_distal_rvs.vtp'.
[2024-06-02 15:14:03.600] [warning] Couldn't find file 'metacarpal3_rvs.vtp'.
[2024-06-02 15:14:03.600] [warning] Couldn't find file 'middle_proximal_rvs.vtp'.
[2024-06-02 15:14:03.601] [warning] Couldn't find file 'middle_medial_rvs.vtp'.
[2024-06-02 15:14:03.601] [warning] Couldn't find file 'middle_distal_rvs.vtp'.
[2024-06-02 15:14:03.601] [warning] Couldn't find file 'metacarpal4_rvs.vtp'.
[2024-06-02 15:14:03.601] [warning] Couldn't find file 'ring_proximal_rvs.vtp'.
[2024-06-02 15:14:03.601] [warning] Couldn't find file 'ring_medial_rvs.vtp'.
[2024-06-02 15:14:03.602] [warning] Couldn't find file 'ring_distal_rvs.vtp'.
[2024-06-02 15:14:03.602] [warning] Couldn't find file 'metacarpal5_rvs.vtp'.
[2024-06-02 15:14:03.602] [warning] Couldn't find file 'little_proximal_rvs.vtp'.
[2024-06-02 15:14:03.602] [warning] Couldn't find file 'little_medial_rvs.vtp'.
[2024-06-02 15:14:03.602] [warning] Couldn't find file 'little_distal_rvs.vtp'.
[2024-06-02 15:14:03.603] [warning] Couldn't find file 'metacarpal1_rvs.vtp'.
[2024-06-02 15:14:03.603] [warning] Couldn't find file 'thumb_proximal_rvs.vtp'.
[2024-06-02 15:14:03.603] [warning] Couldn't find file 'thumb_distal_rvs.vtp'.
[2024-06-02 15:14:03.603] [warning] Couldn't find file 'humerus_lv.vtp'.
[2024-06-02 15:14:03.603] [warning] Couldn't find file 'ulna_lv.vtp'.
[2024-06-02 15:14:03.604] [warning] Couldn't find file 'radius_lv.vtp'.
[2024-06-02 15:14:03.604] [warning] Couldn't find file 'pisiform_lvs.vtp'.
[2024-06-02 15:14:03.604] [warning] Couldn't find file 'lunate_lvs.vtp'.
[2024-06-02 15:14:03.604] [warning] Couldn't find file 'scaphoid_lvs.vtp'.
[2024-06-02 15:14:03.604] [warning] Couldn't find file 'triquetrum_lvs.vtp'.
[2024-06-02 15:14:03.604] [warning] Couldn't find file 'hamate_lvs.vtp'.
[2024-06-02 15:14:03.605] [warning] Couldn't find file 'capitate_lvs.vtp'.
[2024-06-02 15:14:03.605] [warning] Couldn't find file 'trapezoid_lvs.vtp'.
[2024-06-02 15:14:03.605] [warning] Couldn't find file 'trapezium_lvs.vtp'.
[2024-06-02 15:14:03.605] [warning] Couldn't find file 'metacarpal2_lvs.vtp'.
[2024-06-02 15:14:03.606] [warning] Couldn't find file 'index_proximal_lvs.vtp'.
[2024-06-02 15:14:03.606] [warning] Couldn't find file 'index_medial_lvs.vtp'.
[2024-06-02 15:14:03.606] [warning] Couldn't find file 'index_distal_lvs.vtp'.
[2024-06-02 15:14:03.606] [warning] Couldn't find file 'metacarpal3_lvs.vtp'.
[2024-06-02 15:14:03.606] [warning] Couldn't find file 'middle_proximal_lvs.vtp'.
[2024-06-02 15:14:03.606] [warning] Couldn't find file 'middle_medial_lvs.vtp'.
[2024-06-02 15:14:03.606] [warning] Couldn't find file 'middle_distal_lvs.vtp'.
[2024-06-02 15:14:03.606] [warning] Couldn't find file 'metacarpal4_lvs.vtp'.
[2024-06-02 15:14:03.607] [warning] Couldn't find file 'ring_proximal_lvs.vtp'.
[2024-06-02 15:14:03.607] [warning] Couldn't find file 'ring_medial_lvs.vtp'.
[2024-06-02 15:14:03.607] [warning] Couldn't find file 'ring_distal_lvs.vtp'.
[2024-06-02 15:14:03.607] [warning] Couldn't find file 'metacarpal5_lvs.vtp'.
[2024-06-02 15:14:03.607] [warning] Couldn't find file 'little_proximal_lvs.vtp'.
[2024-06-02 15:14:03.607] [warning] Couldn't find file 'little_medial_lvs.vtp'.
[2024-06-02 15:14:03.607] [warning] Couldn't find file 'little_distal_lvs.vtp'.
[2024-06-02 15:14:03.607] [warning] Couldn't find file 'metacarpal1_lvs.vtp'.
[2024-06-02 15:14:03.608] [warning] Couldn't find file 'thumb_proximal_lvs.vtp'.
[2024-06-02 15:14:03.608] [warning] Couldn't find file 'thumb_distal_lvs.vtp'.
[2024-06-02 15:14:03.692] [warning] Coordinate.setValue:  coordinate mtp_angle_r is locked. Unable to change its value.
[2024-06-02 15:14:03.692] [warning] Coordinate.setValue:  coordinate mtp_angle_l is locked. Unable to change its value.
[2024-06-02 15:14:03.693] [warning] Coordinate.setValue:  coordinate Abs_t1 is locked. Unable to change its value.
[2024-06-02 15:14:03.693] [warning] Coordinate.setValue:  coordinate Abs_t2 is locked. Unable to change its value.
[2024-06-02 15:14:24.023] [info] Updating Model file from 40000 to latest format...
[2024-06-02 15:14:24.031] [info] Loaded model Pose2Sim_scaled from file D:/NTKCAP/Patient_data/Patient_ID/2024_05_07/2024_06_02_14_47_calculated/Walk1\opensim\Model_Pose2Sim_Halpe26_scaled.osim
[2024-06-02 15:14:24.031] [warning] Couldn't find file 'r_pelvis.vtp'.
[2024-06-02 15:14:24.031] [warning] Couldn't find file 'l_pelvis.vtp'.
[2024-06-02 15:14:24.031] [warning] Couldn't find file 'sacrum.vtp'.
[2024-06-02 15:14:24.032] [warning] Couldn't find file 'femur_r.vtp'.
[2024-06-02 15:14:24.032] [warning] Couldn't find file 'r_patella.vtp'.
[2024-06-02 15:14:24.032] [warning] Couldn't find file 'tibia_r.vtp'.
[2024-06-02 15:14:24.032] [warning] Couldn't find file 'fibula_r.vtp'.
[2024-06-02 15:14:24.032] [warning] Couldn't find file 'talus_rv.vtp'.
[2024-06-02 15:14:24.032] [warning] Couldn't find file 'foot.vtp'.
[2024-06-02 15:14:24.032] [warning] Couldn't find file 'bofoot.vtp'.
[2024-06-02 15:14:24.032] [warning] Couldn't find file 'femur_l.vtp'.
[2024-06-02 15:14:24.032] [warning] Couldn't find file 'l_patella.vtp'.
[2024-06-02 15:14:24.032] [warning] Couldn't find file 'tibia_l.vtp'.
[2024-06-02 15:14:24.032] [warning] Couldn't find file 'fibula_l.vtp'.
[2024-06-02 15:14:24.032] [warning] Couldn't find file 'talus_lv.vtp'.
[2024-06-02 15:14:24.033] [warning] Couldn't find file 'l_foot.vtp'.
[2024-06-02 15:14:24.033] [warning] Couldn't find file 'l_bofoot.vtp'.
[2024-06-02 15:14:24.033] [warning] Couldn't find file 'lumbar5.vtp'.
[2024-06-02 15:14:24.033] [warning] Couldn't find file 'lumbar4.vtp'.
[2024-06-02 15:14:24.033] [warning] Couldn't find file 'lumbar3.vtp'.
[2024-06-02 15:14:24.034] [warning] Couldn't find file 'lumbar2.vtp'.
[2024-06-02 15:14:24.034] [warning] Couldn't find file 'lumbar1.vtp'.
[2024-06-02 15:14:24.034] [warning] Couldn't find file 'cerv1sm.vtp'.
[2024-06-02 15:14:24.034] [warning] Couldn't find file 'cerv2sm.vtp'.
[2024-06-02 15:14:24.034] [warning] Couldn't find file 'cerv3sm.vtp'.
[2024-06-02 15:14:24.034] [warning] Couldn't find file 'cerv4sm.vtp'.
[2024-06-02 15:14:24.034] [warning] Couldn't find file 'cerv5sm.vtp'.
[2024-06-02 15:14:24.035] [warning] Couldn't find file 'cerv6sm.vtp'.
[2024-06-02 15:14:24.035] [warning] Couldn't find file 'cerv7.vtp'.
[2024-06-02 15:14:24.035] [warning] Couldn't find file 'thoracic12_s.vtp'.
[2024-06-02 15:14:24.035] [warning] Couldn't find file 'thoracic11_s.vtp'.
[2024-06-02 15:14:24.035] [warning] Couldn't find file 'thoracic10_s.vtp'.
[2024-06-02 15:14:24.035] [warning] Couldn't find file 'thoracic9_s.vtp'.
[2024-06-02 15:14:24.035] [warning] Couldn't find file 'thoracic8_s.vtp'.
[2024-06-02 15:14:24.035] [warning] Couldn't find file 'thoracic7_s.vtp'.
[2024-06-02 15:14:24.036] [warning] Couldn't find file 'thoracic6_s.vtp'.
[2024-06-02 15:14:24.036] [warning] Couldn't find file 'thoracic5_s.vtp'.
[2024-06-02 15:14:24.036] [warning] Couldn't find file 'thoracic4_s.vtp'.
[2024-06-02 15:14:24.036] [warning] Couldn't find file 'thoracic3_s.vtp'.
[2024-06-02 15:14:24.036] [warning] Couldn't find file 'thoracic2_s.vtp'.
[2024-06-02 15:14:24.036] [warning] Couldn't find file 'thoracic1_s.vtp'.
[2024-06-02 15:14:24.036] [warning] Couldn't find file 'hat_ribs_scap.vtp'.
[2024-06-02 15:14:24.037] [warning] Couldn't find file 'hat_jaw.vtp'.
[2024-06-02 15:14:24.037] [warning] Couldn't find file 'hat_skull.vtp'.
[2024-06-02 15:14:24.037] [warning] Couldn't find file 'humerus_rv.vtp'.
[2024-06-02 15:14:24.037] [warning] Couldn't find file 'ulna_rv.vtp'.
[2024-06-02 15:14:24.037] [warning] Couldn't find file 'radius_rv.vtp'.
[2024-06-02 15:14:24.037] [warning] Couldn't find file 'pisiform_rvs.vtp'.
[2024-06-02 15:14:24.037] [warning] Couldn't find file 'lunate_rvs.vtp'.
[2024-06-02 15:14:24.038] [warning] Couldn't find file 'scaphoid_rvs.vtp'.
[2024-06-02 15:14:24.038] [warning] Couldn't find file 'triquetrum_rvs.vtp'.
[2024-06-02 15:14:24.038] [warning] Couldn't find file 'hamate_rvs.vtp'.
[2024-06-02 15:14:24.038] [warning] Couldn't find file 'capitate_rvs.vtp'.
[2024-06-02 15:14:24.038] [warning] Couldn't find file 'trapezoid_rvs.vtp'.
[2024-06-02 15:14:24.038] [warning] Couldn't find file 'trapezium_rvs.vtp'.
[2024-06-02 15:14:24.039] [warning] Couldn't find file 'metacarpal2_rvs.vtp'.
[2024-06-02 15:14:24.039] [warning] Couldn't find file 'index_proximal_rvs.vtp'.
[2024-06-02 15:14:24.039] [warning] Couldn't find file 'index_medial_rvs.vtp'.
[2024-06-02 15:14:24.039] [warning] Couldn't find file 'index_distal_rvs.vtp'.
[2024-06-02 15:14:24.039] [warning] Couldn't find file 'metacarpal3_rvs.vtp'.
[2024-06-02 15:14:24.039] [warning] Couldn't find file 'middle_proximal_rvs.vtp'.
[2024-06-02 15:14:24.039] [warning] Couldn't find file 'middle_medial_rvs.vtp'.
[2024-06-02 15:14:24.040] [warning] Couldn't find file 'middle_distal_rvs.vtp'.
[2024-06-02 15:14:24.040] [warning] Couldn't find file 'metacarpal4_rvs.vtp'.
[2024-06-02 15:14:24.040] [warning] Couldn't find file 'ring_proximal_rvs.vtp'.
[2024-06-02 15:14:24.040] [warning] Couldn't find file 'ring_medial_rvs.vtp'.
[2024-06-02 15:14:24.040] [warning] Couldn't find file 'ring_distal_rvs.vtp'.
[2024-06-02 15:14:24.040] [warning] Couldn't find file 'metacarpal5_rvs.vtp'.
[2024-06-02 15:14:24.041] [warning] Couldn't find file 'little_proximal_rvs.vtp'.
[2024-06-02 15:14:24.041] [warning] Couldn't find file 'little_medial_rvs.vtp'.
[2024-06-02 15:14:24.041] [warning] Couldn't find file 'little_distal_rvs.vtp'.
[2024-06-02 15:14:24.041] [warning] Couldn't find file 'metacarpal1_rvs.vtp'.
[2024-06-02 15:14:24.041] [warning] Couldn't find file 'thumb_proximal_rvs.vtp'.
[2024-06-02 15:14:24.042] [warning] Couldn't find file 'thumb_distal_rvs.vtp'.
[2024-06-02 15:14:24.042] [warning] Couldn't find file 'humerus_lv.vtp'.
[2024-06-02 15:14:24.042] [warning] Couldn't find file 'ulna_lv.vtp'.
[2024-06-02 15:14:24.042] [warning] Couldn't find file 'radius_lv.vtp'.
[2024-06-02 15:14:24.042] [warning] Couldn't find file 'pisiform_lvs.vtp'.
[2024-06-02 15:14:24.043] [warning] Couldn't find file 'lunate_lvs.vtp'.
[2024-06-02 15:14:24.043] [warning] Couldn't find file 'scaphoid_lvs.vtp'.
[2024-06-02 15:14:24.043] [warning] Couldn't find file 'triquetrum_lvs.vtp'.
[2024-06-02 15:14:24.043] [warning] Couldn't find file 'hamate_lvs.vtp'.
[2024-06-02 15:14:24.043] [warning] Couldn't find file 'capitate_lvs.vtp'.
[2024-06-02 15:14:24.043] [warning] Couldn't find file 'trapezoid_lvs.vtp'.
[2024-06-02 15:14:24.043] [warning] Couldn't find file 'trapezium_lvs.vtp'.
[2024-06-02 15:14:24.044] [warning] Couldn't find file 'metacarpal2_lvs.vtp'.
[2024-06-02 15:14:24.044] [warning] Couldn't find file 'index_proximal_lvs.vtp'.
[2024-06-02 15:14:24.044] [warning] Couldn't find file 'index_medial_lvs.vtp'.
[2024-06-02 15:14:24.044] [warning] Couldn't find file 'index_distal_lvs.vtp'.
[2024-06-02 15:14:24.045] [warning] Couldn't find file 'metacarpal3_lvs.vtp'.
[2024-06-02 15:14:24.045] [warning] Couldn't find file 'middle_proximal_lvs.vtp'.
[2024-06-02 15:14:24.045] [warning] Couldn't find file 'middle_medial_lvs.vtp'.
[2024-06-02 15:14:24.045] [warning] Couldn't find file 'middle_distal_lvs.vtp'.
[2024-06-02 15:14:24.045] [warning] Couldn't find file 'metacarpal4_lvs.vtp'.
[2024-06-02 15:14:24.046] [warning] Couldn't find file 'ring_proximal_lvs.vtp'.
[2024-06-02 15:14:24.046] [warning] Couldn't find file 'ring_medial_lvs.vtp'.
[2024-06-02 15:14:24.046] [warning] Couldn't find file 'ring_distal_lvs.vtp'.
[2024-06-02 15:14:24.046] [warning] Couldn't find file 'metacarpal5_lvs.vtp'.
[2024-06-02 15:14:24.046] [warning] Couldn't find file 'little_proximal_lvs.vtp'.
[2024-06-02 15:14:24.047] [warning] Couldn't find file 'little_medial_lvs.vtp'.
[2024-06-02 15:14:24.047] [warning] Couldn't find file 'little_distal_lvs.vtp'.
[2024-06-02 15:14:24.047] [warning] Couldn't find file 'metacarpal1_lvs.vtp'.
[2024-06-02 15:14:24.047] [warning] Couldn't find file 'thumb_proximal_lvs.vtp'.
[2024-06-02 15:14:24.047] [warning] Couldn't find file 'thumb_distal_lvs.vtp'.
[2024-06-02 15:14:24.130] [warning] Coordinate.setValue:  coordinate mtp_angle_r is locked. Unable to change its value.
[2024-06-02 15:14:24.130] [warning] Coordinate.setValue:  coordinate mtp_angle_l is locked. Unable to change its value.
[2024-06-02 15:14:24.131] [warning] Coordinate.setValue:  coordinate Abs_t1 is locked. Unable to change its value.
[2024-06-02 15:14:24.131] [warning] Coordinate.setValue:  coordinate Abs_t2 is locked. Unable to change its value.
[2024-06-14 00:12:26.594] [info] Updating Model file from 40000 to latest format...
[2024-06-14 00:12:26.611] [info] Loaded model Pose2Sim_scaled from file C:/Users/Hermes/Desktop/NTKCAP/Patient_data/Patient_ID/2024_05_07/2024_06_02_14_47_calculated/Walk1\opensim\Model_Pose2Sim_Halpe26_scaled.osim
[2024-06-14 00:12:26.612] [warning] Couldn't find file 'r_pelvis.vtp'.
[2024-06-14 00:12:26.613] [warning] Couldn't find file 'l_pelvis.vtp'.
[2024-06-14 00:12:26.613] [warning] Couldn't find file 'sacrum.vtp'.
[2024-06-14 00:12:26.613] [warning] Couldn't find file 'femur_r.vtp'.
[2024-06-14 00:12:26.613] [warning] Couldn't find file 'r_patella.vtp'.
[2024-06-14 00:12:26.613] [warning] Couldn't find file 'tibia_r.vtp'.
[2024-06-14 00:12:26.614] [warning] Couldn't find file 'fibula_r.vtp'.
[2024-06-14 00:12:26.614] [warning] Couldn't find file 'talus_rv.vtp'.
[2024-06-14 00:12:26.614] [warning] Couldn't find file 'foot.vtp'.
[2024-06-14 00:12:26.614] [warning] Couldn't find file 'bofoot.vtp'.
[2024-06-14 00:12:26.615] [warning] Couldn't find file 'femur_l.vtp'.
[2024-06-14 00:12:26.615] [warning] Couldn't find file 'l_patella.vtp'.
[2024-06-14 00:12:26.615] [warning] Couldn't find file 'tibia_l.vtp'.
[2024-06-14 00:12:26.615] [warning] Couldn't find file 'fibula_l.vtp'.
[2024-06-14 00:12:26.615] [warning] Couldn't find file 'talus_lv.vtp'.
[2024-06-14 00:12:26.615] [warning] Couldn't find file 'l_foot.vtp'.
[2024-06-14 00:12:26.616] [warning] Couldn't find file 'l_bofoot.vtp'.
[2024-06-14 00:12:26.616] [warning] Couldn't find file 'lumbar5.vtp'.
[2024-06-14 00:12:26.616] [warning] Couldn't find file 'lumbar4.vtp'.
[2024-06-14 00:12:26.616] [warning] Couldn't find file 'lumbar3.vtp'.
[2024-06-14 00:12:26.616] [warning] Couldn't find file 'lumbar2.vtp'.
[2024-06-14 00:12:26.616] [warning] Couldn't find file 'lumbar1.vtp'.
[2024-06-14 00:12:26.617] [warning] Couldn't find file 'cerv1sm.vtp'.
[2024-06-14 00:12:26.617] [warning] Couldn't find file 'cerv2sm.vtp'.
[2024-06-14 00:12:26.617] [warning] Couldn't find file 'cerv3sm.vtp'.
[2024-06-14 00:12:26.617] [warning] Couldn't find file 'cerv4sm.vtp'.
[2024-06-14 00:12:26.617] [warning] Couldn't find file 'cerv5sm.vtp'.
[2024-06-14 00:12:26.618] [warning] Couldn't find file 'cerv6sm.vtp'.
[2024-06-14 00:12:26.618] [warning] Couldn't find file 'cerv7.vtp'.
[2024-06-14 00:12:26.618] [warning] Couldn't find file 'thoracic12_s.vtp'.
[2024-06-14 00:12:26.618] [warning] Couldn't find file 'thoracic11_s.vtp'.
[2024-06-14 00:12:26.618] [warning] Couldn't find file 'thoracic10_s.vtp'.
[2024-06-14 00:12:26.618] [warning] Couldn't find file 'thoracic9_s.vtp'.
[2024-06-14 00:12:26.618] [warning] Couldn't find file 'thoracic8_s.vtp'.
[2024-06-14 00:12:26.619] [warning] Couldn't find file 'thoracic7_s.vtp'.
[2024-06-14 00:12:26.619] [warning] Couldn't find file 'thoracic6_s.vtp'.
[2024-06-14 00:12:26.619] [warning] Couldn't find file 'thoracic5_s.vtp'.
[2024-06-14 00:12:26.619] [warning] Couldn't find file 'thoracic4_s.vtp'.
[2024-06-14 00:12:26.620] [warning] Couldn't find file 'thoracic3_s.vtp'.
[2024-06-14 00:12:26.621] [warning] Couldn't find file 'thoracic2_s.vtp'.
[2024-06-14 00:12:26.621] [warning] Couldn't find file 'thoracic1_s.vtp'.
[2024-06-14 00:12:26.621] [warning] Couldn't find file 'hat_ribs_scap.vtp'.
[2024-06-14 00:12:26.622] [warning] Couldn't find file 'hat_jaw.vtp'.
[2024-06-14 00:12:26.622] [warning] Couldn't find file 'hat_skull.vtp'.
[2024-06-14 00:12:26.622] [warning] Couldn't find file 'humerus_rv.vtp'.
[2024-06-14 00:12:26.622] [warning] Couldn't find file 'ulna_rv.vtp'.
[2024-06-14 00:12:26.623] [warning] Couldn't find file 'radius_rv.vtp'.
[2024-06-14 00:12:26.623] [warning] Couldn't find file 'pisiform_rvs.vtp'.
[2024-06-14 00:12:26.623] [warning] Couldn't find file 'lunate_rvs.vtp'.
[2024-06-14 00:12:26.623] [warning] Couldn't find file 'scaphoid_rvs.vtp'.
[2024-06-14 00:12:26.624] [warning] Couldn't find file 'triquetrum_rvs.vtp'.
[2024-06-14 00:12:26.624] [warning] Couldn't find file 'hamate_rvs.vtp'.
[2024-06-14 00:12:26.624] [warning] Couldn't find file 'capitate_rvs.vtp'.
[2024-06-14 00:12:26.624] [warning] Couldn't find file 'trapezoid_rvs.vtp'.
[2024-06-14 00:12:26.624] [warning] Couldn't find file 'trapezium_rvs.vtp'.
[2024-06-14 00:12:26.624] [warning] Couldn't find file 'metacarpal2_rvs.vtp'.
[2024-06-14 00:12:26.625] [warning] Couldn't find file 'index_proximal_rvs.vtp'.
[2024-06-14 00:12:26.625] [warning] Couldn't find file 'index_medial_rvs.vtp'.
[2024-06-14 00:12:26.625] [warning] Couldn't find file 'index_distal_rvs.vtp'.
[2024-06-14 00:12:26.625] [warning] Couldn't find file 'metacarpal3_rvs.vtp'.
[2024-06-14 00:12:26.625] [warning] Couldn't find file 'middle_proximal_rvs.vtp'.
[2024-06-14 00:12:26.625] [warning] Couldn't find file 'middle_medial_rvs.vtp'.
[2024-06-14 00:12:26.625] [warning] Couldn't find file 'middle_distal_rvs.vtp'.
[2024-06-14 00:12:26.625] [warning] Couldn't find file 'metacarpal4_rvs.vtp'.
[2024-06-14 00:12:26.626] [warning] Couldn't find file 'ring_proximal_rvs.vtp'.
[2024-06-14 00:12:26.626] [warning] Couldn't find file 'ring_medial_rvs.vtp'.
[2024-06-14 00:12:26.626] [warning] Couldn't find file 'ring_distal_rvs.vtp'.
[2024-06-14 00:12:26.626] [warning] Couldn't find file 'metacarpal5_rvs.vtp'.
[2024-06-14 00:12:26.626] [warning] Couldn't find file 'little_proximal_rvs.vtp'.
[2024-06-14 00:12:26.627] [warning] Couldn't find file 'little_medial_rvs.vtp'.
[2024-06-14 00:12:26.627] [warning] Couldn't find file 'little_distal_rvs.vtp'.
[2024-06-14 00:12:26.627] [warning] Couldn't find file 'metacarpal1_rvs.vtp'.
[2024-06-14 00:12:26.627] [warning] Couldn't find file 'thumb_proximal_rvs.vtp'.
[2024-06-14 00:12:26.627] [warning] Couldn't find file 'thumb_distal_rvs.vtp'.
[2024-06-14 00:12:26.628] [warning] Couldn't find file 'humerus_lv.vtp'.
[2024-06-14 00:12:26.628] [warning] Couldn't find file 'ulna_lv.vtp'.
[2024-06-14 00:12:26.628] [warning] Couldn't find file 'radius_lv.vtp'.
[2024-06-14 00:12:26.629] [warning] Couldn't find file 'pisiform_lvs.vtp'.
[2024-06-14 00:12:26.629] [warning] Couldn't find file 'lunate_lvs.vtp'.
[2024-06-14 00:12:26.629] [warning] Couldn't find file 'scaphoid_lvs.vtp'.
[2024-06-14 00:12:26.629] [warning] Couldn't find file 'triquetrum_lvs.vtp'.
[2024-06-14 00:12:26.629] [warning] Couldn't find file 'hamate_lvs.vtp'.
[2024-06-14 00:12:26.629] [warning] Couldn't find file 'capitate_lvs.vtp'.
[2024-06-14 00:12:26.629] [warning] Couldn't find file 'trapezoid_lvs.vtp'.
[2024-06-14 00:12:26.630] [warning] Couldn't find file 'trapezium_lvs.vtp'.
[2024-06-14 00:12:26.630] [warning] Couldn't find file 'metacarpal2_lvs.vtp'.
[2024-06-14 00:12:26.631] [warning] Couldn't find file 'index_proximal_lvs.vtp'.
[2024-06-14 00:12:26.631] [warning] Couldn't find file 'index_medial_lvs.vtp'.
[2024-06-14 00:12:26.632] [warning] Couldn't find file 'index_distal_lvs.vtp'.
[2024-06-14 00:12:26.632] [warning] Couldn't find file 'metacarpal3_lvs.vtp'.
[2024-06-14 00:12:26.632] [warning] Couldn't find file 'middle_proximal_lvs.vtp'.
[2024-06-14 00:12:26.637] [warning] Couldn't find file 'middle_medial_lvs.vtp'.
[2024-06-14 00:12:26.638] [warning] Couldn't find file 'middle_distal_lvs.vtp'.
[2024-06-14 00:12:26.638] [warning] Couldn't find file 'metacarpal4_lvs.vtp'.
[2024-06-14 00:12:26.638] [warning] Couldn't find file 'ring_proximal_lvs.vtp'.
[2024-06-14 00:12:26.638] [warning] Couldn't find file 'ring_medial_lvs.vtp'.
[2024-06-14 00:12:26.641] [warning] Couldn't find file 'ring_distal_lvs.vtp'.
[2024-06-14 00:12:26.642] [warning] Couldn't find file 'metacarpal5_lvs.vtp'.
[2024-06-14 00:12:26.642] [warning] Couldn't find file 'little_proximal_lvs.vtp'.
[2024-06-14 00:12:26.642] [warning] Couldn't find file 'little_medial_lvs.vtp'.
[2024-06-14 00:12:26.643] [warning] Couldn't find file 'little_distal_lvs.vtp'.
[2024-06-14 00:12:26.644] [warning] Couldn't find file 'metacarpal1_lvs.vtp'.
[2024-06-14 00:12:26.644] [warning] Couldn't find file 'thumb_proximal_lvs.vtp'.
[2024-06-14 00:12:26.644] [warning] Couldn't find file 'thumb_distal_lvs.vtp'.
[2024-06-14 00:12:27.419] [warning] Coordinate.setValue:  coordinate mtp_angle_r is locked. Unable to change its value.
[2024-06-14 00:12:27.419] [warning] Coordinate.setValue:  coordinate mtp_angle_l is locked. Unable to change its value.
[2024-06-14 00:12:27.419] [warning] Coordinate.setValue:  coordinate Abs_t1 is locked. Unable to change its value.
[2024-06-14 00:12:27.419] [warning] Coordinate.setValue:  coordinate Abs_t2 is locked. Unable to change its value.
[2024-06-14 00:19:23.412] [info] Updating Model file from 40000 to latest format...
[2024-06-14 00:19:23.426] [info] Loaded model Pose2Sim_scaled from file C:/Users/Hermes/Desktop/NTKCAP/Patient_data/Patient_ID/2024_05_07/2024_06_02_14_47_calculated/Walk1\opensim\Model_Pose2Sim_Halpe26_scaled.osim
[2024-06-14 00:19:23.427] [warning] Couldn't find file 'r_pelvis.vtp'.
[2024-06-14 00:19:23.427] [warning] Couldn't find file 'l_pelvis.vtp'.
[2024-06-14 00:19:23.428] [warning] Couldn't find file 'sacrum.vtp'.
[2024-06-14 00:19:23.428] [warning] Couldn't find file 'femur_r.vtp'.
[2024-06-14 00:19:23.428] [warning] Couldn't find file 'r_patella.vtp'.
[2024-06-14 00:19:23.429] [warning] Couldn't find file 'tibia_r.vtp'.
[2024-06-14 00:19:23.429] [warning] Couldn't find file 'fibula_r.vtp'.
[2024-06-14 00:19:23.429] [warning] Couldn't find file 'talus_rv.vtp'.
[2024-06-14 00:19:23.429] [warning] Couldn't find file 'foot.vtp'.
[2024-06-14 00:19:23.430] [warning] Couldn't find file 'bofoot.vtp'.
[2024-06-14 00:19:23.430] [warning] Couldn't find file 'femur_l.vtp'.
[2024-06-14 00:19:23.430] [warning] Couldn't find file 'l_patella.vtp'.
[2024-06-14 00:19:23.430] [warning] Couldn't find file 'tibia_l.vtp'.
[2024-06-14 00:19:23.430] [warning] Couldn't find file 'fibula_l.vtp'.
[2024-06-14 00:19:23.431] [warning] Couldn't find file 'talus_lv.vtp'.
[2024-06-14 00:19:23.431] [warning] Couldn't find file 'l_foot.vtp'.
[2024-06-14 00:19:23.431] [warning] Couldn't find file 'l_bofoot.vtp'.
[2024-06-14 00:19:23.432] [warning] Couldn't find file 'lumbar5.vtp'.
[2024-06-14 00:19:23.432] [warning] Couldn't find file 'lumbar4.vtp'.
[2024-06-14 00:19:23.432] [warning] Couldn't find file 'lumbar3.vtp'.
[2024-06-14 00:19:23.432] [warning] Couldn't find file 'lumbar2.vtp'.
[2024-06-14 00:19:23.433] [warning] Couldn't find file 'lumbar1.vtp'.
[2024-06-14 00:19:23.433] [warning] Couldn't find file 'cerv1sm.vtp'.
[2024-06-14 00:19:23.433] [warning] Couldn't find file 'cerv2sm.vtp'.
[2024-06-14 00:19:23.433] [warning] Couldn't find file 'cerv3sm.vtp'.
[2024-06-14 00:19:23.434] [warning] Couldn't find file 'cerv4sm.vtp'.
[2024-06-14 00:19:23.434] [warning] Couldn't find file 'cerv5sm.vtp'.
[2024-06-14 00:19:23.434] [warning] Couldn't find file 'cerv6sm.vtp'.
[2024-06-14 00:19:23.434] [warning] Couldn't find file 'cerv7.vtp'.
[2024-06-14 00:19:23.434] [warning] Couldn't find file 'thoracic12_s.vtp'.
[2024-06-14 00:19:23.434] [warning] Couldn't find file 'thoracic11_s.vtp'.
[2024-06-14 00:19:23.435] [warning] Couldn't find file 'thoracic10_s.vtp'.
[2024-06-14 00:19:23.435] [warning] Couldn't find file 'thoracic9_s.vtp'.
[2024-06-14 00:19:23.435] [warning] Couldn't find file 'thoracic8_s.vtp'.
[2024-06-14 00:19:23.435] [warning] Couldn't find file 'thoracic7_s.vtp'.
[2024-06-14 00:19:23.435] [warning] Couldn't find file 'thoracic6_s.vtp'.
[2024-06-14 00:19:23.435] [warning] Couldn't find file 'thoracic5_s.vtp'.
[2024-06-14 00:19:23.436] [warning] Couldn't find file 'thoracic4_s.vtp'.
[2024-06-14 00:19:23.436] [warning] Couldn't find file 'thoracic3_s.vtp'.
[2024-06-14 00:19:23.436] [warning] Couldn't find file 'thoracic2_s.vtp'.
[2024-06-14 00:19:23.436] [warning] Couldn't find file 'thoracic1_s.vtp'.
[2024-06-14 00:19:23.436] [warning] Couldn't find file 'hat_ribs_scap.vtp'.
[2024-06-14 00:19:23.437] [warning] Couldn't find file 'hat_jaw.vtp'.
[2024-06-14 00:19:23.437] [warning] Couldn't find file 'hat_skull.vtp'.
[2024-06-14 00:19:23.437] [warning] Couldn't find file 'humerus_rv.vtp'.
[2024-06-14 00:19:23.437] [warning] Couldn't find file 'ulna_rv.vtp'.
[2024-06-14 00:19:23.437] [warning] Couldn't find file 'radius_rv.vtp'.
[2024-06-14 00:19:23.437] [warning] Couldn't find file 'pisiform_rvs.vtp'.
[2024-06-14 00:19:23.438] [warning] Couldn't find file 'lunate_rvs.vtp'.
[2024-06-14 00:19:23.438] [warning] Couldn't find file 'scaphoid_rvs.vtp'.
[2024-06-14 00:19:23.438] [warning] Couldn't find file 'triquetrum_rvs.vtp'.
[2024-06-14 00:19:23.438] [warning] Couldn't find file 'hamate_rvs.vtp'.
[2024-06-14 00:19:23.438] [warning] Couldn't find file 'capitate_rvs.vtp'.
[2024-06-14 00:19:23.438] [warning] Couldn't find file 'trapezoid_rvs.vtp'.
[2024-06-14 00:19:23.439] [warning] Couldn't find file 'trapezium_rvs.vtp'.
[2024-06-14 00:19:23.439] [warning] Couldn't find file 'metacarpal2_rvs.vtp'.
[2024-06-14 00:19:23.439] [warning] Couldn't find file 'index_proximal_rvs.vtp'.
[2024-06-14 00:19:23.439] [warning] Couldn't find file 'index_medial_rvs.vtp'.
[2024-06-14 00:19:23.439] [warning] Couldn't find file 'index_distal_rvs.vtp'.
[2024-06-14 00:19:23.439] [warning] Couldn't find file 'metacarpal3_rvs.vtp'.
[2024-06-14 00:19:23.439] [warning] Couldn't find file 'middle_proximal_rvs.vtp'.
[2024-06-14 00:19:23.440] [warning] Couldn't find file 'middle_medial_rvs.vtp'.
[2024-06-14 00:19:23.440] [warning] Couldn't find file 'middle_distal_rvs.vtp'.
[2024-06-14 00:19:23.440] [warning] Couldn't find file 'metacarpal4_rvs.vtp'.
[2024-06-14 00:19:23.440] [warning] Couldn't find file 'ring_proximal_rvs.vtp'.
[2024-06-14 00:19:23.440] [warning] Couldn't find file 'ring_medial_rvs.vtp'.
[2024-06-14 00:19:23.441] [warning] Couldn't find file 'ring_distal_rvs.vtp'.
[2024-06-14 00:19:23.441] [warning] Couldn't find file 'metacarpal5_rvs.vtp'.
[2024-06-14 00:19:23.441] [warning] Couldn't find file 'little_proximal_rvs.vtp'.
[2024-06-14 00:19:23.441] [warning] Couldn't find file 'little_medial_rvs.vtp'.
[2024-06-14 00:19:23.442] [warning] Couldn't find file 'little_distal_rvs.vtp'.
[2024-06-14 00:19:23.442] [warning] Couldn't find file 'metacarpal1_rvs.vtp'.
[2024-06-14 00:19:23.442] [warning] Couldn't find file 'thumb_proximal_rvs.vtp'.
[2024-06-14 00:19:23.442] [warning] Couldn't find file 'thumb_distal_rvs.vtp'.
[2024-06-14 00:19:23.442] [warning] Couldn't find file 'humerus_lv.vtp'.
[2024-06-14 00:19:23.442] [warning] Couldn't find file 'ulna_lv.vtp'.
[2024-06-14 00:19:23.443] [warning] Couldn't find file 'radius_lv.vtp'.
[2024-06-14 00:19:23.443] [warning] Couldn't find file 'pisiform_lvs.vtp'.
[2024-06-14 00:19:23.443] [warning] Couldn't find file 'lunate_lvs.vtp'.
[2024-06-14 00:19:23.443] [warning] Couldn't find file 'scaphoid_lvs.vtp'.
[2024-06-14 00:19:23.443] [warning] Couldn't find file 'triquetrum_lvs.vtp'.
[2024-06-14 00:19:23.443] [warning] Couldn't find file 'hamate_lvs.vtp'.
[2024-06-14 00:19:23.443] [warning] Couldn't find file 'capitate_lvs.vtp'.
[2024-06-14 00:19:23.444] [warning] Couldn't find file 'trapezoid_lvs.vtp'.
[2024-06-14 00:19:23.444] [warning] Couldn't find file 'trapezium_lvs.vtp'.
[2024-06-14 00:19:23.444] [warning] Couldn't find file 'metacarpal2_lvs.vtp'.
[2024-06-14 00:19:23.444] [warning] Couldn't find file 'index_proximal_lvs.vtp'.
[2024-06-14 00:19:23.444] [warning] Couldn't find file 'index_medial_lvs.vtp'.
[2024-06-14 00:19:23.444] [warning] Couldn't find file 'index_distal_lvs.vtp'.
[2024-06-14 00:19:23.445] [warning] Couldn't find file 'metacarpal3_lvs.vtp'.
[2024-06-14 00:19:23.445] [warning] Couldn't find file 'middle_proximal_lvs.vtp'.
[2024-06-14 00:19:23.445] [warning] Couldn't find file 'middle_medial_lvs.vtp'.
[2024-06-14 00:19:23.445] [warning] Couldn't find file 'middle_distal_lvs.vtp'.
[2024-06-14 00:19:23.446] [warning] Couldn't find file 'metacarpal4_lvs.vtp'.
[2024-06-14 00:19:23.446] [warning] Couldn't find file 'ring_proximal_lvs.vtp'.
[2024-06-14 00:19:23.446] [warning] Couldn't find file 'ring_medial_lvs.vtp'.
[2024-06-14 00:19:23.447] [warning] Couldn't find file 'ring_distal_lvs.vtp'.
[2024-06-14 00:19:23.447] [warning] Couldn't find file 'metacarpal5_lvs.vtp'.
[2024-06-14 00:19:23.447] [warning] Couldn't find file 'little_proximal_lvs.vtp'.
[2024-06-14 00:19:23.447] [warning] Couldn't find file 'little_medial_lvs.vtp'.
[2024-06-14 00:19:23.448] [warning] Couldn't find file 'little_distal_lvs.vtp'.
[2024-06-14 00:19:23.448] [warning] Couldn't find file 'metacarpal1_lvs.vtp'.
[2024-06-14 00:19:23.448] [warning] Couldn't find file 'thumb_proximal_lvs.vtp'.
[2024-06-14 00:19:23.448] [warning] Couldn't find file 'thumb_distal_lvs.vtp'.
[2024-06-14 00:19:23.590] [warning] Coordinate.setValue:  coordinate mtp_angle_r is locked. Unable to change its value.
[2024-06-14 00:19:23.591] [warning] Coordinate.setValue:  coordinate mtp_angle_l is locked. Unable to change its value.
[2024-06-14 00:19:23.591] [warning] Coordinate.setValue:  coordinate Abs_t1 is locked. Unable to change its value.
[2024-06-14 00:19:23.591] [warning] Coordinate.setValue:  coordinate Abs_t2 is locked. Unable to change its value.
